[1.079s] Traceback (most recent call last):
  File "/usr/lib/python3/dist-packages/colcon_parallel_executor/executor/parallel.py", line 75, in execute
    loop.run_until_complete(future)
  File "/usr/lib/python3.12/asyncio/base_events.py", line 674, in run_until_complete
    self.run_forever()
  File "/usr/lib/python3.12/asyncio/base_events.py", line 641, in run_forever
    self._run_once()
  File "/usr/lib/python3.12/asyncio/base_events.py", line 1949, in _run_once
    event_list = self._selector.select(timeout)
                 ^^^^^^^^^^^^^^^^^^^^^^^^^^^^^^
  File "/usr/lib/python3.12/selectors.py", line 468, in select
    fd_event_list = self._selector.poll(timeout, max_ev)
                    ^^^^^^^^^^^^^^^^^^^^^^^^^^^^^^^^^^^^
KeyboardInterrupt

During handling of the above exception, another exception occurred:

Traceback (most recent call last):
  File "/usr/lib/python3/dist-packages/colcon_core/executor/__init__.py", line 91, in __call__
    rc = await self.task(*args, **kwargs)
         ^^^^^^^^^^^^^^^^^^^^^^^^^^^^^^^^
  File "/usr/lib/python3/dist-packages/colcon_core/task/__init__.py", line 93, in __call__
    return await task_method(*args, **kwargs)
           ^^^^^^^^^^^^^^^^^^^^^^^^^^^^^^^^^^
  File "/usr/lib/python3/dist-packages/colcon_ros/task/ament_python/build.py", line 102, in build
    return await extension.build(additional_hooks=additional_hooks)
           ^^^^^^^^^^^^^^^^^^^^^^^^^^^^^^^^^^^^^^^^^^^^^^^^^^^^^^^^
  File "/usr/lib/python3/dist-packages/colcon_core/task/python/build.py", line 96, in build
    available_commands = await self._get_available_commands(
                         ^^^^^^^^^^^^^^^^^^^^^^^^^^^^^^^^^^^
  File "/usr/lib/python3/dist-packages/colcon_core/task/python/build.py", line 194, in _get_available_commands
    output = await check_output(
             ^^^^^^^^^^^^^^^^^^^
  File "/usr/lib/python3/dist-packages/colcon_core/subprocess.py", line 129, in check_output
    assert not rc, f'Expected {args} to pass: {stderr_data}'
           ^^^^^^
AssertionError: Expected ['/usr/bin/python3', '-W', 'ignore:setup.py install is deprecated', '-W', 'ignore:easy_install command is deprecated', 'setup.py', '--help-commands'] to pass: Traceback (most recent call last):
  File "/home/thomas/MobileRobot/ws_new/src/navigation/setup.py", line 1, in <module>
    from setuptools import setup
  File "/usr/lib/python3/dist-packages/setuptools/__init__.py", line 17, in <module>
    from setuptools.dist import Distribution
  File "/usr/lib/python3/dist-packages/setuptools/dist.py", line 37, in <module>
    from setuptools.config import setupcfg, pyprojecttoml
  File "/usr/lib/python3/dist-packages/setuptools/config/__init__.py", line 8, in <module>
    from . import setupcfg
  File "/usr/lib/python3/dist-packages/setuptools/config/setupcfg.py", line 33, in <module>
    from ..extern.packaging.markers import default_environment as marker_env
  File "/usr/lib/python3/dist-packages/setuptools/_vendor/packaging/markers.py", line 11, in <module>
    from ._parser import (
  File "/usr/lib/python3/dist-packages/setuptools/_vendor/packaging/_parser.py", line 10, in <module>
    from ._tokenizer import DEFAULT_RULES, Tokenizer
  File "/usr/lib/python3/dist-packages/setuptools/_vendor/packaging/_tokenizer.py", line 6, in <module>
    from .specifiers import Specifier
  File "/usr/lib/python3/dist-packages/setuptools/_vendor/packaging/specifiers.py", line 26, in <module>
    from .utils import canonicalize_version
  File "/usr/lib/python3/dist-packages/setuptools/_vendor/packaging/utils.py", line 9, in <module>
    from .version import InvalidVersion, Version
  File "/usr/lib/python3/dist-packages/setuptools/_vendor/packaging/version.py", line 157, in <module>
    class Version(_BaseVersion):
  File "/usr/lib/python3/dist-packages/setuptools/_vendor/packaging/version.py", line 181, in Version
    _regex = re.compile(r"^\s*" + VERSION_PATTERN + r"\s*$", re.VERBOSE | re.IGNORECASE)
             ^^^^^^^^^^^^^^^^^^^^^^^^^^^^^^^^^^^^^^^^^^^^^^^^^^^^^^^^^^^^^^^^^^^^^^^^^^^
  File "/usr/lib/python3.12/re/__init__.py", line 228, in compile
    return _compile(pattern, flags)
           ^^^^^^^^^^^^^^^^^^^^^^^^
  File "/usr/lib/python3.12/re/__init__.py", line 307, in _compile
    p = _compiler.compile(pattern, flags)
        ^^^^^^^^^^^^^^^^^^^^^^^^^^^^^^^^^
  File "/usr/lib/python3.12/re/_compiler.py", line 745, in compile
    p = _parser.parse(p, flags)
        ^^^^^^^^^^^^^^^^^^^^^^^
  File "/usr/lib/python3.12/re/_parser.py", line 979, in parse
    p = _parse_sub(source, state, flags & SRE_FLAG_VERBOSE, 0)
        ^^^^^^^^^^^^^^^^^^^^^^^^^^^^^^^^^^^^^^^^^^^^^^^^^^^^^^
  File "/usr/lib/python3.12/re/_parser.py", line 460, in _parse_sub
    itemsappend(_parse(source, state, verbose, nested + 1,
                ^^^^^^^^^^^^^^^^^^^^^^^^^^^^^^^^^^^^^^^^^^
  File "/usr/lib/python3.12/re/_parser.py", line 862, in _parse
    p = _parse_sub(source, state, sub_verbose, nested + 1)
        ^^^^^^^^^^^^^^^^^^^^^^^^^^^^^^^^^^^^^^^^^^^^^^^^^^
  File "/usr/lib/python3.12/re/_parser.py", line 460, in _parse_sub
    itemsappend(_parse(source, state, verbose, nested + 1,
                ^^^^^^^^^^^^^^^^^^^^^^^^^^^^^^^^^^^^^^^^^^
  File "/usr/lib/python3.12/re/_parser.py", line 862, in _parse
    p = _parse_sub(source, state, sub_verbose, nested + 1)
        ^^^^^^^^^^^^^^^^^^^^^^^^^^^^^^^^^^^^^^^^^^^^^^^^^^
  File "/usr/lib/python3.12/re/_parser.py", line 460, in _parse_sub
    itemsappend(_parse(source, state, verbose, nested + 1,
                ^^^^^^^^^^^^^^^^^^^^^^^^^^^^^^^^^^^^^^^^^^
  File "/usr/lib/python3.12/re/_parser.py", line 609, in _parse
    code2 = LITERAL, _ord(that)
                     ^^^^^^^^^^
KeyboardInterrupt

