[01m[K/home/thomas/MobileRobot/ws_new/src/ros-controls/ros2_controllers/ackermann_steering_controller/src/ackermann_steering_controller.cpp:[m[K In member function â€˜[01m[Kvirtual bool ackermann_steering_controller::AckermannSteeringController::[01;32m[Kupdate_odometry[m[K(const rclcpp::Duration&)[m[Kâ€™:
[01m[K/home/thomas/MobileRobot/ws_new/src/ros-controls/ros2_controllers/ackermann_steering_controller/src/ackermann_steering_controller.cpp:124:62:[m[K [01;35m[Kwarning: [m[Kâ€˜[01m[Kdouble hardware_interface::LoanedStateInterface::[01;32m[Kget_value[m[K() const[m[Kâ€™ is deprecated: Use std::optional<T> get_optional() instead to retrieve the value. This method will be removed by the ROS 2 Kilted Kaiju release. [[01;35m[K]8;;https://gcc.gnu.org/onlinedocs/gcc/Warning-Options.html#index-Wdeprecated-declarations-Wdeprecated-declarations]8;;[m[K]
  124 |       [01;35m[Kstate_interfaces_[STATE_TRACTION_RIGHT_WHEEL].get_value()[m[K;
      |       [01;35m[K~~~~~~~~~~~~~~~~~~~~~~~~~~~~~~~~~~~~~~~~~~~~~~~~~~~~~~~^~[m[K
In file included from [01m[K/home/thomas/MobileRobot/ws_new/install/controller_interface/include/controller_interface/controller_interface/controller_interface_base.hpp:28[m[K,
                 from [01m[K/home/thomas/MobileRobot/ws_new/install/controller_interface/include/controller_interface/controller_interface/chainable_controller_interface.hpp:23[m[K,
                 from [01m[K/home/thomas/MobileRobot/ws_new/src/ros-controls/ros2_controllers/steering_controllers_library/include/steering_controllers_library/steering_controllers_library.hpp:23[m[K,
                 from [01m[K/home/thomas/MobileRobot/ws_new/src/ros-controls/ros2_controllers/ackermann_steering_controller/include/ackermann_steering_controller/ackermann_steering_controller.hpp:24[m[K,
                 from [01m[K/home/thomas/MobileRobot/ws_new/src/ros-controls/ros2_controllers/ackermann_steering_controller/src/ackermann_steering_controller.cpp:17[m[K:
[01m[K/home/thomas/MobileRobot/ws_new/install/hardware_interface/include/hardware_interface/hardware_interface/loaned_state_interface.hpp:94:10:[m[K [01;36m[Knote: [m[Kdeclared here
   94 |   double [01;36m[Kget_value[m[K() const
      |          [01;36m[K^~~~~~~~~[m[K
[01m[K/home/thomas/MobileRobot/ws_new/src/ros-controls/ros2_controllers/ackermann_steering_controller/src/ackermann_steering_controller.cpp:126:61:[m[K [01;35m[Kwarning: [m[Kâ€˜[01m[Kdouble hardware_interface::LoanedStateInterface::[01;32m[Kget_value[m[K() const[m[Kâ€™ is deprecated: Use std::optional<T> get_optional() instead to retrieve the value. This method will be removed by the ROS 2 Kilted Kaiju release. [[01;35m[K]8;;https://gcc.gnu.org/onlinedocs/gcc/Warning-Options.html#index-Wdeprecated-declarations-Wdeprecated-declarations]8;;[m[K]
  126 |       [01;35m[Kstate_interfaces_[STATE_TRACTION_LEFT_WHEEL].get_value()[m[K;
      |       [01;35m[K~~~~~~~~~~~~~~~~~~~~~~~~~~~~~~~~~~~~~~~~~~~~~~~~~~~~~~^~[m[K
[01m[K/home/thomas/MobileRobot/ws_new/install/hardware_interface/include/hardware_interface/hardware_interface/loaned_state_interface.hpp:94:10:[m[K [01;36m[Knote: [m[Kdeclared here
   94 |   double [01;36m[Kget_value[m[K() const
      |          [01;36m[K^~~~~~~~~[m[K
[01m[K/home/thomas/MobileRobot/ws_new/src/ros-controls/ros2_controllers/ackermann_steering_controller/src/ackermann_steering_controller.cpp:127:96:[m[K [01;35m[Kwarning: [m[Kâ€˜[01m[Kdouble hardware_interface::LoanedStateInterface::[01;32m[Kget_value[m[K() const[m[Kâ€™ is deprecated: Use std::optional<T> get_optional() instead to retrieve the value. This method will be removed by the ROS 2 Kilted Kaiju release. [[01;35m[K]8;;https://gcc.gnu.org/onlinedocs/gcc/Warning-Options.html#index-Wdeprecated-declarations-Wdeprecated-declarations]8;;[m[K]
  127 |     const double steering_right_position = [01;35m[Kstate_interfaces_[STATE_STEER_RIGHT_WHEEL].get_value()[m[K;
      |                                            [01;35m[K~~~~~~~~~~~~~~~~~~~~~~~~~~~~~~~~~~~~~~~~~~~~~~~~~~~~^~[m[K
[01m[K/home/thomas/MobileRobot/ws_new/install/hardware_interface/include/hardware_interface/hardware_interface/loaned_state_interface.hpp:94:10:[m[K [01;36m[Knote: [m[Kdeclared here
   94 |   double [01;36m[Kget_value[m[K() const
      |          [01;36m[K^~~~~~~~~[m[K
[01m[K/home/thomas/MobileRobot/ws_new/src/ros-controls/ros2_controllers/ackermann_steering_controller/src/ackermann_steering_controller.cpp:128:94:[m[K [01;35m[Kwarning: [m[Kâ€˜[01m[Kdouble hardware_interface::LoanedStateInterface::[01;32m[Kget_value[m[K() const[m[Kâ€™ is deprecated: Use std::optional<T> get_optional() instead to retrieve the value. This method will be removed by the ROS 2 Kilted Kaiju release. [[01;35m[K]8;;https://gcc.gnu.org/onlinedocs/gcc/Warning-Options.html#index-Wdeprecated-declarations-Wdeprecated-declarations]8;;[m[K]
  128 |     const double steering_left_position = [01;35m[Kstate_interfaces_[STATE_STEER_LEFT_WHEEL].get_value()[m[K;
      |                                           [01;35m[K~~~~~~~~~~~~~~~~~~~~~~~~~~~~~~~~~~~~~~~~~~~~~~~~~~~^~[m[K
[01m[K/home/thomas/MobileRobot/ws_new/install/hardware_interface/include/hardware_interface/hardware_interface/loaned_state_interface.hpp:94:10:[m[K [01;36m[Knote: [m[Kdeclared here
   94 |   double [01;36m[Kget_value[m[K() const
      |          [01;36m[K^~~~~~~~~[m[K
In file included from [01m[K/opt/ros/jazzy/src/gtest_vendor/include/gtest/gtest.h:72[m[K,
                 from [01m[K/opt/ros/jazzy/src/gmock_vendor/include/gmock/internal/gmock-internal-utils.h:50[m[K,
                 from [01m[K/opt/ros/jazzy/src/gmock_vendor/include/gmock/gmock-actions.h:145[m[K,
                 from [01m[K/opt/ros/jazzy/src/gmock_vendor/include/gmock/gmock.h:56[m[K,
                 from [01m[K/home/thomas/MobileRobot/ws_new/src/ros-controls/ros2_controllers/ackermann_steering_controller/test/test_ackermann_steering_controller.hpp:18[m[K,
                 from [01m[K/home/thomas/MobileRobot/ws_new/src/ros-controls/ros2_controllers/ackermann_steering_controller/test/test_ackermann_steering_controller_preceding.cpp:20[m[K:
[01m[K/home/thomas/MobileRobot/ws_new/src/ros-controls/ros2_controllers/ackermann_steering_controller/test/test_ackermann_steering_controller_preceding.cpp:[m[K In member function â€˜[01m[Kvirtual void AckermannSteeringControllerTest_all_parameters_set_configure_success_Test::[01;32m[KTestBody[m[K()[m[Kâ€™:
[01m[K/home/thomas/MobileRobot/ws_new/src/ros-controls/ros2_controllers/ackermann_steering_controller/test/test_ackermann_steering_controller_preceding.cpp:34:26:[m[K [01;31m[Kerror: [m[Kâ€˜[01m[Kstruct steering_controllers_library::Params[m[Kâ€™ has no member named â€˜[01m[Ktraction_joints_names[m[Kâ€™
   34 |     controller_->params_.[01;31m[Ktraction_joints_names[m[K,
      |                          [01;31m[K^~~~~~~~~~~~~~~~~~~~~[m[K
[01m[K/opt/ros/jazzy/src/gtest_vendor/include/gtest/gtest_pred_impl.h:79:52:[m[K [01;36m[Knote: [m[Kin definition of macro â€˜[01m[KGTEST_ASSERT_[m[Kâ€™
   79 |   if (const ::testing::AssertionResult gtest_ar = ([01;36m[Kexpression[m[K)) \
      |                                                    [01;36m[K^~~~~~~~~~[m[K
[01m[K/opt/ros/jazzy/src/gtest_vendor/include/gtest/gtest_pred_impl.h:112:3:[m[K [01;36m[Knote: [m[Kin expansion of macro â€˜[01m[KGTEST_PRED_FORMAT1_[m[Kâ€™
  112 |   [01;36m[KGTEST_PRED_FORMAT1_[m[K(pred_format, v1, GTEST_FATAL_FAILURE_)
      |   [01;36m[K^~~~~~~~~~~~~~~~~~~[m[K
[01m[K/opt/ros/jazzy/src/gmock_vendor/include/gmock/gmock-matchers.h:5440:3:[m[K [01;36m[Knote: [m[Kin expansion of macro â€˜[01m[KASSERT_PRED_FORMAT1[m[Kâ€™
 5440 |   [01;36m[KASSERT_PRED_FORMAT1[m[K(              \
      |   [01;36m[K^~~~~~~~~~~~~~~~~~~[m[K
[01m[K/home/thomas/MobileRobot/ws_new/src/ros-controls/ros2_controllers/ackermann_steering_controller/test/test_ackermann_steering_controller_preceding.cpp:33:3:[m[K [01;36m[Knote: [m[Kin expansion of macro â€˜[01m[KASSERT_THAT[m[Kâ€™
   33 |   [01;36m[KASSERT_THAT[m[K(
      |   [01;36m[K^~~~~~~~~~~[m[K
[01m[K/home/thomas/MobileRobot/ws_new/src/ros-controls/ros2_controllers/ackermann_steering_controller/test/test_ackermann_steering_controller_preceding.cpp:37:26:[m[K [01;31m[Kerror: [m[Kâ€˜[01m[Kstruct steering_controllers_library::Params[m[Kâ€™ has no member named â€˜[01m[Ksteering_joints_names[m[Kâ€™
   37 |     controller_->params_.[01;31m[Ksteering_joints_names[m[K,
      |                          [01;31m[K^~~~~~~~~~~~~~~~~~~~~[m[K
[01m[K/opt/ros/jazzy/src/gtest_vendor/include/gtest/gtest_pred_impl.h:79:52:[m[K [01;36m[Knote: [m[Kin definition of macro â€˜[01m[KGTEST_ASSERT_[m[Kâ€™
   79 |   if (const ::testing::AssertionResult gtest_ar = ([01;36m[Kexpression[m[K)) \
      |                                                    [01;36m[K^~~~~~~~~~[m[K
[01m[K/opt/ros/jazzy/src/gtest_vendor/include/gtest/gtest_pred_impl.h:112:3:[m[K [01;36m[Knote: [m[Kin expansion of macro â€˜[01m[KGTEST_PRED_FORMAT1_[m[Kâ€™
  112 |   [01;36m[KGTEST_PRED_FORMAT1_[m[K(pred_format, v1, GTEST_FATAL_FAILURE_)
      |   [01;36m[K^~~~~~~~~~~~~~~~~~~[m[K
[01m[K/opt/ros/jazzy/src/gmock_vendor/include/gmock/gmock-matchers.h:5440:3:[m[K [01;36m[Knote: [m[Kin expansion of macro â€˜[01m[KASSERT_PRED_FORMAT1[m[Kâ€™
 5440 |   [01;36m[KASSERT_PRED_FORMAT1[m[K(              \
      |   [01;36m[K^~~~~~~~~~~~~~~~~~~[m[K
[01m[K/home/thomas/MobileRobot/ws_new/src/ros-controls/ros2_controllers/ackermann_steering_controller/test/test_ackermann_steering_controller_preceding.cpp:36:3:[m[K [01;36m[Knote: [m[Kin expansion of macro â€˜[01m[KASSERT_THAT[m[Kâ€™
   36 |   [01;36m[KASSERT_THAT[m[K(
      |   [01;36m[K^~~~~~~~~~~[m[K
gmake[2]: *** [CMakeFiles/test_ackermann_steering_controller_preceding.dir/build.make:76: CMakeFiles/test_ackermann_steering_controller_preceding.dir/test/test_ackermann_steering_controller_preceding.cpp.o] Error 1
gmake[1]: *** [CMakeFiles/Makefile2:291: CMakeFiles/test_ackermann_steering_controller_preceding.dir/all] Error 2
gmake: *** [Makefile:146: all] Error 2
