[0.036s] Invoking command in '/home/thomas/MobileRobot/ws_new/build/my_kinematics_pkg': CMAKE_PREFIX_PATH=${CMAKE_PREFIX_PATH}:/home/thomas/MobileRobot/ws_new/install/publisher_subscriber:/home/thomas/MobileRobot/ws_new/install/navigation:/opt/ros/jazzy DEBUGINFOD_URLS=https://debuginfod.ubuntu.com /usr/bin/cmake --build /home/thomas/MobileRobot/ws_new/build/my_kinematics_pkg -- -j8 -l8
[0.413s] [ 50%] [32mBuilding CXX object CMakeFiles/kinematics_node.dir/src/kinematics_node.cpp.o[0m
[6.926s] [01m[K/home/thomas/MobileRobot/ws_new/src/my_kinematics_pkg/src/kinematics_node.cpp:[m[K In member function â€˜[01m[Kvoid KinematicsNode::[01;32m[Kcallback[m[K(sensor_msgs::msg::JointState_<std::allocator<void> >::SharedPtr)[m[Kâ€™:
[6.927s] [01m[K/home/thomas/MobileRobot/ws_new/src/my_kinematics_pkg/src/kinematics_node.cpp:86:17:[m[K [01;31m[Kerror: [m[Kexpected â€˜[01m[K;[m[Kâ€™ before â€˜[01m[K}[m[Kâ€™ token
[6.927s]    86 |                 [01;31m[K}[m[K
[6.927s]       |                 [01;31m[K^[m[K
[10.699s] gmake[2]: *** [CMakeFiles/kinematics_node.dir/build.make:76: CMakeFiles/kinematics_node.dir/src/kinematics_node.cpp.o] Error 1
[10.700s] gmake[1]: *** [CMakeFiles/Makefile2:137: CMakeFiles/kinematics_node.dir/all] Error 2
[10.700s] gmake: *** [Makefile:146: all] Error 2
[10.702s] Invoked command in '/home/thomas/MobileRobot/ws_new/build/my_kinematics_pkg' returned '2': CMAKE_PREFIX_PATH=${CMAKE_PREFIX_PATH}:/home/thomas/MobileRobot/ws_new/install/publisher_subscriber:/home/thomas/MobileRobot/ws_new/install/navigation:/opt/ros/jazzy DEBUGINFOD_URLS=https://debuginfod.ubuntu.com /usr/bin/cmake --build /home/thomas/MobileRobot/ws_new/build/my_kinematics_pkg -- -j8 -l8
