[0.150s] Invoking command in '/home/thomas/MobileRobot/ws_new/build/ackermann_steering_controller': AMENT_PREFIX_PATH=/home/thomas/MobileRobot/ws_new/install/steering_controllers_library:/home/thomas/MobileRobot/ws_new/install/controller_manager:/home/thomas/MobileRobot/ws_new/install/hardware_interface_testing:/home/thomas/MobileRobot/ws_new/install/controller_interface:/home/thomas/MobileRobot/ws_new/install/hardware_interface:/home/thomas/MobileRobot/ws_new/install/joint_limits:/home/thomas/MobileRobot/ws_new/install/realtime_tools:/home/thomas/MobileRobot/ws_new/install/ros2_control_test_assets:/home/thomas/MobileRobot/ws_new/install/ros2_control_cmake:/home/thomas/MobileRobot/ws_new/install/controller_manager_msgs:/home/thomas/MobileRobot/ws_new/install/control_msgs:${AMENT_PREFIX_PATH} CMAKE_PREFIX_PATH=/home/thomas/MobileRobot/ws_new/install/steering_controllers_library:/home/thomas/MobileRobot/ws_new/install/controller_manager:/home/thomas/MobileRobot/ws_new/install/hardware_interface_testing:/home/thomas/MobileRobot/ws_new/install/controller_interface:/home/thomas/MobileRobot/ws_new/install/hardware_interface:/home/thomas/MobileRobot/ws_new/install/joint_limits:/home/thomas/MobileRobot/ws_new/install/realtime_tools:/home/thomas/MobileRobot/ws_new/install/ros2_control_test_assets:/home/thomas/MobileRobot/ws_new/install/ros2_control_cmake:/home/thomas/MobileRobot/ws_new/install/controller_manager_msgs:/home/thomas/MobileRobot/ws_new/install/control_msgs:/home/thomas/MobileRobot/ws_new/install/my_kinematics_pkg:/home/thomas/MobileRobot/ws_new/install/mobile_robot:/home/thomas/MobileRobot/ws_new/install/backward:/opt/ros/jazzy/opt/gz_sim_vendor:/opt/ros/jazzy/opt/gz_sensors_vendor:/opt/ros/jazzy/opt/gz_physics_vendor:/opt/ros/jazzy/opt/sdformat_vendor:/opt/ros/jazzy/opt/gz_gui_vendor:/opt/ros/jazzy/opt/gz_transport_vendor:/opt/ros/jazzy/opt/gz_rendering_vendor:/opt/ros/jazzy/opt/gz_plugin_vendor:/opt/ros/jazzy/opt/gz_fuel_tools_vendor:/opt/ros/jazzy/opt/gz_msgs_vendor:/opt/ros/jazzy/opt/gz_common_vendor:/opt/ros/jazzy/opt/gz_math_vendor:/opt/ros/jazzy/opt/gz_utils_vendor:/opt/ros/jazzy/opt/gz_tools_vendor:/opt/ros/jazzy/opt/gz_ogre_next_vendor:/opt/ros/jazzy/opt/gz_dartsim_vendor:/opt/ros/jazzy/opt/gz_cmake_vendor:/home/thomas/dev_ws/install/basic_mobile_robot:/home/thomas/MobileRobot/ws_new/install/publisher_subscriber:/opt/ros/jazzy DEBUGINFOD_URLS=https://debuginfod.ubuntu.com LD_LIBRARY_PATH=/home/thomas/MobileRobot/ws_new/install/steering_controllers_library/lib:/home/thomas/MobileRobot/ws_new/install/controller_manager/lib:/home/thomas/MobileRobot/ws_new/install/hardware_interface_testing/lib:/home/thomas/MobileRobot/ws_new/install/controller_interface/lib:/home/thomas/MobileRobot/ws_new/install/hardware_interface/lib:/home/thomas/MobileRobot/ws_new/install/joint_limits/lib:/home/thomas/MobileRobot/ws_new/install/realtime_tools/lib:/home/thomas/MobileRobot/ws_new/install/ros2_control_test_assets/lib:/home/thomas/MobileRobot/ws_new/install/controller_manager_msgs/lib:/home/thomas/MobileRobot/ws_new/install/control_msgs/lib:${LD_LIBRARY_PATH} PYTHONPATH=/home/thomas/MobileRobot/ws_new/install/controller_manager/lib/python3.12/site-packages:/home/thomas/MobileRobot/ws_new/install/controller_manager_msgs/lib/python3.12/site-packages:/home/thomas/MobileRobot/ws_new/install/control_msgs/lib/python3.12/site-packages:${PYTHONPATH} /usr/bin/cmake /home/thomas/MobileRobot/ws_new/src/ros-controls/ros2_controllers/ackermann_steering_controller -DCMAKE_INSTALL_PREFIX=/home/thomas/MobileRobot/ws_new/install/ackermann_steering_controller
[0.999s] -- Found ros2_control_cmake: 0.1.1 (/home/thomas/MobileRobot/ws_new/install/ros2_control_cmake/share/ros2_control_cmake/cmake)
[1.000s] -- Compiler warnings enabled for GNU
[1.000s] -- Detected GCC Version: 13.3.0 (Major: 13, Minor: 3)
[1.000s] -- Found ament_cmake: 2.5.3 (/opt/ros/jazzy/share/ament_cmake/cmake)
[1.000s] -- Override CMake install command with custom implementation using symlinks instead of copying resources
[1.000s] -- Found controller_interface: 4.29.0 (/home/thomas/MobileRobot/ws_new/install/controller_interface/share/controller_interface/cmake)
[1.001s] -- Found rosidl_generator_c: 4.6.5 (/opt/ros/jazzy/share/rosidl_generator_c/cmake)
[1.001s] -- Found rosidl_generator_cpp: 4.6.5 (/opt/ros/jazzy/share/rosidl_generator_cpp/cmake)
[1.001s] -- Using all available rosidl_typesupport_c: rosidl_typesupport_fastrtps_c;rosidl_typesupport_introspection_c
[1.001s] -- Using all available rosidl_typesupport_cpp: rosidl_typesupport_fastrtps_cpp;rosidl_typesupport_introspection_cpp
[1.328s] -- Found TinyXML2 via Config file: /usr/lib/x86_64-linux-gnu/cmake/tinyxml2
[1.410s] -- Found rmw_implementation_cmake: 7.3.1 (/opt/ros/jazzy/share/rmw_implementation_cmake/cmake)
[1.411s] -- Found rmw_cyclonedds_cpp: 2.2.3 (/opt/ros/jazzy/share/rmw_cyclonedds_cpp/cmake)
[1.467s] -- Using RMW implementation 'rmw_cyclonedds_cpp' as default
[1.828s] -- Found generate_parameter_library: 0.4.0 (/opt/ros/jazzy/share/generate_parameter_library/cmake)
[1.832s] -- Found parameter_traits: 0.4.0 (/opt/ros/jazzy/share/parameter_traits/cmake)
[1.861s] -- Found std_srvs: 5.3.5 (/opt/ros/jazzy/share/std_srvs/cmake)
[1.914s] -- Found steering_controllers_library: 4.24.0 (/home/thomas/MobileRobot/ws_new/install/steering_controllers_library/share/steering_controllers_library/cmake)
[2.147s] -- Found eigen3_cmake_module: 0.3.0 (/opt/ros/jazzy/share/eigen3_cmake_module/cmake)
[2.150s] -- Ensuring Eigen3 include directory is part of orocos-kdl CMake target
[2.285s] -- Found ament_cmake_gmock: 2.5.3 (/opt/ros/jazzy/share/ament_cmake_gmock/cmake)
[2.285s] -- Found controller_manager: 4.29.0 (/home/thomas/MobileRobot/ws_new/install/controller_manager/share/controller_manager/cmake)
[2.484s] -- Found ros2_control_test_assets: 4.29.0 (/home/thomas/MobileRobot/ws_new/install/ros2_control_test_assets/share/ros2_control_test_assets/cmake)
[2.493s] -- Found gmock sources under '/opt/ros/jazzy/src/gmock_vendor': C++ tests using 'Google Mock' will be built
[2.493s] -- Found ament_cmake_gtest: 2.5.3 (/opt/ros/jazzy/share/ament_cmake_gtest/cmake)
[2.497s] -- Found gtest sources under '/opt/ros/jazzy/src/gtest_vendor': C++ tests using 'Google Test' will be built
[2.816s] -- Configuring done (2.6s)
[3.051s] -- Generating done (0.2s)
[3.131s] -- Build files have been written to: /home/thomas/MobileRobot/ws_new/build/ackermann_steering_controller
[3.169s] Invoked command in '/home/thomas/MobileRobot/ws_new/build/ackermann_steering_controller' returned '0': AMENT_PREFIX_PATH=/home/thomas/MobileRobot/ws_new/install/steering_controllers_library:/home/thomas/MobileRobot/ws_new/install/controller_manager:/home/thomas/MobileRobot/ws_new/install/hardware_interface_testing:/home/thomas/MobileRobot/ws_new/install/controller_interface:/home/thomas/MobileRobot/ws_new/install/hardware_interface:/home/thomas/MobileRobot/ws_new/install/joint_limits:/home/thomas/MobileRobot/ws_new/install/realtime_tools:/home/thomas/MobileRobot/ws_new/install/ros2_control_test_assets:/home/thomas/MobileRobot/ws_new/install/ros2_control_cmake:/home/thomas/MobileRobot/ws_new/install/controller_manager_msgs:/home/thomas/MobileRobot/ws_new/install/control_msgs:${AMENT_PREFIX_PATH} CMAKE_PREFIX_PATH=/home/thomas/MobileRobot/ws_new/install/steering_controllers_library:/home/thomas/MobileRobot/ws_new/install/controller_manager:/home/thomas/MobileRobot/ws_new/install/hardware_interface_testing:/home/thomas/MobileRobot/ws_new/install/controller_interface:/home/thomas/MobileRobot/ws_new/install/hardware_interface:/home/thomas/MobileRobot/ws_new/install/joint_limits:/home/thomas/MobileRobot/ws_new/install/realtime_tools:/home/thomas/MobileRobot/ws_new/install/ros2_control_test_assets:/home/thomas/MobileRobot/ws_new/install/ros2_control_cmake:/home/thomas/MobileRobot/ws_new/install/controller_manager_msgs:/home/thomas/MobileRobot/ws_new/install/control_msgs:/home/thomas/MobileRobot/ws_new/install/my_kinematics_pkg:/home/thomas/MobileRobot/ws_new/install/mobile_robot:/home/thomas/MobileRobot/ws_new/install/backward:/opt/ros/jazzy/opt/gz_sim_vendor:/opt/ros/jazzy/opt/gz_sensors_vendor:/opt/ros/jazzy/opt/gz_physics_vendor:/opt/ros/jazzy/opt/sdformat_vendor:/opt/ros/jazzy/opt/gz_gui_vendor:/opt/ros/jazzy/opt/gz_transport_vendor:/opt/ros/jazzy/opt/gz_rendering_vendor:/opt/ros/jazzy/opt/gz_plugin_vendor:/opt/ros/jazzy/opt/gz_fuel_tools_vendor:/opt/ros/jazzy/opt/gz_msgs_vendor:/opt/ros/jazzy/opt/gz_common_vendor:/opt/ros/jazzy/opt/gz_math_vendor:/opt/ros/jazzy/opt/gz_utils_vendor:/opt/ros/jazzy/opt/gz_tools_vendor:/opt/ros/jazzy/opt/gz_ogre_next_vendor:/opt/ros/jazzy/opt/gz_dartsim_vendor:/opt/ros/jazzy/opt/gz_cmake_vendor:/home/thomas/dev_ws/install/basic_mobile_robot:/home/thomas/MobileRobot/ws_new/install/publisher_subscriber:/opt/ros/jazzy DEBUGINFOD_URLS=https://debuginfod.ubuntu.com LD_LIBRARY_PATH=/home/thomas/MobileRobot/ws_new/install/steering_controllers_library/lib:/home/thomas/MobileRobot/ws_new/install/controller_manager/lib:/home/thomas/MobileRobot/ws_new/install/hardware_interface_testing/lib:/home/thomas/MobileRobot/ws_new/install/controller_interface/lib:/home/thomas/MobileRobot/ws_new/install/hardware_interface/lib:/home/thomas/MobileRobot/ws_new/install/joint_limits/lib:/home/thomas/MobileRobot/ws_new/install/realtime_tools/lib:/home/thomas/MobileRobot/ws_new/install/ros2_control_test_assets/lib:/home/thomas/MobileRobot/ws_new/install/controller_manager_msgs/lib:/home/thomas/MobileRobot/ws_new/install/control_msgs/lib:${LD_LIBRARY_PATH} PYTHONPATH=/home/thomas/MobileRobot/ws_new/install/controller_manager/lib/python3.12/site-packages:/home/thomas/MobileRobot/ws_new/install/controller_manager_msgs/lib/python3.12/site-packages:/home/thomas/MobileRobot/ws_new/install/control_msgs/lib/python3.12/site-packages:${PYTHONPATH} /usr/bin/cmake /home/thomas/MobileRobot/ws_new/src/ros-controls/ros2_controllers/ackermann_steering_controller -DCMAKE_INSTALL_PREFIX=/home/thomas/MobileRobot/ws_new/install/ackermann_steering_controller
[3.169s] Invoking command in '/home/thomas/MobileRobot/ws_new/build/ackermann_steering_controller': AMENT_PREFIX_PATH=/home/thomas/MobileRobot/ws_new/install/steering_controllers_library:/home/thomas/MobileRobot/ws_new/install/controller_manager:/home/thomas/MobileRobot/ws_new/install/hardware_interface_testing:/home/thomas/MobileRobot/ws_new/install/controller_interface:/home/thomas/MobileRobot/ws_new/install/hardware_interface:/home/thomas/MobileRobot/ws_new/install/joint_limits:/home/thomas/MobileRobot/ws_new/install/realtime_tools:/home/thomas/MobileRobot/ws_new/install/ros2_control_test_assets:/home/thomas/MobileRobot/ws_new/install/ros2_control_cmake:/home/thomas/MobileRobot/ws_new/install/controller_manager_msgs:/home/thomas/MobileRobot/ws_new/install/control_msgs:${AMENT_PREFIX_PATH} CMAKE_PREFIX_PATH=/home/thomas/MobileRobot/ws_new/install/steering_controllers_library:/home/thomas/MobileRobot/ws_new/install/controller_manager:/home/thomas/MobileRobot/ws_new/install/hardware_interface_testing:/home/thomas/MobileRobot/ws_new/install/controller_interface:/home/thomas/MobileRobot/ws_new/install/hardware_interface:/home/thomas/MobileRobot/ws_new/install/joint_limits:/home/thomas/MobileRobot/ws_new/install/realtime_tools:/home/thomas/MobileRobot/ws_new/install/ros2_control_test_assets:/home/thomas/MobileRobot/ws_new/install/ros2_control_cmake:/home/thomas/MobileRobot/ws_new/install/controller_manager_msgs:/home/thomas/MobileRobot/ws_new/install/control_msgs:/home/thomas/MobileRobot/ws_new/install/my_kinematics_pkg:/home/thomas/MobileRobot/ws_new/install/mobile_robot:/home/thomas/MobileRobot/ws_new/install/backward:/opt/ros/jazzy/opt/gz_sim_vendor:/opt/ros/jazzy/opt/gz_sensors_vendor:/opt/ros/jazzy/opt/gz_physics_vendor:/opt/ros/jazzy/opt/sdformat_vendor:/opt/ros/jazzy/opt/gz_gui_vendor:/opt/ros/jazzy/opt/gz_transport_vendor:/opt/ros/jazzy/opt/gz_rendering_vendor:/opt/ros/jazzy/opt/gz_plugin_vendor:/opt/ros/jazzy/opt/gz_fuel_tools_vendor:/opt/ros/jazzy/opt/gz_msgs_vendor:/opt/ros/jazzy/opt/gz_common_vendor:/opt/ros/jazzy/opt/gz_math_vendor:/opt/ros/jazzy/opt/gz_utils_vendor:/opt/ros/jazzy/opt/gz_tools_vendor:/opt/ros/jazzy/opt/gz_ogre_next_vendor:/opt/ros/jazzy/opt/gz_dartsim_vendor:/opt/ros/jazzy/opt/gz_cmake_vendor:/home/thomas/dev_ws/install/basic_mobile_robot:/home/thomas/MobileRobot/ws_new/install/publisher_subscriber:/opt/ros/jazzy DEBUGINFOD_URLS=https://debuginfod.ubuntu.com LD_LIBRARY_PATH=/home/thomas/MobileRobot/ws_new/install/steering_controllers_library/lib:/home/thomas/MobileRobot/ws_new/install/controller_manager/lib:/home/thomas/MobileRobot/ws_new/install/hardware_interface_testing/lib:/home/thomas/MobileRobot/ws_new/install/controller_interface/lib:/home/thomas/MobileRobot/ws_new/install/hardware_interface/lib:/home/thomas/MobileRobot/ws_new/install/joint_limits/lib:/home/thomas/MobileRobot/ws_new/install/realtime_tools/lib:/home/thomas/MobileRobot/ws_new/install/ros2_control_test_assets/lib:/home/thomas/MobileRobot/ws_new/install/controller_manager_msgs/lib:/home/thomas/MobileRobot/ws_new/install/control_msgs/lib:${LD_LIBRARY_PATH} PYTHONPATH=/home/thomas/MobileRobot/ws_new/install/controller_manager/lib/python3.12/site-packages:/home/thomas/MobileRobot/ws_new/install/controller_manager_msgs/lib/python3.12/site-packages:/home/thomas/MobileRobot/ws_new/install/control_msgs/lib/python3.12/site-packages:${PYTHONPATH} /usr/bin/cmake --build /home/thomas/MobileRobot/ws_new/build/ackermann_steering_controller -- -j8 -l8
[9.611s] [ 13%] Built target gmock_main
[9.611s] [ 26%] Built target ackermann_steering_controller_parameters
[9.612s] [ 46%] Built target gmock
[9.612s] [ 60%] Built target ackermann_steering_controller
[9.612s] [ 66%] [32mBuilding CXX object CMakeFiles/test_load_ackermann_steering_controller.dir/test/test_load_ackermann_steering_controller.cpp.o[0m
[9.612s] [ 73%] [32mBuilding CXX object CMakeFiles/test_ackermann_steering_controller.dir/test/test_ackermann_steering_controller.cpp.o[0m
[9.612s] [ 80%] [32mBuilding CXX object CMakeFiles/test_ackermann_steering_controller_preceding.dir/test/test_ackermann_steering_controller_preceding.cpp.o[0m
[16.299s] In file included from [01m[K/opt/ros/jazzy/src/gtest_vendor/include/gtest/gtest.h:72[m[K,
[16.300s]                  from [01m[K/opt/ros/jazzy/src/gmock_vendor/include/gmock/internal/gmock-internal-utils.h:50[m[K,
[16.300s]                  from [01m[K/opt/ros/jazzy/src/gmock_vendor/include/gmock/gmock-actions.h:145[m[K,
[16.300s]                  from [01m[K/opt/ros/jazzy/src/gmock_vendor/include/gmock/gmock.h:56[m[K,
[16.300s]                  from [01m[K/home/thomas/MobileRobot/ws_new/src/ros-controls/ros2_controllers/ackermann_steering_controller/test/test_ackermann_steering_controller.hpp:18[m[K,
[16.300s]                  from [01m[K/home/thomas/MobileRobot/ws_new/src/ros-controls/ros2_controllers/ackermann_steering_controller/test/test_ackermann_steering_controller.cpp:20[m[K:
[16.301s] [01m[K/home/thomas/MobileRobot/ws_new/src/ros-controls/ros2_controllers/ackermann_steering_controller/test/test_ackermann_steering_controller.cpp:[m[K In member function â€˜[01m[Kvirtual void AckermannSteeringControllerTest_all_parameters_set_configure_success_Test::[01;32m[KTestBody[m[K()[m[Kâ€™:
[16.301s] [01m[K/home/thomas/MobileRobot/ws_new/src/ros-controls/ros2_controllers/ackermann_steering_controller/test/test_ackermann_steering_controller.cpp:34:26:[m[K [01;31m[Kerror: [m[Kâ€˜[01m[Kstruct steering_controllers_library::Params[m[Kâ€™ has no member named â€˜[01m[Ktraction_joints_names[m[Kâ€™
[16.301s]    34 |     controller_->params_.[01;31m[Ktraction_joints_names[m[K, testing::ElementsAreArray(traction_joints_names_));
[16.301s]       |                          [01;31m[K^~~~~~~~~~~~~~~~~~~~~[m[K
[16.301s] [01m[K/opt/ros/jazzy/src/gtest_vendor/include/gtest/gtest_pred_impl.h:79:52:[m[K [01;36m[Knote: [m[Kin definition of macro â€˜[01m[KGTEST_ASSERT_[m[Kâ€™
[16.302s]    79 |   if (const ::testing::AssertionResult gtest_ar = ([01;36m[Kexpression[m[K)) \
[16.302s]       |                                                    [01;36m[K^~~~~~~~~~[m[K
[16.306s] [01m[K/opt/ros/jazzy/src/gtest_vendor/include/gtest/gtest_pred_impl.h:112:3:[m[K [01;36m[Knote: [m[Kin expansion of macro â€˜[01m[KGTEST_PRED_FORMAT1_[m[Kâ€™
[16.306s]   112 |   [01;36m[KGTEST_PRED_FORMAT1_[m[K(pred_format, v1, GTEST_FATAL_FAILURE_)
[16.307s]       |   [01;36m[K^~~~~~~~~~~~~~~~~~~[m[K
[16.307s] [01m[K/opt/ros/jazzy/src/gmock_vendor/include/gmock/gmock-matchers.h:5440:3:[m[K [01;36m[Knote: [m[Kin expansion of macro â€˜[01m[KASSERT_PRED_FORMAT1[m[Kâ€™
[16.307s]  5440 |   [01;36m[KASSERT_PRED_FORMAT1[m[K(              \
[16.307s]       |   [01;36m[K^~~~~~~~~~~~~~~~~~~[m[K
[16.307s] [01m[K/home/thomas/MobileRobot/ws_new/src/ros-controls/ros2_controllers/ackermann_steering_controller/test/test_ackermann_steering_controller.cpp:33:3:[m[K [01;36m[Knote: [m[Kin expansion of macro â€˜[01m[KASSERT_THAT[m[Kâ€™
[16.307s]    33 |   [01;36m[KASSERT_THAT[m[K(
[16.308s]       |   [01;36m[K^~~~~~~~~~~[m[K
[16.311s] [01m[K/home/thomas/MobileRobot/ws_new/src/ros-controls/ros2_controllers/ackermann_steering_controller/test/test_ackermann_steering_controller.cpp:36:26:[m[K [01;31m[Kerror: [m[Kâ€˜[01m[Kstruct steering_controllers_library::Params[m[Kâ€™ has no member named â€˜[01m[Ksteering_joints_names[m[Kâ€™
[16.311s]    36 |     controller_->params_.[01;31m[Ksteering_joints_names[m[K, testing::ElementsAreArray(steering_joints_names_));
[16.312s]       |                          [01;31m[K^~~~~~~~~~~~~~~~~~~~~[m[K
[16.312s] [01m[K/opt/ros/jazzy/src/gtest_vendor/include/gtest/gtest_pred_impl.h:79:52:[m[K [01;36m[Knote: [m[Kin definition of macro â€˜[01m[KGTEST_ASSERT_[m[Kâ€™
[16.312s]    79 |   if (const ::testing::AssertionResult gtest_ar = ([01;36m[Kexpression[m[K)) \
[16.312s]       |                                                    [01;36m[K^~~~~~~~~~[m[K
[16.312s] [01m[K/opt/ros/jazzy/src/gtest_vendor/include/gtest/gtest_pred_impl.h:112:3:[m[K [01;36m[Knote: [m[Kin expansion of macro â€˜[01m[KGTEST_PRED_FORMAT1_[m[Kâ€™
[16.312s]   112 |   [01;36m[KGTEST_PRED_FORMAT1_[m[K(pred_format, v1, GTEST_FATAL_FAILURE_)
[16.313s]       |   [01;36m[K^~~~~~~~~~~~~~~~~~~[m[K
[16.313s] [01m[K/opt/ros/jazzy/src/gmock_vendor/include/gmock/gmock-matchers.h:5440:3:[m[K [01;36m[Knote: [m[Kin expansion of macro â€˜[01m[KASSERT_PRED_FORMAT1[m[Kâ€™
[16.313s]  5440 |   [01;36m[KASSERT_PRED_FORMAT1[m[K(              \
[16.313s]       |   [01;36m[K^~~~~~~~~~~~~~~~~~~[m[K
[16.313s] [01m[K/home/thomas/MobileRobot/ws_new/src/ros-controls/ros2_controllers/ackermann_steering_controller/test/test_ackermann_steering_controller.cpp:35:3:[m[K [01;36m[Knote: [m[Kin expansion of macro â€˜[01m[KASSERT_THAT[m[Kâ€™
[16.314s]    35 |   [01;36m[KASSERT_THAT[m[K(
[16.314s]       |   [01;36m[K^~~~~~~~~~~[m[K
[16.408s] In file included from [01m[K/opt/ros/jazzy/src/gtest_vendor/include/gtest/gtest-printers.h:122[m[K,
[16.409s]                  from [01m[K/opt/ros/jazzy/src/gtest_vendor/include/gtest/gtest-matchers.h:49[m[K,
[16.410s]                  from [01m[K/opt/ros/jazzy/src/gtest_vendor/include/gtest/internal/gtest-death-test-internal.h:47[m[K,
[16.410s]                  from [01m[K/opt/ros/jazzy/src/gtest_vendor/include/gtest/gtest-death-test.h:43[m[K,
[16.417s]                  from [01m[K/opt/ros/jazzy/src/gtest_vendor/include/gtest/gtest.h:65[m[K:
[16.417s] [01m[K/home/thomas/MobileRobot/ws_new/src/ros-controls/ros2_controllers/ackermann_steering_controller/test/test_ackermann_steering_controller.cpp:[m[K In member function â€˜[01m[Kvirtual void AckermannSteeringControllerTest_reactivate_success_Test::[01;32m[KTestBody[m[K()[m[Kâ€™:
[16.418s] [01m[K/home/thomas/MobileRobot/ws_new/src/ros-controls/ros2_controllers/ackermann_steering_controller/test/test_ackermann_steering_controller.cpp:143:71:[m[K [01;35m[Kwarning: [m[Kâ€˜[01m[Kdouble hardware_interface::LoanedCommandInterface::[01;32m[Kget_value[m[K() const[m[Kâ€™ is deprecated: Use std::optional<T> get_optional() instead to retrieve the value. This method will be removed by the ROS 2 Kilted Kaiju release. [[01;35m[K]8;;https://gcc.gnu.org/onlinedocs/gcc/Warning-Options.html#index-Wdeprecated-declarations-Wdeprecated-declarations]8;;[m[K]
[16.418s]   143 |   ASSERT_TRUE(std::isnan([01;35m[Kcontroller_->command_interfaces_[0].get_value()[m[K));
[16.418s]       |                          [01;35m[K~~~~~~~~~~~~~~~~~~~~~~~~~~~~~~~~~~~~~~~~~~~~~^~[m[K
[16.418s] [01m[K/opt/ros/jazzy/src/gtest_vendor/include/gtest/internal/gtest-internal.h:1493:38:[m[K [01;36m[Knote: [m[Kin definition of macro â€˜[01m[KGTEST_TEST_BOOLEAN_[m[Kâ€™
[16.419s]  1493 |           ::testing::AssertionResult([01;36m[Kexpression[m[K))                     \
[16.419s]       |                                      [01;36m[K^~~~~~~~~~[m[K
[16.419s] [01m[K/opt/ros/jazzy/src/gtest_vendor/include/gtest/gtest.h:1815:32:[m[K [01;36m[Knote: [m[Kin expansion of macro â€˜[01m[KGTEST_ASSERT_TRUE[m[Kâ€™
[16.420s]  1815 | #define ASSERT_TRUE(condition) [01;36m[KGTEST_ASSERT_TRUE[m[K(condition)
[16.420s]       |                                [01;36m[K^~~~~~~~~~~~~~~~~[m[K
[16.420s] [01m[K/home/thomas/MobileRobot/ws_new/src/ros-controls/ros2_controllers/ackermann_steering_controller/test/test_ackermann_steering_controller.cpp:143:3:[m[K [01;36m[Knote: [m[Kin expansion of macro â€˜[01m[KASSERT_TRUE[m[Kâ€™
[16.420s]   143 |   [01;36m[KASSERT_TRUE[m[K(std::isnan(controller_->command_interfaces_[0].get_value()));
[16.420s]       |   [01;36m[K^~~~~~~~~~~[m[K
[16.421s] In file included from [01m[K/home/thomas/MobileRobot/ws_new/install/controller_interface/include/controller_interface/controller_interface/controller_interface_base.hpp:27[m[K,
[16.421s]                  from [01m[K/home/thomas/MobileRobot/ws_new/install/controller_interface/include/controller_interface/controller_interface/chainable_controller_interface.hpp:23[m[K,
[16.431s]                  from [01m[K/home/thomas/MobileRobot/ws_new/src/ros-controls/ros2_controllers/steering_controllers_library/include/steering_controllers_library/steering_controllers_library.hpp:23[m[K,
[16.431s]                  from [01m[K/home/thomas/MobileRobot/ws_new/src/ros-controls/ros2_controllers/ackermann_steering_controller/include/ackermann_steering_controller/ackermann_steering_controller.hpp:24[m[K,
[16.432s]                  from [01m[K/home/thomas/MobileRobot/ws_new/src/ros-controls/ros2_controllers/ackermann_steering_controller/test/test_ackermann_steering_controller.hpp:26[m[K:
[16.435s] [01m[K/home/thomas/MobileRobot/ws_new/install/hardware_interface/include/hardware_interface/hardware_interface/loaned_command_interface.hpp:134:10:[m[K [01;36m[Knote: [m[Kdeclared here
[16.436s]   134 |   double [01;36m[Kget_value[m[K() const
[16.436s]       |          [01;36m[K^~~~~~~~~[m[K
[16.436s] [01m[K/home/thomas/MobileRobot/ws_new/src/ros-controls/ros2_controllers/ackermann_steering_controller/test/test_ackermann_steering_controller.cpp:145:71:[m[K [01;35m[Kwarning: [m[Kâ€˜[01m[Kdouble hardware_interface::LoanedCommandInterface::[01;32m[Kget_value[m[K() const[m[Kâ€™ is deprecated: Use std::optional<T> get_optional() instead to retrieve the value. This method will be removed by the ROS 2 Kilted Kaiju release. [[01;35m[K]8;;https://gcc.gnu.org/onlinedocs/gcc/Warning-Options.html#index-Wdeprecated-declarations-Wdeprecated-declarations]8;;[m[K]
[16.440s]   145 |   ASSERT_TRUE(std::isnan([01;35m[Kcontroller_->command_interfaces_[0].get_value()[m[K));
[16.440s]       |                          [01;35m[K~~~~~~~~~~~~~~~~~~~~~~~~~~~~~~~~~~~~~~~~~~~~~^~[m[K
[16.441s] [01m[K/opt/ros/jazzy/src/gtest_vendor/include/gtest/internal/gtest-internal.h:1493:38:[m[K [01;36m[Knote: [m[Kin definition of macro â€˜[01m[KGTEST_TEST_BOOLEAN_[m[Kâ€™
[16.441s]  1493 |           ::testing::AssertionResult([01;36m[Kexpression[m[K))                     \
[16.441s]       |                                      [01;36m[K^~~~~~~~~~[m[K
[16.441s] [01m[K/opt/ros/jazzy/src/gtest_vendor/include/gtest/gtest.h:1815:32:[m[K [01;36m[Knote: [m[Kin expansion of macro â€˜[01m[KGTEST_ASSERT_TRUE[m[Kâ€™
[16.442s]  1815 | #define ASSERT_TRUE(condition) [01;36m[KGTEST_ASSERT_TRUE[m[K(condition)
[16.442s]       |                                [01;36m[K^~~~~~~~~~~~~~~~~[m[K
[16.442s] [01m[K/home/thomas/MobileRobot/ws_new/src/ros-controls/ros2_controllers/ackermann_steering_controller/test/test_ackermann_steering_controller.cpp:145:3:[m[K [01;36m[Knote: [m[Kin expansion of macro â€˜[01m[KASSERT_TRUE[m[Kâ€™
[16.442s]   145 |   [01;36m[KASSERT_TRUE[m[K(std::isnan(controller_->command_interfaces_[0].get_value()));
[16.443s]       |   [01;36m[K^~~~~~~~~~~[m[K
[16.443s] [01m[K/home/thomas/MobileRobot/ws_new/install/hardware_interface/include/hardware_interface/hardware_interface/loaned_command_interface.hpp:134:10:[m[K [01;36m[Knote: [m[Kdeclared here
[16.451s]   134 |   double [01;36m[Kget_value[m[K() const
[16.452s]       |          [01;36m[K^~~~~~~~~[m[K
[16.452s] [01m[K/home/thomas/MobileRobot/ws_new/src/ros-controls/ros2_controllers/ackermann_steering_controller/test/test_ackermann_steering_controller.cpp:[m[K In member function â€˜[01m[Kvirtual void AckermannSteeringControllerTest_test_update_logic_Test::[01;32m[KTestBody[m[K()[m[Kâ€™:
[16.452s] [01m[K/home/thomas/MobileRobot/ws_new/src/ros-controls/ros2_controllers/ackermann_steering_controller/test/test_ackermann_steering_controller.cpp:176:73:[m[K [01;35m[Kwarning: [m[Kâ€˜[01m[Kdouble hardware_interface::LoanedCommandInterface::[01;32m[Kget_value[m[K() const[m[Kâ€™ is deprecated: Use std::optional<T> get_optional() instead to retrieve the value. This method will be removed by the ROS 2 Kilted Kaiju release. [[01;35m[K]8;;https://gcc.gnu.org/onlinedocs/gcc/Warning-Options.html#index-Wdeprecated-declarations-Wdeprecated-declarations]8;;[m[K]
[16.453s]   176 |     [01;35m[Kcontroller_->command_interfaces_[CMD_TRACTION_RIGHT_WHEEL].get_value()[m[K, 0.22222222222222224,
[16.453s]       |     [01;35m[K~~~~~~~~~~~~~~~~~~~~~~~~~~~~~~~~~~~~~~~~~~~~~~~~~~~~~~~~~~~~~~~~~~~~^~[m[K
[16.453s] [01m[K/opt/ros/jazzy/src/gtest_vendor/include/gtest/gtest_pred_impl.h:79:52:[m[K [01;36m[Knote: [m[Kin definition of macro â€˜[01m[KGTEST_ASSERT_[m[Kâ€™
[16.453s]    79 |   if (const ::testing::AssertionResult gtest_ar = ([01;36m[Kexpression[m[K)) \
[16.454s]       |                                                    [01;36m[K^~~~~~~~~~[m[K
[16.454s] [01m[K/opt/ros/jazzy/src/gtest_vendor/include/gtest/gtest_pred_impl.h:183:3:[m[K [01;36m[Knote: [m[Kin expansion of macro â€˜[01m[KGTEST_PRED_FORMAT3_[m[Kâ€™
[16.454s]   183 |   [01;36m[KGTEST_PRED_FORMAT3_[m[K(pred_format, v1, v2, v3, GTEST_NONFATAL_FAILURE_)
[16.454s]       |   [01;36m[K^~~~~~~~~~~~~~~~~~~[m[K
[16.454s] [01m[K/opt/ros/jazzy/src/gtest_vendor/include/gtest/gtest.h:1986:3:[m[K [01;36m[Knote: [m[Kin expansion of macro â€˜[01m[KEXPECT_PRED_FORMAT3[m[Kâ€™
[16.455s]  1986 |   [01;36m[KEXPECT_PRED_FORMAT3[m[K(::testing::internal::DoubleNearPredFormat, val1, val2, \
[16.455s]       |   [01;36m[K^~~~~~~~~~~~~~~~~~~[m[K
[16.463s] [01m[K/home/thomas/MobileRobot/ws_new/src/ros-controls/ros2_controllers/ackermann_steering_controller/test/test_ackermann_steering_controller.cpp:175:3:[m[K [01;36m[Knote: [m[Kin expansion of macro â€˜[01m[KEXPECT_NEAR[m[Kâ€™
[16.464s]   175 |   [01;36m[KEXPECT_NEAR[m[K(
[16.468s]       |   [01;36m[K^~~~~~~~~~~[m[K
[16.468s] [01m[K/home/thomas/MobileRobot/ws_new/install/hardware_interface/include/hardware_interface/hardware_interface/loaned_command_interface.hpp:134:10:[m[K [01;36m[Knote: [m[Kdeclared here
[16.469s]   134 |   double [01;36m[Kget_value[m[K() const
[16.469s]       |          [01;36m[K^~~~~~~~~[m[K
[16.469s] [01m[K/home/thomas/MobileRobot/ws_new/src/ros-controls/ros2_controllers/ackermann_steering_controller/test/test_ackermann_steering_controller.cpp:179:72:[m[K [01;35m[Kwarning: [m[Kâ€˜[01m[Kdouble hardware_interface::LoanedCommandInterface::[01;32m[Kget_value[m[K() const[m[Kâ€™ is deprecated: Use std::optional<T> get_optional() instead to retrieve the value. This method will be removed by the ROS 2 Kilted Kaiju release. [[01;35m[K]8;;https://gcc.gnu.org/onlinedocs/gcc/Warning-Options.html#index-Wdeprecated-declarations-Wdeprecated-declarations]8;;[m[K]
[16.469s]   179 |     [01;35m[Kcontroller_->command_interfaces_[CMD_TRACTION_LEFT_WHEEL].get_value()[m[K, 0.22222222222222224,
[16.470s]       |     [01;35m[K~~~~~~~~~~~~~~~~~~~~~~~~~~~~~~~~~~~~~~~~~~~~~~~~~~~~~~~~~~~~~~~~~~~^~[m[K
[16.470s] [01m[K/opt/ros/jazzy/src/gtest_vendor/include/gtest/gtest_pred_impl.h:79:52:[m[K [01;36m[Knote: [m[Kin definition of macro â€˜[01m[KGTEST_ASSERT_[m[Kâ€™
[16.470s]    79 |   if (const ::testing::AssertionResult gtest_ar = ([01;36m[Kexpression[m[K)) \
[16.470s]       |                                                    [01;36m[K^~~~~~~~~~[m[K
[16.471s] [01m[K/opt/ros/jazzy/src/gtest_vendor/include/gtest/gtest_pred_impl.h:183:3:[m[K [01;36m[Knote: [m[Kin expansion of macro â€˜[01m[KGTEST_PRED_FORMAT3_[m[Kâ€™
[16.471s]   183 |   [01;36m[KGTEST_PRED_FORMAT3_[m[K(pred_format, v1, v2, v3, GTEST_NONFATAL_FAILURE_)
[16.472s]       |   [01;36m[K^~~~~~~~~~~~~~~~~~~[m[K
[16.472s] [01m[K/opt/ros/jazzy/src/gtest_vendor/include/gtest/gtest.h:1986:3:[m[K [01;36m[Knote: [m[Kin expansion of macro â€˜[01m[KEXPECT_PRED_FORMAT3[m[Kâ€™
[16.472s]  1986 |   [01;36m[KEXPECT_PRED_FORMAT3[m[K(::testing::internal::DoubleNearPredFormat, val1, val2, \
[16.472s]       |   [01;36m[K^~~~~~~~~~~~~~~~~~~[m[K
[16.473s] [01m[K/home/thomas/MobileRobot/ws_new/src/ros-controls/ros2_controllers/ackermann_steering_controller/test/test_ackermann_steering_controller.cpp:178:3:[m[K [01;36m[Knote: [m[Kin expansion of macro â€˜[01m[KEXPECT_NEAR[m[Kâ€™
[16.473s]   178 |   [01;36m[KEXPECT_NEAR[m[K(
[16.477s]       |   [01;36m[K^~~~~~~~~~~[m[K
[16.481s] [01m[K/home/thomas/MobileRobot/ws_new/install/hardware_interface/include/hardware_interface/hardware_interface/loaned_command_interface.hpp:134:10:[m[K [01;36m[Knote: [m[Kdeclared here
[16.481s]   134 |   double [01;36m[Kget_value[m[K() const
[16.482s]       |          [01;36m[K^~~~~~~~~[m[K
[16.482s] [01m[K/home/thomas/MobileRobot/ws_new/src/ros-controls/ros2_controllers/ackermann_steering_controller/test/test_ackermann_steering_controller.cpp:182:70:[m[K [01;35m[Kwarning: [m[Kâ€˜[01m[Kdouble hardware_interface::LoanedCommandInterface::[01;32m[Kget_value[m[K() const[m[Kâ€™ is deprecated: Use std::optional<T> get_optional() instead to retrieve the value. This method will be removed by the ROS 2 Kilted Kaiju release. [[01;35m[K]8;;https://gcc.gnu.org/onlinedocs/gcc/Warning-Options.html#index-Wdeprecated-declarations-Wdeprecated-declarations]8;;[m[K]
[16.482s]   182 |     [01;35m[Kcontroller_->command_interfaces_[CMD_STEER_RIGHT_WHEEL].get_value()[m[K, 1.4179821977774734,
[16.482s]       |     [01;35m[K~~~~~~~~~~~~~~~~~~~~~~~~~~~~~~~~~~~~~~~~~~~~~~~~~~~~~~~~~~~~~~~~~^~[m[K
[16.483s] [01m[K/opt/ros/jazzy/src/gtest_vendor/include/gtest/gtest_pred_impl.h:79:52:[m[K [01;36m[Knote: [m[Kin definition of macro â€˜[01m[KGTEST_ASSERT_[m[Kâ€™
[16.483s]    79 |   if (const ::testing::AssertionResult gtest_ar = ([01;36m[Kexpression[m[K)) \
[16.483s]       |                                                    [01;36m[K^~~~~~~~~~[m[K
[16.483s] [01m[K/opt/ros/jazzy/src/gtest_vendor/include/gtest/gtest_pred_impl.h:183:3:[m[K [01;36m[Knote: [m[Kin expansion of macro â€˜[01m[KGTEST_PRED_FORMAT3_[m[Kâ€™
[16.484s]   183 |   [01;36m[KGTEST_PRED_FORMAT3_[m[K(pred_format, v1, v2, v3, GTEST_NONFATAL_FAILURE_)
[16.484s]       |   [01;36m[K^~~~~~~~~~~~~~~~~~~[m[K
[16.487s] [01m[K/opt/ros/jazzy/src/gtest_vendor/include/gtest/gtest.h:1986:3:[m[K [01;36m[Knote: [m[Kin expansion of macro â€˜[01m[KEXPECT_PRED_FORMAT3[m[Kâ€™
[16.488s]  1986 |   [01;36m[KEXPECT_PRED_FORMAT3[m[K(::testing::internal::DoubleNearPredFormat, val1, val2, \
[16.488s]       |   [01;36m[K^~~~~~~~~~~~~~~~~~~[m[K
[16.488s] [01m[K/home/thomas/MobileRobot/ws_new/src/ros-controls/ros2_controllers/ackermann_steering_controller/test/test_ackermann_steering_controller.cpp:181:3:[m[K [01;36m[Knote: [m[Kin expansion of macro â€˜[01m[KEXPECT_NEAR[m[Kâ€™
[16.488s]   181 |   [01;36m[KEXPECT_NEAR[m[K(
[16.489s]       |   [01;36m[K^~~~~~~~~~~[m[K
[16.489s] [01m[K/home/thomas/MobileRobot/ws_new/install/hardware_interface/include/hardware_interface/hardware_interface/loaned_command_interface.hpp:134:10:[m[K [01;36m[Knote: [m[Kdeclared here
[16.489s]   134 |   double [01;36m[Kget_value[m[K() const
[16.489s]       |          [01;36m[K^~~~~~~~~[m[K
[16.490s] [01m[K/home/thomas/MobileRobot/ws_new/src/ros-controls/ros2_controllers/ackermann_steering_controller/test/test_ackermann_steering_controller.cpp:185:69:[m[K [01;35m[Kwarning: [m[Kâ€˜[01m[Kdouble hardware_interface::LoanedCommandInterface::[01;32m[Kget_value[m[K() const[m[Kâ€™ is deprecated: Use std::optional<T> get_optional() instead to retrieve the value. This method will be removed by the ROS 2 Kilted Kaiju release. [[01;35m[K]8;;https://gcc.gnu.org/onlinedocs/gcc/Warning-Options.html#index-Wdeprecated-declarations-Wdeprecated-declarations]8;;[m[K]
[16.490s]   185 |     [01;35m[Kcontroller_->command_interfaces_[CMD_STEER_LEFT_WHEEL].get_value()[m[K, 1.4179821977774734,
[16.499s]       |     [01;35m[K~~~~~~~~~~~~~~~~~~~~~~~~~~~~~~~~~~~~~~~~~~~~~~~~~~~~~~~~~~~~~~~~^~[m[K
[16.499s] [01m[K/opt/ros/jazzy/src/gtest_vendor/include/gtest/gtest_pred_impl.h:79:52:[m[K [01;36m[Knote: [m[Kin definition of macro â€˜[01m[KGTEST_ASSERT_[m[Kâ€™
[16.499s]    79 |   if (const ::testing::AssertionResult gtest_ar = ([01;36m[Kexpression[m[K)) \
[16.500s]       |                                                    [01;36m[K^~~~~~~~~~[m[K
[16.500s] [01m[K/opt/ros/jazzy/src/gtest_vendor/include/gtest/gtest_pred_impl.h:183:3:[m[K [01;36m[Knote: [m[Kin expansion of macro â€˜[01m[KGTEST_PRED_FORMAT3_[m[Kâ€™
[16.500s]   183 |   [01;36m[KGTEST_PRED_FORMAT3_[m[K(pred_format, v1, v2, v3, GTEST_NONFATAL_FAILURE_)
[16.500s]       |   [01;36m[K^~~~~~~~~~~~~~~~~~~[m[K
[16.501s] [01m[K/opt/ros/jazzy/src/gtest_vendor/include/gtest/gtest.h:1986:3:[m[K [01;36m[Knote: [m[Kin expansion of macro â€˜[01m[KEXPECT_PRED_FORMAT3[m[Kâ€™
[16.501s]  1986 |   [01;36m[KEXPECT_PRED_FORMAT3[m[K(::testing::internal::DoubleNearPredFormat, val1, val2, \
[16.501s]       |   [01;36m[K^~~~~~~~~~~~~~~~~~~[m[K
[16.501s] [01m[K/home/thomas/MobileRobot/ws_new/src/ros-controls/ros2_controllers/ackermann_steering_controller/test/test_ackermann_steering_controller.cpp:184:3:[m[K [01;36m[Knote: [m[Kin expansion of macro â€˜[01m[KEXPECT_NEAR[m[Kâ€™
[16.501s]   184 |   [01;36m[KEXPECT_NEAR[m[K(
[16.502s]       |   [01;36m[K^~~~~~~~~~~[m[K
[16.505s] [01m[K/home/thomas/MobileRobot/ws_new/install/hardware_interface/include/hardware_interface/hardware_interface/loaned_command_interface.hpp:134:10:[m[K [01;36m[Knote: [m[Kdeclared here
[16.509s]   134 |   double [01;36m[Kget_value[m[K() const
[16.510s]       |          [01;36m[K^~~~~~~~~[m[K
[16.510s] [01m[K/home/thomas/MobileRobot/ws_new/src/ros-controls/ros2_controllers/ackermann_steering_controller/test/test_ackermann_steering_controller.cpp:[m[K In member function â€˜[01m[Kvirtual void AckermannSteeringControllerTest_test_update_logic_chained_Test::[01;32m[KTestBody[m[K()[m[Kâ€™:
[16.510s] [01m[K/home/thomas/MobileRobot/ws_new/src/ros-controls/ros2_controllers/ackermann_steering_controller/test/test_ackermann_steering_controller.cpp:216:75:[m[K [01;35m[Kwarning: [m[Kâ€˜[01m[Kdouble hardware_interface::LoanedCommandInterface::[01;32m[Kget_value[m[K() const[m[Kâ€™ is deprecated: Use std::optional<T> get_optional() instead to retrieve the value. This method will be removed by the ROS 2 Kilted Kaiju release. [[01;35m[K]8;;https://gcc.gnu.org/onlinedocs/gcc/Warning-Options.html#index-Wdeprecated-declarations-Wdeprecated-declarations]8;;[m[K]
[16.511s]   216 |     [01;35m[Kcontroller_->command_interfaces_[STATE_TRACTION_RIGHT_WHEEL].get_value()[m[K, 0.22222222222222224,
[16.511s]       |     [01;35m[K~~~~~~~~~~~~~~~~~~~~~~~~~~~~~~~~~~~~~~~~~~~~~~~~~~~~~~~~~~~~~~~~~~~~~~^~[m[K
[16.511s] [01m[K/opt/ros/jazzy/src/gtest_vendor/include/gtest/gtest_pred_impl.h:79:52:[m[K [01;36m[Knote: [m[Kin definition of macro â€˜[01m[KGTEST_ASSERT_[m[Kâ€™
[16.511s]    79 |   if (const ::testing::AssertionResult gtest_ar = ([01;36m[Kexpression[m[K)) \
[16.511s]       |                                                    [01;36m[K^~~~~~~~~~[m[K
[16.512s] [01m[K/opt/ros/jazzy/src/gtest_vendor/include/gtest/gtest_pred_impl.h:183:3:[m[K [01;36m[Knote: [m[Kin expansion of macro â€˜[01m[KGTEST_PRED_FORMAT3_[m[Kâ€™
[16.512s]   183 |   [01;36m[KGTEST_PRED_FORMAT3_[m[K(pred_format, v1, v2, v3, GTEST_NONFATAL_FAILURE_)
[16.512s]       |   [01;36m[K^~~~~~~~~~~~~~~~~~~[m[K
[16.512s] [01m[K/opt/ros/jazzy/src/gtest_vendor/include/gtest/gtest.h:1986:3:[m[K [01;36m[Knote: [m[Kin expansion of macro â€˜[01m[KEXPECT_PRED_FORMAT3[m[Kâ€™
[16.512s]  1986 |   [01;36m[KEXPECT_PRED_FORMAT3[m[K(::testing::internal::DoubleNearPredFormat, val1, val2, \
[16.513s]       |   [01;36m[K^~~~~~~~~~~~~~~~~~~[m[K
[16.513s] [01m[K/home/thomas/MobileRobot/ws_new/src/ros-controls/ros2_controllers/ackermann_steering_controller/test/test_ackermann_steering_controller.cpp:215:3:[m[K [01;36m[Knote: [m[Kin expansion of macro â€˜[01m[KEXPECT_NEAR[m[Kâ€™
[16.521s]   215 |   [01;36m[KEXPECT_NEAR[m[K(
[16.522s]       |   [01;36m[K^~~~~~~~~~~[m[K
[16.522s] [01m[K/home/thomas/MobileRobot/ws_new/install/hardware_interface/include/hardware_interface/hardware_interface/loaned_command_interface.hpp:134:10:[m[K [01;36m[Knote: [m[Kdeclared here
[16.522s]   134 |   double [01;36m[Kget_value[m[K() const
[16.522s]       |          [01;36m[K^~~~~~~~~[m[K
[16.522s] [01m[K/home/thomas/MobileRobot/ws_new/src/ros-controls/ros2_controllers/ackermann_steering_controller/test/test_ackermann_steering_controller.cpp:219:74:[m[K [01;35m[Kwarning: [m[Kâ€˜[01m[Kdouble hardware_interface::LoanedCommandInterface::[01;32m[Kget_value[m[K() const[m[Kâ€™ is deprecated: Use std::optional<T> get_optional() instead to retrieve the value. This method will be removed by the ROS 2 Kilted Kaiju release. [[01;35m[K]8;;https://gcc.gnu.org/onlinedocs/gcc/Warning-Options.html#index-Wdeprecated-declarations-Wdeprecated-declarations]8;;[m[K]
[16.523s]   219 |     [01;35m[Kcontroller_->command_interfaces_[STATE_TRACTION_LEFT_WHEEL].get_value()[m[K, 0.22222222222222224,
[16.523s]       |     [01;35m[K~~~~~~~~~~~~~~~~~~~~~~~~~~~~~~~~~~~~~~~~~~~~~~~~~~~~~~~~~~~~~~~~~~~~~^~[m[K
[16.523s] [01m[K/opt/ros/jazzy/src/gtest_vendor/include/gtest/gtest_pred_impl.h:79:52:[m[K [01;36m[Knote: [m[Kin definition of macro â€˜[01m[KGTEST_ASSERT_[m[Kâ€™
[16.523s]    79 |   if (const ::testing::AssertionResult gtest_ar = ([01;36m[Kexpression[m[K)) \
[16.523s]       |                                                    [01;36m[K^~~~~~~~~~[m[K
[16.523s] [01m[K/opt/ros/jazzy/src/gtest_vendor/include/gtest/gtest_pred_impl.h:183:3:[m[K [01;36m[Knote: [m[Kin expansion of macro â€˜[01m[KGTEST_PRED_FORMAT3_[m[Kâ€™
[16.524s]   183 |   [01;36m[KGTEST_PRED_FORMAT3_[m[K(pred_format, v1, v2, v3, GTEST_NONFATAL_FAILURE_)
[16.524s]       |   [01;36m[K^~~~~~~~~~~~~~~~~~~[m[K
[16.524s] [01m[K/opt/ros/jazzy/src/gtest_vendor/include/gtest/gtest.h:1986:3:[m[K [01;36m[Knote: [m[Kin expansion of macro â€˜[01m[KEXPECT_PRED_FORMAT3[m[Kâ€™
[16.524s]  1986 |   [01;36m[KEXPECT_PRED_FORMAT3[m[K(::testing::internal::DoubleNearPredFormat, val1, val2, \
[16.524s]       |   [01;36m[K^~~~~~~~~~~~~~~~~~~[m[K
[16.525s] [01m[K/home/thomas/MobileRobot/ws_new/src/ros-controls/ros2_controllers/ackermann_steering_controller/test/test_ackermann_steering_controller.cpp:218:3:[m[K [01;36m[Knote: [m[Kin expansion of macro â€˜[01m[KEXPECT_NEAR[m[Kâ€™
[16.525s]   218 |   [01;36m[KEXPECT_NEAR[m[K(
[16.532s]       |   [01;36m[K^~~~~~~~~~~[m[K
[16.532s] [01m[K/home/thomas/MobileRobot/ws_new/install/hardware_interface/include/hardware_interface/hardware_interface/loaned_command_interface.hpp:134:10:[m[K [01;36m[Knote: [m[Kdeclared here
[16.533s]   134 |   double [01;36m[Kget_value[m[K() const
[16.533s]       |          [01;36m[K^~~~~~~~~[m[K
[16.533s] [01m[K/home/thomas/MobileRobot/ws_new/src/ros-controls/ros2_controllers/ackermann_steering_controller/test/test_ackermann_steering_controller.cpp:222:72:[m[K [01;35m[Kwarning: [m[Kâ€˜[01m[Kdouble hardware_interface::LoanedCommandInterface::[01;32m[Kget_value[m[K() const[m[Kâ€™ is deprecated: Use std::optional<T> get_optional() instead to retrieve the value. This method will be removed by the ROS 2 Kilted Kaiju release. [[01;35m[K]8;;https://gcc.gnu.org/onlinedocs/gcc/Warning-Options.html#index-Wdeprecated-declarations-Wdeprecated-declarations]8;;[m[K]
[16.533s]   222 |     [01;35m[Kcontroller_->command_interfaces_[STATE_STEER_RIGHT_WHEEL].get_value()[m[K, 1.4179821977774734,
[16.534s]       |     [01;35m[K~~~~~~~~~~~~~~~~~~~~~~~~~~~~~~~~~~~~~~~~~~~~~~~~~~~~~~~~~~~~~~~~~~~^~[m[K
[16.534s] [01m[K/opt/ros/jazzy/src/gtest_vendor/include/gtest/gtest_pred_impl.h:79:52:[m[K [01;36m[Knote: [m[Kin definition of macro â€˜[01m[KGTEST_ASSERT_[m[Kâ€™
[16.534s]    79 |   if (const ::testing::AssertionResult gtest_ar = ([01;36m[Kexpression[m[K)) \
[16.534s]       |                                                    [01;36m[K^~~~~~~~~~[m[K
[16.534s] [01m[K/opt/ros/jazzy/src/gtest_vendor/include/gtest/gtest_pred_impl.h:183:3:[m[K [01;36m[Knote: [m[Kin expansion of macro â€˜[01m[KGTEST_PRED_FORMAT3_[m[Kâ€™
[16.535s]   183 |   [01;36m[KGTEST_PRED_FORMAT3_[m[K(pred_format, v1, v2, v3, GTEST_NONFATAL_FAILURE_)
[16.535s]       |   [01;36m[K^~~~~~~~~~~~~~~~~~~[m[K
[16.542s] [01m[K/opt/ros/jazzy/src/gtest_vendor/include/gtest/gtest.h:1986:3:[m[K [01;36m[Knote: [m[Kin expansion of macro â€˜[01m[KEXPECT_PRED_FORMAT3[m[Kâ€™
[16.542s]  1986 |   [01;36m[KEXPECT_PRED_FORMAT3[m[K(::testing::internal::DoubleNearPredFormat, val1, val2, \
[16.543s]       |   [01;36m[K^~~~~~~~~~~~~~~~~~~[m[K
[16.543s] [01m[K/home/thomas/MobileRobot/ws_new/src/ros-controls/ros2_controllers/ackermann_steering_controller/test/test_ackermann_steering_controller.cpp:221:3:[m[K [01;36m[Knote: [m[Kin expansion of macro â€˜[01m[KEXPECT_NEAR[m[Kâ€™
[16.543s]   221 |   [01;36m[KEXPECT_NEAR[m[K(
[16.543s]       |   [01;36m[K^~~~~~~~~~~[m[K
[16.544s] [01m[K/home/thomas/MobileRobot/ws_new/install/hardware_interface/include/hardware_interface/hardware_interface/loaned_command_interface.hpp:134:10:[m[K [01;36m[Knote: [m[Kdeclared here
[16.544s]   134 |   double [01;36m[Kget_value[m[K() const
[16.544s]       |          [01;36m[K^~~~~~~~~[m[K
[16.544s] [01m[K/home/thomas/MobileRobot/ws_new/src/ros-controls/ros2_controllers/ackermann_steering_controller/test/test_ackermann_steering_controller.cpp:225:71:[m[K [01;35m[Kwarning: [m[Kâ€˜[01m[Kdouble hardware_interface::LoanedCommandInterface::[01;32m[Kget_value[m[K() const[m[Kâ€™ is deprecated: Use std::optional<T> get_optional() instead to retrieve the value. This method will be removed by the ROS 2 Kilted Kaiju release. [[01;35m[K]8;;https://gcc.gnu.org/onlinedocs/gcc/Warning-Options.html#index-Wdeprecated-declarations-Wdeprecated-declarations]8;;[m[K]
[16.544s]   225 |     [01;35m[Kcontroller_->command_interfaces_[STATE_STEER_LEFT_WHEEL].get_value()[m[K, 1.4179821977774734,
[16.545s]       |     [01;35m[K~~~~~~~~~~~~~~~~~~~~~~~~~~~~~~~~~~~~~~~~~~~~~~~~~~~~~~~~~~~~~~~~~~^~[m[K
[16.545s] [01m[K/opt/ros/jazzy/src/gtest_vendor/include/gtest/gtest_pred_impl.h:79:52:[m[K [01;36m[Knote: [m[Kin definition of macro â€˜[01m[KGTEST_ASSERT_[m[Kâ€™
[16.545s]    79 |   if (const ::testing::AssertionResult gtest_ar = ([01;36m[Kexpression[m[K)) \
[16.545s]       |                                                    [01;36m[K^~~~~~~~~~[m[K
[16.545s] [01m[K/opt/ros/jazzy/src/gtest_vendor/include/gtest/gtest_pred_impl.h:183:3:[m[K [01;36m[Knote: [m[Kin expansion of macro â€˜[01m[KGTEST_PRED_FORMAT3_[m[Kâ€™
[16.546s]   183 |   [01;36m[KGTEST_PRED_FORMAT3_[m[K(pred_format, v1, v2, v3, GTEST_NONFATAL_FAILURE_)
[16.546s]       |   [01;36m[K^~~~~~~~~~~~~~~~~~~[m[K
[16.554s] [01m[K/opt/ros/jazzy/src/gtest_vendor/include/gtest/gtest.h:1986:3:[m[K [01;36m[Knote: [m[Kin expansion of macro â€˜[01m[KEXPECT_PRED_FORMAT3[m[Kâ€™
[16.554s]  1986 |   [01;36m[KEXPECT_PRED_FORMAT3[m[K(::testing::internal::DoubleNearPredFormat, val1, val2, \
[16.555s]       |   [01;36m[K^~~~~~~~~~~~~~~~~~~[m[K
[16.555s] [01m[K/home/thomas/MobileRobot/ws_new/src/ros-controls/ros2_controllers/ackermann_steering_controller/test/test_ackermann_steering_controller.cpp:224:3:[m[K [01;36m[Knote: [m[Kin expansion of macro â€˜[01m[KEXPECT_NEAR[m[Kâ€™
[16.555s]   224 |   [01;36m[KEXPECT_NEAR[m[K(
[16.555s]       |   [01;36m[K^~~~~~~~~~~[m[K
[16.555s] [01m[K/home/thomas/MobileRobot/ws_new/install/hardware_interface/include/hardware_interface/hardware_interface/loaned_command_interface.hpp:134:10:[m[K [01;36m[Knote: [m[Kdeclared here
[16.556s]   134 |   double [01;36m[Kget_value[m[K() const
[16.556s]       |          [01;36m[K^~~~~~~~~[m[K
[16.556s] [01m[K/home/thomas/MobileRobot/ws_new/src/ros-controls/ros2_controllers/ackermann_steering_controller/test/test_ackermann_steering_controller.cpp:[m[K In member function â€˜[01m[Kvirtual void AckermannSteeringControllerTest_receive_message_and_publish_updated_status_Test::[01;32m[KTestBody[m[K()[m[Kâ€™:
[16.556s] [01m[K/home/thomas/MobileRobot/ws_new/src/ros-controls/ros2_controllers/ackermann_steering_controller/test/test_ackermann_steering_controller.cpp:266:73:[m[K [01;35m[Kwarning: [m[Kâ€˜[01m[Kdouble hardware_interface::LoanedCommandInterface::[01;32m[Kget_value[m[K() const[m[Kâ€™ is deprecated: Use std::optional<T> get_optional() instead to retrieve the value. This method will be removed by the ROS 2 Kilted Kaiju release. [[01;35m[K]8;;https://gcc.gnu.org/onlinedocs/gcc/Warning-Options.html#index-Wdeprecated-declarations-Wdeprecated-declarations]8;;[m[K]
[16.556s]   266 |     [01;35m[Kcontroller_->command_interfaces_[CMD_TRACTION_RIGHT_WHEEL].get_value()[m[K, 0.22222222222222224,
[16.557s]       |     [01;35m[K~~~~~~~~~~~~~~~~~~~~~~~~~~~~~~~~~~~~~~~~~~~~~~~~~~~~~~~~~~~~~~~~~~~~^~[m[K
[16.557s] [01m[K/opt/ros/jazzy/src/gtest_vendor/include/gtest/gtest_pred_impl.h:79:52:[m[K [01;36m[Knote: [m[Kin definition of macro â€˜[01m[KGTEST_ASSERT_[m[Kâ€™
[16.569s]    79 |   if (const ::testing::AssertionResult gtest_ar = ([01;36m[Kexpression[m[K)) \
[16.569s]       |                                                    [01;36m[K^~~~~~~~~~[m[K
[16.570s] [01m[K/opt/ros/jazzy/src/gtest_vendor/include/gtest/gtest_pred_impl.h:183:3:[m[K [01;36m[Knote: [m[Kin expansion of macro â€˜[01m[KGTEST_PRED_FORMAT3_[m[Kâ€™
[16.570s]   183 |   [01;36m[KGTEST_PRED_FORMAT3_[m[K(pred_format, v1, v2, v3, GTEST_NONFATAL_FAILURE_)
[16.570s]       |   [01;36m[K^~~~~~~~~~~~~~~~~~~[m[K
[16.570s] [01m[K/opt/ros/jazzy/src/gtest_vendor/include/gtest/gtest.h:1986:3:[m[K [01;36m[Knote: [m[Kin expansion of macro â€˜[01m[KEXPECT_PRED_FORMAT3[m[Kâ€™
[16.570s]  1986 |   [01;36m[KEXPECT_PRED_FORMAT3[m[K(::testing::internal::DoubleNearPredFormat, val1, val2, \
[16.570s]       |   [01;36m[K^~~~~~~~~~~~~~~~~~~[m[K
[16.570s] [01m[K/home/thomas/MobileRobot/ws_new/src/ros-controls/ros2_controllers/ackermann_steering_controller/test/test_ackermann_steering_controller.cpp:265:3:[m[K [01;36m[Knote: [m[Kin expansion of macro â€˜[01m[KEXPECT_NEAR[m[Kâ€™
[16.571s]   265 |   [01;36m[KEXPECT_NEAR[m[K(
[16.571s]       |   [01;36m[K^~~~~~~~~~~[m[K
[16.571s] [01m[K/home/thomas/MobileRobot/ws_new/install/hardware_interface/include/hardware_interface/hardware_interface/loaned_command_interface.hpp:134:10:[m[K [01;36m[Knote: [m[Kdeclared here
[16.571s]   134 |   double [01;36m[Kget_value[m[K() const
[16.571s]       |          [01;36m[K^~~~~~~~~[m[K
[16.571s] [01m[K/home/thomas/MobileRobot/ws_new/src/ros-controls/ros2_controllers/ackermann_steering_controller/test/test_ackermann_steering_controller.cpp:269:72:[m[K [01;35m[Kwarning: [m[Kâ€˜[01m[Kdouble hardware_interface::LoanedCommandInterface::[01;32m[Kget_value[m[K() const[m[Kâ€™ is deprecated: Use std::optional<T> get_optional() instead to retrieve the value. This method will be removed by the ROS 2 Kilted Kaiju release. [[01;35m[K]8;;https://gcc.gnu.org/onlinedocs/gcc/Warning-Options.html#index-Wdeprecated-declarations-Wdeprecated-declarations]8;;[m[K]
[16.572s]   269 |     [01;35m[Kcontroller_->command_interfaces_[CMD_TRACTION_LEFT_WHEEL].get_value()[m[K, 0.22222222222222224,
[16.572s]       |     [01;35m[K~~~~~~~~~~~~~~~~~~~~~~~~~~~~~~~~~~~~~~~~~~~~~~~~~~~~~~~~~~~~~~~~~~~^~[m[K
[16.572s] [01m[K/opt/ros/jazzy/src/gtest_vendor/include/gtest/gtest_pred_impl.h:79:52:[m[K [01;36m[Knote: [m[Kin definition of macro â€˜[01m[KGTEST_ASSERT_[m[Kâ€™
[16.572s]    79 |   if (const ::testing::AssertionResult gtest_ar = ([01;36m[Kexpression[m[K)) \
[16.572s]       |                                                    [01;36m[K^~~~~~~~~~[m[K
[16.573s] [01m[K/opt/ros/jazzy/src/gtest_vendor/include/gtest/gtest_pred_impl.h:183:3:[m[K [01;36m[Knote: [m[Kin expansion of macro â€˜[01m[KGTEST_PRED_FORMAT3_[m[Kâ€™
[16.573s]   183 |   [01;36m[KGTEST_PRED_FORMAT3_[m[K(pred_format, v1, v2, v3, GTEST_NONFATAL_FAILURE_)
[16.582s]       |   [01;36m[K^~~~~~~~~~~~~~~~~~~[m[K
[16.582s] [01m[K/opt/ros/jazzy/src/gtest_vendor/include/gtest/gtest.h:1986:3:[m[K [01;36m[Knote: [m[Kin expansion of macro â€˜[01m[KEXPECT_PRED_FORMAT3[m[Kâ€™
[16.583s]  1986 |   [01;36m[KEXPECT_PRED_FORMAT3[m[K(::testing::internal::DoubleNearPredFormat, val1, val2, \
[16.583s]       |   [01;36m[K^~~~~~~~~~~~~~~~~~~[m[K
[16.583s] [01m[K/home/thomas/MobileRobot/ws_new/src/ros-controls/ros2_controllers/ackermann_steering_controller/test/test_ackermann_steering_controller.cpp:268:3:[m[K [01;36m[Knote: [m[Kin expansion of macro â€˜[01m[KEXPECT_NEAR[m[Kâ€™
[16.583s]   268 |   [01;36m[KEXPECT_NEAR[m[K(
[16.583s]       |   [01;36m[K^~~~~~~~~~~[m[K
[16.583s] [01m[K/home/thomas/MobileRobot/ws_new/install/hardware_interface/include/hardware_interface/hardware_interface/loaned_command_interface.hpp:134:10:[m[K [01;36m[Knote: [m[Kdeclared here
[16.584s]   134 |   double [01;36m[Kget_value[m[K() const
[16.584s]       |          [01;36m[K^~~~~~~~~[m[K
[16.584s] [01m[K/home/thomas/MobileRobot/ws_new/src/ros-controls/ros2_controllers/ackermann_steering_controller/test/test_ackermann_steering_controller.cpp:272:70:[m[K [01;35m[Kwarning: [m[Kâ€˜[01m[Kdouble hardware_interface::LoanedCommandInterface::[01;32m[Kget_value[m[K() const[m[Kâ€™ is deprecated: Use std::optional<T> get_optional() instead to retrieve the value. This method will be removed by the ROS 2 Kilted Kaiju release. [[01;35m[K]8;;https://gcc.gnu.org/onlinedocs/gcc/Warning-Options.html#index-Wdeprecated-declarations-Wdeprecated-declarations]8;;[m[K]
[16.584s]   272 |     [01;35m[Kcontroller_->command_interfaces_[CMD_STEER_RIGHT_WHEEL].get_value()[m[K, 1.4179821977774734,
[16.584s]       |     [01;35m[K~~~~~~~~~~~~~~~~~~~~~~~~~~~~~~~~~~~~~~~~~~~~~~~~~~~~~~~~~~~~~~~~~^~[m[K
[16.585s] [01m[K/opt/ros/jazzy/src/gtest_vendor/include/gtest/gtest_pred_impl.h:79:52:[m[K [01;36m[Knote: [m[Kin definition of macro â€˜[01m[KGTEST_ASSERT_[m[Kâ€™
[16.585s]    79 |   if (const ::testing::AssertionResult gtest_ar = ([01;36m[Kexpression[m[K)) \
[16.585s]       |                                                    [01;36m[K^~~~~~~~~~[m[K
[16.585s] [01m[K/opt/ros/jazzy/src/gtest_vendor/include/gtest/gtest_pred_impl.h:183:3:[m[K [01;36m[Knote: [m[Kin expansion of macro â€˜[01m[KGTEST_PRED_FORMAT3_[m[Kâ€™
[16.585s]   183 |   [01;36m[KGTEST_PRED_FORMAT3_[m[K(pred_format, v1, v2, v3, GTEST_NONFATAL_FAILURE_)
[16.585s]       |   [01;36m[K^~~~~~~~~~~~~~~~~~~[m[K
[16.586s] [01m[K/opt/ros/jazzy/src/gtest_vendor/include/gtest/gtest.h:1986:3:[m[K [01;36m[Knote: [m[Kin expansion of macro â€˜[01m[KEXPECT_PRED_FORMAT3[m[Kâ€™
[16.586s]  1986 |   [01;36m[KEXPECT_PRED_FORMAT3[m[K(::testing::internal::DoubleNearPredFormat, val1, val2, \
[16.586s]       |   [01;36m[K^~~~~~~~~~~~~~~~~~~[m[K
[16.597s] [01m[K/home/thomas/MobileRobot/ws_new/src/ros-controls/ros2_controllers/ackermann_steering_controller/test/test_ackermann_steering_controller.cpp:271:3:[m[K [01;36m[Knote: [m[Kin expansion of macro â€˜[01m[KEXPECT_NEAR[m[Kâ€™
[16.597s]   271 |   [01;36m[KEXPECT_NEAR[m[K(
[16.598s]       |   [01;36m[K^~~~~~~~~~~[m[K
[16.598s] [01m[K/home/thomas/MobileRobot/ws_new/install/hardware_interface/include/hardware_interface/hardware_interface/loaned_command_interface.hpp:134:10:[m[K [01;36m[Knote: [m[Kdeclared here
[16.598s]   134 |   double [01;36m[Kget_value[m[K() const
[16.598s]       |          [01;36m[K^~~~~~~~~[m[K
[16.598s] [01m[K/home/thomas/MobileRobot/ws_new/src/ros-controls/ros2_controllers/ackermann_steering_controller/test/test_ackermann_steering_controller.cpp:275:69:[m[K [01;35m[Kwarning: [m[Kâ€˜[01m[Kdouble hardware_interface::LoanedCommandInterface::[01;32m[Kget_value[m[K() const[m[Kâ€™ is deprecated: Use std::optional<T> get_optional() instead to retrieve the value. This method will be removed by the ROS 2 Kilted Kaiju release. [[01;35m[K]8;;https://gcc.gnu.org/onlinedocs/gcc/Warning-Options.html#index-Wdeprecated-declarations-Wdeprecated-declarations]8;;[m[K]
[16.599s]   275 |     [01;35m[Kcontroller_->command_interfaces_[CMD_STEER_LEFT_WHEEL].get_value()[m[K, 1.4179821977774734,
[16.599s]       |     [01;35m[K~~~~~~~~~~~~~~~~~~~~~~~~~~~~~~~~~~~~~~~~~~~~~~~~~~~~~~~~~~~~~~~~^~[m[K
[16.599s] [01m[K/opt/ros/jazzy/src/gtest_vendor/include/gtest/gtest_pred_impl.h:79:52:[m[K [01;36m[Knote: [m[Kin definition of macro â€˜[01m[KGTEST_ASSERT_[m[Kâ€™
[16.599s]    79 |   if (const ::testing::AssertionResult gtest_ar = ([01;36m[Kexpression[m[K)) \
[16.599s]       |                                                    [01;36m[K^~~~~~~~~~[m[K
[16.600s] [01m[K/opt/ros/jazzy/src/gtest_vendor/include/gtest/gtest_pred_impl.h:183:3:[m[K [01;36m[Knote: [m[Kin expansion of macro â€˜[01m[KGTEST_PRED_FORMAT3_[m[Kâ€™
[16.600s]   183 |   [01;36m[KGTEST_PRED_FORMAT3_[m[K(pred_format, v1, v2, v3, GTEST_NONFATAL_FAILURE_)
[16.600s]       |   [01;36m[K^~~~~~~~~~~~~~~~~~~[m[K
[16.600s] [01m[K/opt/ros/jazzy/src/gtest_vendor/include/gtest/gtest.h:1986:3:[m[K [01;36m[Knote: [m[Kin expansion of macro â€˜[01m[KEXPECT_PRED_FORMAT3[m[Kâ€™
[16.600s]  1986 |   [01;36m[KEXPECT_PRED_FORMAT3[m[K(::testing::internal::DoubleNearPredFormat, val1, val2, \
[16.600s]       |   [01;36m[K^~~~~~~~~~~~~~~~~~~[m[K
[16.601s] [01m[K/home/thomas/MobileRobot/ws_new/src/ros-controls/ros2_controllers/ackermann_steering_controller/test/test_ackermann_steering_controller.cpp:274:3:[m[K [01;36m[Knote: [m[Kin expansion of macro â€˜[01m[KEXPECT_NEAR[m[Kâ€™
[16.601s]   274 |   [01;36m[KEXPECT_NEAR[m[K(
[16.608s]       |   [01;36m[K^~~~~~~~~~~[m[K
[16.608s] [01m[K/home/thomas/MobileRobot/ws_new/install/hardware_interface/include/hardware_interface/hardware_interface/loaned_command_interface.hpp:134:10:[m[K [01;36m[Knote: [m[Kdeclared here
[16.609s]   134 |   double [01;36m[Kget_value[m[K() const
[16.609s]       |          [01;36m[K^~~~~~~~~[m[K
[19.746s] In file included from [01m[K/opt/ros/jazzy/src/gtest_vendor/include/gtest/gtest.h:72[m[K,
[19.748s]                  from [01m[K/opt/ros/jazzy/src/gmock_vendor/include/gmock/internal/gmock-internal-utils.h:50[m[K,
[19.748s]                  from [01m[K/opt/ros/jazzy/src/gmock_vendor/include/gmock/gmock-actions.h:145[m[K,
[19.749s]                  from [01m[K/opt/ros/jazzy/src/gmock_vendor/include/gmock/gmock.h:56[m[K,
[19.749s]                  from [01m[K/home/thomas/MobileRobot/ws_new/src/ros-controls/ros2_controllers/ackermann_steering_controller/test/test_ackermann_steering_controller.hpp:18[m[K,
[19.749s]                  from [01m[K/home/thomas/MobileRobot/ws_new/src/ros-controls/ros2_controllers/ackermann_steering_controller/test/test_ackermann_steering_controller_preceding.cpp:20[m[K:
[19.749s] [01m[K/home/thomas/MobileRobot/ws_new/src/ros-controls/ros2_controllers/ackermann_steering_controller/test/test_ackermann_steering_controller_preceding.cpp:[m[K In member function â€˜[01m[Kvirtual void AckermannSteeringControllerTest_all_parameters_set_configure_success_Test::[01;32m[KTestBody[m[K()[m[Kâ€™:
[19.749s] [01m[K/home/thomas/MobileRobot/ws_new/src/ros-controls/ros2_controllers/ackermann_steering_controller/test/test_ackermann_steering_controller_preceding.cpp:34:26:[m[K [01;31m[Kerror: [m[Kâ€˜[01m[Kstruct steering_controllers_library::Params[m[Kâ€™ has no member named â€˜[01m[Ktraction_joints_names[m[Kâ€™
[19.750s]    34 |     controller_->params_.[01;31m[Ktraction_joints_names[m[K,
[19.750s]       |                          [01;31m[K^~~~~~~~~~~~~~~~~~~~~[m[K
[19.750s] [01m[K/opt/ros/jazzy/src/gtest_vendor/include/gtest/gtest_pred_impl.h:79:52:[m[K [01;36m[Knote: [m[Kin definition of macro â€˜[01m[KGTEST_ASSERT_[m[Kâ€™
[19.750s]    79 |   if (const ::testing::AssertionResult gtest_ar = ([01;36m[Kexpression[m[K)) \
[19.751s]       |                                                    [01;36m[K^~~~~~~~~~[m[K
[19.751s] [01m[K/opt/ros/jazzy/src/gtest_vendor/include/gtest/gtest_pred_impl.h:112:3:[m[K [01;36m[Knote: [m[Kin expansion of macro â€˜[01m[KGTEST_PRED_FORMAT1_[m[Kâ€™
[19.756s]   112 |   [01;36m[KGTEST_PRED_FORMAT1_[m[K(pred_format, v1, GTEST_FATAL_FAILURE_)
[19.757s]       |   [01;36m[K^~~~~~~~~~~~~~~~~~~[m[K
[19.757s] [01m[K/opt/ros/jazzy/src/gmock_vendor/include/gmock/gmock-matchers.h:5440:3:[m[K [01;36m[Knote: [m[Kin expansion of macro â€˜[01m[KASSERT_PRED_FORMAT1[m[Kâ€™
[19.757s]  5440 |   [01;36m[KASSERT_PRED_FORMAT1[m[K(              \
[19.757s]       |   [01;36m[K^~~~~~~~~~~~~~~~~~~[m[K
[19.758s] [01m[K/home/thomas/MobileRobot/ws_new/src/ros-controls/ros2_controllers/ackermann_steering_controller/test/test_ackermann_steering_controller_preceding.cpp:33:3:[m[K [01;36m[Knote: [m[Kin expansion of macro â€˜[01m[KASSERT_THAT[m[Kâ€™
[19.758s]    33 |   [01;36m[KASSERT_THAT[m[K(
[19.758s]       |   [01;36m[K^~~~~~~~~~~[m[K
[19.758s] [01m[K/home/thomas/MobileRobot/ws_new/src/ros-controls/ros2_controllers/ackermann_steering_controller/test/test_ackermann_steering_controller_preceding.cpp:37:26:[m[K [01;31m[Kerror: [m[Kâ€˜[01m[Kstruct steering_controllers_library::Params[m[Kâ€™ has no member named â€˜[01m[Ksteering_joints_names[m[Kâ€™
[19.758s]    37 |     controller_->params_.[01;31m[Ksteering_joints_names[m[K,
[19.759s]       |                          [01;31m[K^~~~~~~~~~~~~~~~~~~~~[m[K
[19.759s] [01m[K/opt/ros/jazzy/src/gtest_vendor/include/gtest/gtest_pred_impl.h:79:52:[m[K [01;36m[Knote: [m[Kin definition of macro â€˜[01m[KGTEST_ASSERT_[m[Kâ€™
[19.759s]    79 |   if (const ::testing::AssertionResult gtest_ar = ([01;36m[Kexpression[m[K)) \
[19.759s]       |                                                    [01;36m[K^~~~~~~~~~[m[K
[19.760s] [01m[K/opt/ros/jazzy/src/gtest_vendor/include/gtest/gtest_pred_impl.h:112:3:[m[K [01;36m[Knote: [m[Kin expansion of macro â€˜[01m[KGTEST_PRED_FORMAT1_[m[Kâ€™
[19.760s]   112 |   [01;36m[KGTEST_PRED_FORMAT1_[m[K(pred_format, v1, GTEST_FATAL_FAILURE_)
[19.768s]       |   [01;36m[K^~~~~~~~~~~~~~~~~~~[m[K
[19.768s] [01m[K/opt/ros/jazzy/src/gmock_vendor/include/gmock/gmock-matchers.h:5440:3:[m[K [01;36m[Knote: [m[Kin expansion of macro â€˜[01m[KASSERT_PRED_FORMAT1[m[Kâ€™
[19.769s]  5440 |   [01;36m[KASSERT_PRED_FORMAT1[m[K(              \
[19.769s]       |   [01;36m[K^~~~~~~~~~~~~~~~~~~[m[K
[19.769s] [01m[K/home/thomas/MobileRobot/ws_new/src/ros-controls/ros2_controllers/ackermann_steering_controller/test/test_ackermann_steering_controller_preceding.cpp:36:3:[m[K [01;36m[Knote: [m[Kin expansion of macro â€˜[01m[KASSERT_THAT[m[Kâ€™
[19.769s]    36 |   [01;36m[KASSERT_THAT[m[K(
[19.769s]       |   [01;36m[K^~~~~~~~~~~[m[K
[24.137s] gmake[2]: *** [CMakeFiles/test_ackermann_steering_controller_preceding.dir/build.make:76: CMakeFiles/test_ackermann_steering_controller_preceding.dir/test/test_ackermann_steering_controller_preceding.cpp.o] Error 1
[24.137s] gmake[1]: *** [CMakeFiles/Makefile2:291: CMakeFiles/test_ackermann_steering_controller_preceding.dir/all] Error 2
[24.350s] gmake[1]: *** Waiting for unfinished jobs....
[24.740s] gmake[2]: *** [CMakeFiles/test_ackermann_steering_controller.dir/build.make:76: CMakeFiles/test_ackermann_steering_controller.dir/test/test_ackermann_steering_controller.cpp.o] Error 1
[24.740s] gmake[1]: *** [CMakeFiles/Makefile2:263: CMakeFiles/test_ackermann_steering_controller.dir/all] Error 2
[25.858s] [ 86%] [32m[1mLinking CXX executable test_load_ackermann_steering_controller[0m
[45.878s] [ 86%] Built target test_load_ackermann_steering_controller
[45.880s] gmake: *** [Makefile:146: all] Error 2
[48.592s] Invoked command in '/home/thomas/MobileRobot/ws_new/build/ackermann_steering_controller' returned '2': AMENT_PREFIX_PATH=/home/thomas/MobileRobot/ws_new/install/steering_controllers_library:/home/thomas/MobileRobot/ws_new/install/controller_manager:/home/thomas/MobileRobot/ws_new/install/hardware_interface_testing:/home/thomas/MobileRobot/ws_new/install/controller_interface:/home/thomas/MobileRobot/ws_new/install/hardware_interface:/home/thomas/MobileRobot/ws_new/install/joint_limits:/home/thomas/MobileRobot/ws_new/install/realtime_tools:/home/thomas/MobileRobot/ws_new/install/ros2_control_test_assets:/home/thomas/MobileRobot/ws_new/install/ros2_control_cmake:/home/thomas/MobileRobot/ws_new/install/controller_manager_msgs:/home/thomas/MobileRobot/ws_new/install/control_msgs:${AMENT_PREFIX_PATH} CMAKE_PREFIX_PATH=/home/thomas/MobileRobot/ws_new/install/steering_controllers_library:/home/thomas/MobileRobot/ws_new/install/controller_manager:/home/thomas/MobileRobot/ws_new/install/hardware_interface_testing:/home/thomas/MobileRobot/ws_new/install/controller_interface:/home/thomas/MobileRobot/ws_new/install/hardware_interface:/home/thomas/MobileRobot/ws_new/install/joint_limits:/home/thomas/MobileRobot/ws_new/install/realtime_tools:/home/thomas/MobileRobot/ws_new/install/ros2_control_test_assets:/home/thomas/MobileRobot/ws_new/install/ros2_control_cmake:/home/thomas/MobileRobot/ws_new/install/controller_manager_msgs:/home/thomas/MobileRobot/ws_new/install/control_msgs:/home/thomas/MobileRobot/ws_new/install/my_kinematics_pkg:/home/thomas/MobileRobot/ws_new/install/mobile_robot:/home/thomas/MobileRobot/ws_new/install/backward:/opt/ros/jazzy/opt/gz_sim_vendor:/opt/ros/jazzy/opt/gz_sensors_vendor:/opt/ros/jazzy/opt/gz_physics_vendor:/opt/ros/jazzy/opt/sdformat_vendor:/opt/ros/jazzy/opt/gz_gui_vendor:/opt/ros/jazzy/opt/gz_transport_vendor:/opt/ros/jazzy/opt/gz_rendering_vendor:/opt/ros/jazzy/opt/gz_plugin_vendor:/opt/ros/jazzy/opt/gz_fuel_tools_vendor:/opt/ros/jazzy/opt/gz_msgs_vendor:/opt/ros/jazzy/opt/gz_common_vendor:/opt/ros/jazzy/opt/gz_math_vendor:/opt/ros/jazzy/opt/gz_utils_vendor:/opt/ros/jazzy/opt/gz_tools_vendor:/opt/ros/jazzy/opt/gz_ogre_next_vendor:/opt/ros/jazzy/opt/gz_dartsim_vendor:/opt/ros/jazzy/opt/gz_cmake_vendor:/home/thomas/dev_ws/install/basic_mobile_robot:/home/thomas/MobileRobot/ws_new/install/publisher_subscriber:/opt/ros/jazzy DEBUGINFOD_URLS=https://debuginfod.ubuntu.com LD_LIBRARY_PATH=/home/thomas/MobileRobot/ws_new/install/steering_controllers_library/lib:/home/thomas/MobileRobot/ws_new/install/controller_manager/lib:/home/thomas/MobileRobot/ws_new/install/hardware_interface_testing/lib:/home/thomas/MobileRobot/ws_new/install/controller_interface/lib:/home/thomas/MobileRobot/ws_new/install/hardware_interface/lib:/home/thomas/MobileRobot/ws_new/install/joint_limits/lib:/home/thomas/MobileRobot/ws_new/install/realtime_tools/lib:/home/thomas/MobileRobot/ws_new/install/ros2_control_test_assets/lib:/home/thomas/MobileRobot/ws_new/install/controller_manager_msgs/lib:/home/thomas/MobileRobot/ws_new/install/control_msgs/lib:${LD_LIBRARY_PATH} PYTHONPATH=/home/thomas/MobileRobot/ws_new/install/controller_manager/lib/python3.12/site-packages:/home/thomas/MobileRobot/ws_new/install/controller_manager_msgs/lib/python3.12/site-packages:/home/thomas/MobileRobot/ws_new/install/control_msgs/lib/python3.12/site-packages:${PYTHONPATH} /usr/bin/cmake --build /home/thomas/MobileRobot/ws_new/build/ackermann_steering_controller -- -j8 -l8
