[1.143s] Invoking command in '/home/thomas/MobileRobot/ws_new/build/force_torque_sensor_broadcaster': AMENT_PREFIX_PATH=/home/thomas/MobileRobot/ws_new/install/controller_manager:/home/thomas/MobileRobot/ws_new/install/hardware_interface_testing:/home/thomas/MobileRobot/ws_new/install/controller_interface:/home/thomas/MobileRobot/ws_new/install/hardware_interface:/home/thomas/MobileRobot/ws_new/install/joint_limits:/home/thomas/MobileRobot/ws_new/install/realtime_tools:/home/thomas/MobileRobot/ws_new/install/ros2_control_test_assets:/home/thomas/MobileRobot/ws_new/install/ros2_control_cmake:/home/thomas/MobileRobot/ws_new/install/controller_manager_msgs:/home/thomas/MobileRobot/ws_new/install/control_msgs:${AMENT_PREFIX_PATH} CMAKE_PREFIX_PATH=/home/thomas/MobileRobot/ws_new/install/controller_manager:/home/thomas/MobileRobot/ws_new/install/hardware_interface_testing:/home/thomas/MobileRobot/ws_new/install/controller_interface:/home/thomas/MobileRobot/ws_new/install/hardware_interface:/home/thomas/MobileRobot/ws_new/install/joint_limits:/home/thomas/MobileRobot/ws_new/install/realtime_tools:/home/thomas/MobileRobot/ws_new/install/ros2_control_test_assets:/home/thomas/MobileRobot/ws_new/install/ros2_control_cmake:/home/thomas/MobileRobot/ws_new/install/controller_manager_msgs:/home/thomas/MobileRobot/ws_new/install/control_msgs:/home/thomas/MobileRobot/ws_new/install/my_kinematics_pkg:/home/thomas/MobileRobot/ws_new/install/mobile_robot:/home/thomas/MobileRobot/ws_new/install/backward:/opt/ros/jazzy/opt/gz_sim_vendor:/opt/ros/jazzy/opt/gz_sensors_vendor:/opt/ros/jazzy/opt/gz_physics_vendor:/opt/ros/jazzy/opt/sdformat_vendor:/opt/ros/jazzy/opt/gz_gui_vendor:/opt/ros/jazzy/opt/gz_transport_vendor:/opt/ros/jazzy/opt/gz_rendering_vendor:/opt/ros/jazzy/opt/gz_plugin_vendor:/opt/ros/jazzy/opt/gz_fuel_tools_vendor:/opt/ros/jazzy/opt/gz_msgs_vendor:/opt/ros/jazzy/opt/gz_common_vendor:/opt/ros/jazzy/opt/gz_math_vendor:/opt/ros/jazzy/opt/gz_utils_vendor:/opt/ros/jazzy/opt/gz_tools_vendor:/opt/ros/jazzy/opt/gz_ogre_next_vendor:/opt/ros/jazzy/opt/gz_dartsim_vendor:/opt/ros/jazzy/opt/gz_cmake_vendor:/home/thomas/dev_ws/install/basic_mobile_robot:/home/thomas/MobileRobot/ws_new/install/publisher_subscriber:/opt/ros/jazzy DEBUGINFOD_URLS=https://debuginfod.ubuntu.com LD_LIBRARY_PATH=/home/thomas/MobileRobot/ws_new/install/controller_manager/lib:/home/thomas/MobileRobot/ws_new/install/hardware_interface_testing/lib:/home/thomas/MobileRobot/ws_new/install/controller_interface/lib:/home/thomas/MobileRobot/ws_new/install/hardware_interface/lib:/home/thomas/MobileRobot/ws_new/install/joint_limits/lib:/home/thomas/MobileRobot/ws_new/install/realtime_tools/lib:/home/thomas/MobileRobot/ws_new/install/ros2_control_test_assets/lib:/home/thomas/MobileRobot/ws_new/install/controller_manager_msgs/lib:/home/thomas/MobileRobot/ws_new/install/control_msgs/lib:${LD_LIBRARY_PATH} PYTHONPATH=/home/thomas/MobileRobot/ws_new/install/controller_manager/lib/python3.12/site-packages:/home/thomas/MobileRobot/ws_new/install/controller_manager_msgs/lib/python3.12/site-packages:/home/thomas/MobileRobot/ws_new/install/control_msgs/lib/python3.12/site-packages:${PYTHONPATH} /usr/bin/cmake /home/thomas/MobileRobot/ws_new/src/ros-controls/ros2_controllers/force_torque_sensor_broadcaster -DAMENT_CMAKE_SYMLINK_INSTALL=1 -DCMAKE_INSTALL_PREFIX=/home/thomas/MobileRobot/ws_new/install/force_torque_sensor_broadcaster
[4.926s] -- The C compiler identification is GNU 13.3.0
[4.927s] -- The CXX compiler identification is GNU 13.3.0
[4.927s] -- Detecting C compiler ABI info
[4.927s] -- Detecting C compiler ABI info - done
[4.927s] -- Check for working C compiler: /usr/bin/cc - skipped
[4.928s] -- Detecting C compile features
[4.928s] -- Detecting C compile features - done
[4.928s] -- Detecting CXX compiler ABI info
[4.958s] -- Detecting CXX compiler ABI info - done
[4.960s] -- Check for working CXX compiler: /usr/bin/c++ - skipped
[4.960s] -- Detecting CXX compile features
[4.960s] -- Detecting CXX compile features - done
[4.960s] -- Found ros2_control_cmake: 0.1.1 (/home/thomas/MobileRobot/ws_new/install/ros2_control_cmake/share/ros2_control_cmake/cmake)
[4.961s] -- Compiler warnings enabled for GNU
[4.961s] -- Detected GCC Version: 13.3.0 (Major: 13, Minor: 3)
[4.961s] -- Found ament_cmake: 2.5.3 (/opt/ros/jazzy/share/ament_cmake/cmake)
[4.961s] -- Found Python3: /usr/bin/python3 (found version "3.12.3") found components: Interpreter 
[5.120s] -- Override CMake install command with custom implementation using symlinks instead of copying resources
[6.629s] -- Found controller_interface: 4.29.0 (/home/thomas/MobileRobot/ws_new/install/controller_interface/share/controller_interface/cmake)
[8.206s] -- Found rosidl_generator_c: 4.6.5 (/opt/ros/jazzy/share/rosidl_generator_c/cmake)
[8.488s] -- Found rosidl_generator_cpp: 4.6.5 (/opt/ros/jazzy/share/rosidl_generator_cpp/cmake)
[9.041s] -- Using all available rosidl_typesupport_c: rosidl_typesupport_fastrtps_c;rosidl_typesupport_introspection_c
[9.530s] -- Using all available rosidl_typesupport_cpp: rosidl_typesupport_fastrtps_cpp;rosidl_typesupport_introspection_cpp
[13.089s] -- Found TinyXML2 via Config file: /usr/lib/x86_64-linux-gnu/cmake/tinyxml2
[13.280s] -- Found rmw_implementation_cmake: 7.3.1 (/opt/ros/jazzy/share/rmw_implementation_cmake/cmake)
[13.291s] -- Found rmw_cyclonedds_cpp: 2.2.3 (/opt/ros/jazzy/share/rmw_cyclonedds_cpp/cmake)
[13.382s] -- Using RMW implementation 'rmw_cyclonedds_cpp' as default
[15.729s] -- Found generate_parameter_library: 0.4.0 (/opt/ros/jazzy/share/generate_parameter_library/cmake)
[15.753s] -- Found parameter_traits: 0.4.0 (/opt/ros/jazzy/share/parameter_traits/cmake)
[15.837s] -- Found ament_cmake_gmock: 2.5.3 (/opt/ros/jazzy/share/ament_cmake_gmock/cmake)
[15.841s] -- Found controller_manager: 4.29.0 (/home/thomas/MobileRobot/ws_new/install/controller_manager/share/controller_manager/cmake)
[16.522s] -- Found ros2_control_test_assets: 4.29.0 (/home/thomas/MobileRobot/ws_new/install/ros2_control_test_assets/share/ros2_control_test_assets/cmake)
[16.623s] -- Found gmock sources under '/opt/ros/jazzy/src/gmock_vendor': C++ tests using 'Google Mock' will be built
[16.718s] -- Found ament_cmake_gtest: 2.5.3 (/opt/ros/jazzy/share/ament_cmake_gtest/cmake)
[16.748s] -- Found gtest sources under '/opt/ros/jazzy/src/gtest_vendor': C++ tests using 'Google Test' will be built
[17.541s] -- Configuring done (16.3s)
[17.907s] -- Generating done (0.3s)
[18.004s] -- Build files have been written to: /home/thomas/MobileRobot/ws_new/build/force_torque_sensor_broadcaster
[18.048s] Invoked command in '/home/thomas/MobileRobot/ws_new/build/force_torque_sensor_broadcaster' returned '0': AMENT_PREFIX_PATH=/home/thomas/MobileRobot/ws_new/install/controller_manager:/home/thomas/MobileRobot/ws_new/install/hardware_interface_testing:/home/thomas/MobileRobot/ws_new/install/controller_interface:/home/thomas/MobileRobot/ws_new/install/hardware_interface:/home/thomas/MobileRobot/ws_new/install/joint_limits:/home/thomas/MobileRobot/ws_new/install/realtime_tools:/home/thomas/MobileRobot/ws_new/install/ros2_control_test_assets:/home/thomas/MobileRobot/ws_new/install/ros2_control_cmake:/home/thomas/MobileRobot/ws_new/install/controller_manager_msgs:/home/thomas/MobileRobot/ws_new/install/control_msgs:${AMENT_PREFIX_PATH} CMAKE_PREFIX_PATH=/home/thomas/MobileRobot/ws_new/install/controller_manager:/home/thomas/MobileRobot/ws_new/install/hardware_interface_testing:/home/thomas/MobileRobot/ws_new/install/controller_interface:/home/thomas/MobileRobot/ws_new/install/hardware_interface:/home/thomas/MobileRobot/ws_new/install/joint_limits:/home/thomas/MobileRobot/ws_new/install/realtime_tools:/home/thomas/MobileRobot/ws_new/install/ros2_control_test_assets:/home/thomas/MobileRobot/ws_new/install/ros2_control_cmake:/home/thomas/MobileRobot/ws_new/install/controller_manager_msgs:/home/thomas/MobileRobot/ws_new/install/control_msgs:/home/thomas/MobileRobot/ws_new/install/my_kinematics_pkg:/home/thomas/MobileRobot/ws_new/install/mobile_robot:/home/thomas/MobileRobot/ws_new/install/backward:/opt/ros/jazzy/opt/gz_sim_vendor:/opt/ros/jazzy/opt/gz_sensors_vendor:/opt/ros/jazzy/opt/gz_physics_vendor:/opt/ros/jazzy/opt/sdformat_vendor:/opt/ros/jazzy/opt/gz_gui_vendor:/opt/ros/jazzy/opt/gz_transport_vendor:/opt/ros/jazzy/opt/gz_rendering_vendor:/opt/ros/jazzy/opt/gz_plugin_vendor:/opt/ros/jazzy/opt/gz_fuel_tools_vendor:/opt/ros/jazzy/opt/gz_msgs_vendor:/opt/ros/jazzy/opt/gz_common_vendor:/opt/ros/jazzy/opt/gz_math_vendor:/opt/ros/jazzy/opt/gz_utils_vendor:/opt/ros/jazzy/opt/gz_tools_vendor:/opt/ros/jazzy/opt/gz_ogre_next_vendor:/opt/ros/jazzy/opt/gz_dartsim_vendor:/opt/ros/jazzy/opt/gz_cmake_vendor:/home/thomas/dev_ws/install/basic_mobile_robot:/home/thomas/MobileRobot/ws_new/install/publisher_subscriber:/opt/ros/jazzy DEBUGINFOD_URLS=https://debuginfod.ubuntu.com LD_LIBRARY_PATH=/home/thomas/MobileRobot/ws_new/install/controller_manager/lib:/home/thomas/MobileRobot/ws_new/install/hardware_interface_testing/lib:/home/thomas/MobileRobot/ws_new/install/controller_interface/lib:/home/thomas/MobileRobot/ws_new/install/hardware_interface/lib:/home/thomas/MobileRobot/ws_new/install/joint_limits/lib:/home/thomas/MobileRobot/ws_new/install/realtime_tools/lib:/home/thomas/MobileRobot/ws_new/install/ros2_control_test_assets/lib:/home/thomas/MobileRobot/ws_new/install/controller_manager_msgs/lib:/home/thomas/MobileRobot/ws_new/install/control_msgs/lib:${LD_LIBRARY_PATH} PYTHONPATH=/home/thomas/MobileRobot/ws_new/install/controller_manager/lib/python3.12/site-packages:/home/thomas/MobileRobot/ws_new/install/controller_manager_msgs/lib/python3.12/site-packages:/home/thomas/MobileRobot/ws_new/install/control_msgs/lib/python3.12/site-packages:${PYTHONPATH} /usr/bin/cmake /home/thomas/MobileRobot/ws_new/src/ros-controls/ros2_controllers/force_torque_sensor_broadcaster -DAMENT_CMAKE_SYMLINK_INSTALL=1 -DCMAKE_INSTALL_PREFIX=/home/thomas/MobileRobot/ws_new/install/force_torque_sensor_broadcaster
[18.049s] Invoking command in '/home/thomas/MobileRobot/ws_new/build/force_torque_sensor_broadcaster': AMENT_PREFIX_PATH=/home/thomas/MobileRobot/ws_new/install/controller_manager:/home/thomas/MobileRobot/ws_new/install/hardware_interface_testing:/home/thomas/MobileRobot/ws_new/install/controller_interface:/home/thomas/MobileRobot/ws_new/install/hardware_interface:/home/thomas/MobileRobot/ws_new/install/joint_limits:/home/thomas/MobileRobot/ws_new/install/realtime_tools:/home/thomas/MobileRobot/ws_new/install/ros2_control_test_assets:/home/thomas/MobileRobot/ws_new/install/ros2_control_cmake:/home/thomas/MobileRobot/ws_new/install/controller_manager_msgs:/home/thomas/MobileRobot/ws_new/install/control_msgs:${AMENT_PREFIX_PATH} CMAKE_PREFIX_PATH=/home/thomas/MobileRobot/ws_new/install/controller_manager:/home/thomas/MobileRobot/ws_new/install/hardware_interface_testing:/home/thomas/MobileRobot/ws_new/install/controller_interface:/home/thomas/MobileRobot/ws_new/install/hardware_interface:/home/thomas/MobileRobot/ws_new/install/joint_limits:/home/thomas/MobileRobot/ws_new/install/realtime_tools:/home/thomas/MobileRobot/ws_new/install/ros2_control_test_assets:/home/thomas/MobileRobot/ws_new/install/ros2_control_cmake:/home/thomas/MobileRobot/ws_new/install/controller_manager_msgs:/home/thomas/MobileRobot/ws_new/install/control_msgs:/home/thomas/MobileRobot/ws_new/install/my_kinematics_pkg:/home/thomas/MobileRobot/ws_new/install/mobile_robot:/home/thomas/MobileRobot/ws_new/install/backward:/opt/ros/jazzy/opt/gz_sim_vendor:/opt/ros/jazzy/opt/gz_sensors_vendor:/opt/ros/jazzy/opt/gz_physics_vendor:/opt/ros/jazzy/opt/sdformat_vendor:/opt/ros/jazzy/opt/gz_gui_vendor:/opt/ros/jazzy/opt/gz_transport_vendor:/opt/ros/jazzy/opt/gz_rendering_vendor:/opt/ros/jazzy/opt/gz_plugin_vendor:/opt/ros/jazzy/opt/gz_fuel_tools_vendor:/opt/ros/jazzy/opt/gz_msgs_vendor:/opt/ros/jazzy/opt/gz_common_vendor:/opt/ros/jazzy/opt/gz_math_vendor:/opt/ros/jazzy/opt/gz_utils_vendor:/opt/ros/jazzy/opt/gz_tools_vendor:/opt/ros/jazzy/opt/gz_ogre_next_vendor:/opt/ros/jazzy/opt/gz_dartsim_vendor:/opt/ros/jazzy/opt/gz_cmake_vendor:/home/thomas/dev_ws/install/basic_mobile_robot:/home/thomas/MobileRobot/ws_new/install/publisher_subscriber:/opt/ros/jazzy DEBUGINFOD_URLS=https://debuginfod.ubuntu.com LD_LIBRARY_PATH=/home/thomas/MobileRobot/ws_new/install/controller_manager/lib:/home/thomas/MobileRobot/ws_new/install/hardware_interface_testing/lib:/home/thomas/MobileRobot/ws_new/install/controller_interface/lib:/home/thomas/MobileRobot/ws_new/install/hardware_interface/lib:/home/thomas/MobileRobot/ws_new/install/joint_limits/lib:/home/thomas/MobileRobot/ws_new/install/realtime_tools/lib:/home/thomas/MobileRobot/ws_new/install/ros2_control_test_assets/lib:/home/thomas/MobileRobot/ws_new/install/controller_manager_msgs/lib:/home/thomas/MobileRobot/ws_new/install/control_msgs/lib:${LD_LIBRARY_PATH} PYTHONPATH=/home/thomas/MobileRobot/ws_new/install/controller_manager/lib/python3.12/site-packages:/home/thomas/MobileRobot/ws_new/install/controller_manager_msgs/lib/python3.12/site-packages:/home/thomas/MobileRobot/ws_new/install/control_msgs/lib/python3.12/site-packages:${PYTHONPATH} /usr/bin/cmake --build /home/thomas/MobileRobot/ws_new/build/force_torque_sensor_broadcaster -- -j8 -l8
[18.200s] [  7%] [34m[1mRunning `/opt/ros/jazzy/bin/generate_parameter_library_cpp /home/thomas/MobileRobot/ws_new/build/force_torque_sensor_broadcaster/include/force_torque_sensor_broadcaster/force_torque_sensor_broadcaster_parameters.hpp /home/thomas/MobileRobot/ws_new/src/ros-controls/ros2_controllers/force_torque_sensor_broadcaster/src/force_torque_sensor_broadcaster_parameters.yaml `[0m
[18.212s] [ 15%] [32mBuilding CXX object gmock/CMakeFiles/gmock.dir/opt/ros/jazzy/src/gtest_vendor/src/gtest-all.cc.o[0m
[18.216s] [ 23%] [32mBuilding CXX object gmock/CMakeFiles/gmock_main.dir/src/gmock_main.cc.o[0m
[18.219s] [ 30%] [32mBuilding CXX object gmock/CMakeFiles/gmock.dir/src/gmock-all.cc.o[0m
[25.929s] [ 38%] [32m[1mLinking CXX static library libgmock_main.a[0m
[26.036s] [ 46%] [34m[1mCreating deprecated header file /home/thomas/MobileRobot/ws_new/build/force_torque_sensor_broadcaster/include/force_torque_sensor_broadcaster_parameters.hpp[0m
[26.134s] [ 46%] Built target gmock_main
[26.248s] [ 46%] Built target force_torque_sensor_broadcaster_parameters
[32.835s] [ 53%] [32m[1mLinking CXX static library libgmock.a[0m
[33.018s] [ 53%] Built target gmock
[33.070s] [ 61%] [32mBuilding CXX object CMakeFiles/force_torque_sensor_broadcaster.dir/src/force_torque_sensor_broadcaster.cpp.o[0m
[45.001s] [ 69%] [32m[1mLinking CXX shared library libforce_torque_sensor_broadcaster.so[0m
[45.750s] [ 69%] Built target force_torque_sensor_broadcaster
[45.802s] [ 76%] [32mBuilding CXX object CMakeFiles/test_load_force_torque_sensor_broadcaster.dir/test/test_load_force_torque_sensor_broadcaster.cpp.o[0m
[59.260s] [ 84%] [32m[1mLinking CXX executable test_load_force_torque_sensor_broadcaster[0m
[61.383s] [ 84%] Built target test_load_force_torque_sensor_broadcaster
[61.445s] [ 92%] [32mBuilding CXX object CMakeFiles/test_force_torque_sensor_broadcaster.dir/test/test_force_torque_sensor_broadcaster.cpp.o[0m
[68.335s] In file included from [01m[K/opt/ros/jazzy/src/gtest_vendor/include/gtest/gtest.h:72[m[K,
[68.336s]                  from [01m[K/opt/ros/jazzy/src/gmock_vendor/include/gmock/internal/gmock-internal-utils.h:50[m[K,
[68.336s]                  from [01m[K/opt/ros/jazzy/src/gmock_vendor/include/gmock/gmock-actions.h:145[m[K,
[68.336s]                  from [01m[K/opt/ros/jazzy/src/gmock_vendor/include/gmock/gmock.h:56[m[K,
[68.336s]                  from [01m[K/home/thomas/MobileRobot/ws_new/src/ros-controls/ros2_controllers/force_torque_sensor_broadcaster/test/test_force_torque_sensor_broadcaster.hpp:22[m[K,
[68.336s]                  from [01m[K/home/thomas/MobileRobot/ws_new/src/ros-controls/ros2_controllers/force_torque_sensor_broadcaster/test/test_force_torque_sensor_broadcaster.cpp:19[m[K:
[68.336s] [01m[K/home/thomas/MobileRobot/ws_new/src/ros-controls/ros2_controllers/force_torque_sensor_broadcaster/test/test_force_torque_sensor_broadcaster.cpp:[m[K In member function â€˜[01m[Kvirtual void ForceTorqueSensorBroadcasterTest_SensorName_Publish_Success_with_Offsets_Test::[01;32m[KTestBody[m[K()[m[Kâ€™:
[68.337s] [01m[K/home/thomas/MobileRobot/ws_new/src/ros-controls/ros2_controllers/force_torque_sensor_broadcaster/test/test_force_torque_sensor_broadcaster.cpp:353:46:[m[K [01;35m[Kwarning: [m[Kâ€˜[01m[Kdouble hardware_interface::Handle::[01;32m[Kget_value[m[K() const[m[Kâ€™ is deprecated: Use std::optional<T> get_optional() instead to retrieve the value. This method will be removed by the ROS 2 Kilted Kaiju release. [[01;35m[K]8;;https://gcc.gnu.org/onlinedocs/gcc/Warning-Options.html#index-Wdeprecated-declarations-Wdeprecated-declarations]8;;[m[K]
[68.337s]   353 |       [01;35m[Kexported_state_interfaces[i]->get_value()[m[K,
[68.337s]       |       [01;35m[K~~~~~~~~~~~~~~~~~~~~~~~~~~~~~~~~~~~~~~~^~[m[K
[68.337s] [01m[K/opt/ros/jazzy/src/gtest_vendor/include/gtest/gtest_pred_impl.h:79:52:[m[K [01;36m[Knote: [m[Kin definition of macro â€˜[01m[KGTEST_ASSERT_[m[Kâ€™
[68.337s]    79 |   if (const ::testing::AssertionResult gtest_ar = ([01;36m[Kexpression[m[K)) \
[68.337s]       |                                                    [01;36m[K^~~~~~~~~~[m[K
[68.338s] [01m[K/opt/ros/jazzy/src/gtest_vendor/include/gtest/gtest_pred_impl.h:148:3:[m[K [01;36m[Knote: [m[Kin expansion of macro â€˜[01m[KGTEST_PRED_FORMAT2_[m[Kâ€™
[68.338s]   148 |   [01;36m[KGTEST_PRED_FORMAT2_[m[K(pred_format, v1, v2, GTEST_FATAL_FAILURE_)
[68.338s]       |   [01;36m[K^~~~~~~~~~~~~~~~~~~[m[K
[68.338s] [01m[K/opt/ros/jazzy/src/gtest_vendor/include/gtest/gtest.h:1882:3:[m[K [01;36m[Knote: [m[Kin expansion of macro â€˜[01m[KASSERT_PRED_FORMAT2[m[Kâ€™
[68.338s]  1882 |   [01;36m[KASSERT_PRED_FORMAT2[m[K(::testing::internal::EqHelper::Compare, val1, val2)
[68.338s]       |   [01;36m[K^~~~~~~~~~~~~~~~~~~[m[K
[68.339s] [01m[K/opt/ros/jazzy/src/gtest_vendor/include/gtest/gtest.h:1898:31:[m[K [01;36m[Knote: [m[Kin expansion of macro â€˜[01m[KGTEST_ASSERT_EQ[m[Kâ€™
[68.339s]  1898 | #define ASSERT_EQ(val1, val2) [01;36m[KGTEST_ASSERT_EQ[m[K(val1, val2)
[68.339s]       |                               [01;36m[K^~~~~~~~~~~~~~~[m[K
[68.339s] [01m[K/home/thomas/MobileRobot/ws_new/src/ros-controls/ros2_controllers/force_torque_sensor_broadcaster/test/test_force_torque_sensor_broadcaster.cpp:352:5:[m[K [01;36m[Knote: [m[Kin expansion of macro â€˜[01m[KASSERT_EQ[m[Kâ€™
[68.339s]   352 |     [01;36m[KASSERT_EQ[m[K(
[68.339s]       |     [01;36m[K^~~~~~~~~[m[K
[68.339s] In file included from [01m[K/home/thomas/MobileRobot/ws_new/install/controller_interface/include/controller_interface/controller_interface/controller_interface_base.hpp:25[m[K,
[68.340s]                  from [01m[K/home/thomas/MobileRobot/ws_new/install/controller_interface/include/controller_interface/controller_interface/chainable_controller_interface.hpp:23[m[K,
[68.340s]                  from [01m[K/home/thomas/MobileRobot/ws_new/src/ros-controls/ros2_controllers/force_torque_sensor_broadcaster/include/force_torque_sensor_broadcaster/force_torque_sensor_broadcaster.hpp:25[m[K,
[68.340s]                  from [01m[K/home/thomas/MobileRobot/ws_new/src/ros-controls/ros2_controllers/force_torque_sensor_broadcaster/test/test_force_torque_sensor_broadcaster.hpp:27[m[K:
[68.340s] [01m[K/home/thomas/MobileRobot/ws_new/install/hardware_interface/include/hardware_interface/hardware_interface/handle.hpp:147:10:[m[K [01;36m[Knote: [m[Kdeclared here
[68.340s]   147 |   double [01;36m[Kget_value[m[K() const
[68.340s]       |          [01;36m[K^~~~~~~~~[m[K
[68.340s] [01m[K/home/thomas/MobileRobot/ws_new/src/ros-controls/ros2_controllers/force_torque_sensor_broadcaster/test/test_force_torque_sensor_broadcaster.cpp:[m[K In member function â€˜[01m[Kvirtual void ForceTorqueSensorBroadcasterTest_InterfaceNames_Publish_Success_Test::[01;32m[KTestBody[m[K()[m[Kâ€™:
[68.340s] [01m[K/home/thomas/MobileRobot/ws_new/src/ros-controls/ros2_controllers/force_torque_sensor_broadcaster/test/test_force_torque_sensor_broadcaster.cpp:391:52:[m[K [01;35m[Kwarning: [m[Kâ€˜[01m[Kdouble hardware_interface::Handle::[01;32m[Kget_value[m[K() const[m[Kâ€™ is deprecated: Use std::optional<T> get_optional() instead to retrieve the value. This method will be removed by the ROS 2 Kilted Kaiju release. [[01;35m[K]8;;https://gcc.gnu.org/onlinedocs/gcc/Warning-Options.html#index-Wdeprecated-declarations-Wdeprecated-declarations]8;;[m[K]
[68.340s]   391 |   ASSERT_EQ([01;35m[Kexported_state_interfaces[0]->get_value()[m[K, sensor_values_[0]);
[68.341s]       |             [01;35m[K~~~~~~~~~~~~~~~~~~~~~~~~~~~~~~~~~~~~~~~^~[m[K
[68.341s] [01m[K/opt/ros/jazzy/src/gtest_vendor/include/gtest/gtest_pred_impl.h:79:52:[m[K [01;36m[Knote: [m[Kin definition of macro â€˜[01m[KGTEST_ASSERT_[m[Kâ€™
[68.341s]    79 |   if (const ::testing::AssertionResult gtest_ar = ([01;36m[Kexpression[m[K)) \
[68.341s]       |                                                    [01;36m[K^~~~~~~~~~[m[K
[68.341s] [01m[K/opt/ros/jazzy/src/gtest_vendor/include/gtest/gtest_pred_impl.h:148:3:[m[K [01;36m[Knote: [m[Kin expansion of macro â€˜[01m[KGTEST_PRED_FORMAT2_[m[Kâ€™
[68.341s]   148 |   [01;36m[KGTEST_PRED_FORMAT2_[m[K(pred_format, v1, v2, GTEST_FATAL_FAILURE_)
[68.342s]       |   [01;36m[K^~~~~~~~~~~~~~~~~~~[m[K
[68.342s] [01m[K/opt/ros/jazzy/src/gtest_vendor/include/gtest/gtest.h:1882:3:[m[K [01;36m[Knote: [m[Kin expansion of macro â€˜[01m[KASSERT_PRED_FORMAT2[m[Kâ€™
[68.342s]  1882 |   [01;36m[KASSERT_PRED_FORMAT2[m[K(::testing::internal::EqHelper::Compare, val1, val2)
[68.342s]       |   [01;36m[K^~~~~~~~~~~~~~~~~~~[m[K
[68.342s] [01m[K/opt/ros/jazzy/src/gtest_vendor/include/gtest/gtest.h:1898:31:[m[K [01;36m[Knote: [m[Kin expansion of macro â€˜[01m[KGTEST_ASSERT_EQ[m[Kâ€™
[68.342s]  1898 | #define ASSERT_EQ(val1, val2) [01;36m[KGTEST_ASSERT_EQ[m[K(val1, val2)
[68.342s]       |                               [01;36m[K^~~~~~~~~~~~~~~[m[K
[68.343s] [01m[K/home/thomas/MobileRobot/ws_new/src/ros-controls/ros2_controllers/force_torque_sensor_broadcaster/test/test_force_torque_sensor_broadcaster.cpp:391:3:[m[K [01;36m[Knote: [m[Kin expansion of macro â€˜[01m[KASSERT_EQ[m[Kâ€™
[68.343s]   391 |   [01;36m[KASSERT_EQ[m[K(exported_state_interfaces[0]->get_value(), sensor_values_[0]);
[68.343s]       |   [01;36m[K^~~~~~~~~[m[K
[68.343s] [01m[K/home/thomas/MobileRobot/ws_new/install/hardware_interface/include/hardware_interface/hardware_interface/handle.hpp:147:10:[m[K [01;36m[Knote: [m[Kdeclared here
[68.343s]   147 |   double [01;36m[Kget_value[m[K() const
[68.343s]       |          [01;36m[K^~~~~~~~~[m[K
[68.343s] [01m[K/home/thomas/MobileRobot/ws_new/src/ros-controls/ros2_controllers/force_torque_sensor_broadcaster/test/test_force_torque_sensor_broadcaster.cpp:392:52:[m[K [01;35m[Kwarning: [m[Kâ€˜[01m[Kdouble hardware_interface::Handle::[01;32m[Kget_value[m[K() const[m[Kâ€™ is deprecated: Use std::optional<T> get_optional() instead to retrieve the value. This method will be removed by the ROS 2 Kilted Kaiju release. [[01;35m[K]8;;https://gcc.gnu.org/onlinedocs/gcc/Warning-Options.html#index-Wdeprecated-declarations-Wdeprecated-declarations]8;;[m[K]
[68.343s]   392 |   ASSERT_EQ([01;35m[Kexported_state_interfaces[1]->get_value()[m[K, sensor_values_[5]);
[68.343s]       |             [01;35m[K~~~~~~~~~~~~~~~~~~~~~~~~~~~~~~~~~~~~~~~^~[m[K
[68.344s] [01m[K/opt/ros/jazzy/src/gtest_vendor/include/gtest/gtest_pred_impl.h:79:52:[m[K [01;36m[Knote: [m[Kin definition of macro â€˜[01m[KGTEST_ASSERT_[m[Kâ€™
[68.344s]    79 |   if (const ::testing::AssertionResult gtest_ar = ([01;36m[Kexpression[m[K)) \
[68.344s]       |                                                    [01;36m[K^~~~~~~~~~[m[K
[68.344s] [01m[K/opt/ros/jazzy/src/gtest_vendor/include/gtest/gtest_pred_impl.h:148:3:[m[K [01;36m[Knote: [m[Kin expansion of macro â€˜[01m[KGTEST_PRED_FORMAT2_[m[Kâ€™
[68.344s]   148 |   [01;36m[KGTEST_PRED_FORMAT2_[m[K(pred_format, v1, v2, GTEST_FATAL_FAILURE_)
[68.344s]       |   [01;36m[K^~~~~~~~~~~~~~~~~~~[m[K
[68.344s] [01m[K/opt/ros/jazzy/src/gtest_vendor/include/gtest/gtest.h:1882:3:[m[K [01;36m[Knote: [m[Kin expansion of macro â€˜[01m[KASSERT_PRED_FORMAT2[m[Kâ€™
[68.344s]  1882 |   [01;36m[KASSERT_PRED_FORMAT2[m[K(::testing::internal::EqHelper::Compare, val1, val2)
[68.344s]       |   [01;36m[K^~~~~~~~~~~~~~~~~~~[m[K
[68.344s] [01m[K/opt/ros/jazzy/src/gtest_vendor/include/gtest/gtest.h:1898:31:[m[K [01;36m[Knote: [m[Kin expansion of macro â€˜[01m[KGTEST_ASSERT_EQ[m[Kâ€™
[68.345s]  1898 | #define ASSERT_EQ(val1, val2) [01;36m[KGTEST_ASSERT_EQ[m[K(val1, val2)
[68.345s]       |                               [01;36m[K^~~~~~~~~~~~~~~[m[K
[68.345s] [01m[K/home/thomas/MobileRobot/ws_new/src/ros-controls/ros2_controllers/force_torque_sensor_broadcaster/test/test_force_torque_sensor_broadcaster.cpp:392:3:[m[K [01;36m[Knote: [m[Kin expansion of macro â€˜[01m[KASSERT_EQ[m[Kâ€™
[68.345s]   392 |   [01;36m[KASSERT_EQ[m[K(exported_state_interfaces[1]->get_value(), sensor_values_[5]);
[68.345s]       |   [01;36m[K^~~~~~~~~[m[K
[68.345s] [01m[K/home/thomas/MobileRobot/ws_new/install/hardware_interface/include/hardware_interface/hardware_interface/handle.hpp:147:10:[m[K [01;36m[Knote: [m[Kdeclared here
[68.346s]   147 |   double [01;36m[Kget_value[m[K() const
[68.346s]       |          [01;36m[K^~~~~~~~~[m[K
[68.346s] [01m[K/home/thomas/MobileRobot/ws_new/src/ros-controls/ros2_controllers/force_torque_sensor_broadcaster/test/test_force_torque_sensor_broadcaster.cpp:[m[K In member function â€˜[01m[Kvirtual void ForceTorqueSensorBroadcasterTest_All_InterfaceNames_Publish_Success_Test::[01;32m[KTestBody[m[K()[m[Kâ€™:
[68.346s] [01m[K/home/thomas/MobileRobot/ws_new/src/ros-controls/ros2_controllers/force_torque_sensor_broadcaster/test/test_force_torque_sensor_broadcaster.cpp:441:54:[m[K [01;35m[Kwarning: [m[Kâ€˜[01m[Kdouble hardware_interface::Handle::[01;32m[Kget_value[m[K() const[m[Kâ€™ is deprecated: Use std::optional<T> get_optional() instead to retrieve the value. This method will be removed by the ROS 2 Kilted Kaiju release. [[01;35m[K]8;;https://gcc.gnu.org/onlinedocs/gcc/Warning-Options.html#index-Wdeprecated-declarations-Wdeprecated-declarations]8;;[m[K]
[68.346s]   441 |     ASSERT_EQ([01;35m[Kexported_state_interfaces[i]->get_value()[m[K, sensor_values_[i]);
[68.346s]       |               [01;35m[K~~~~~~~~~~~~~~~~~~~~~~~~~~~~~~~~~~~~~~~^~[m[K
[68.347s] [01m[K/opt/ros/jazzy/src/gtest_vendor/include/gtest/gtest_pred_impl.h:79:52:[m[K [01;36m[Knote: [m[Kin definition of macro â€˜[01m[KGTEST_ASSERT_[m[Kâ€™
[68.347s]    79 |   if (const ::testing::AssertionResult gtest_ar = ([01;36m[Kexpression[m[K)) \
[68.347s]       |                                                    [01;36m[K^~~~~~~~~~[m[K
[68.347s] [01m[K/opt/ros/jazzy/src/gtest_vendor/include/gtest/gtest_pred_impl.h:148:3:[m[K [01;36m[Knote: [m[Kin expansion of macro â€˜[01m[KGTEST_PRED_FORMAT2_[m[Kâ€™
[68.347s]   148 |   [01;36m[KGTEST_PRED_FORMAT2_[m[K(pred_format, v1, v2, GTEST_FATAL_FAILURE_)
[68.347s]       |   [01;36m[K^~~~~~~~~~~~~~~~~~~[m[K
[68.348s] [01m[K/opt/ros/jazzy/src/gtest_vendor/include/gtest/gtest.h:1882:3:[m[K [01;36m[Knote: [m[Kin expansion of macro â€˜[01m[KASSERT_PRED_FORMAT2[m[Kâ€™
[68.348s]  1882 |   [01;36m[KASSERT_PRED_FORMAT2[m[K(::testing::internal::EqHelper::Compare, val1, val2)
[68.348s]       |   [01;36m[K^~~~~~~~~~~~~~~~~~~[m[K
[68.348s] [01m[K/opt/ros/jazzy/src/gtest_vendor/include/gtest/gtest.h:1898:31:[m[K [01;36m[Knote: [m[Kin expansion of macro â€˜[01m[KGTEST_ASSERT_EQ[m[Kâ€™
[68.348s]  1898 | #define ASSERT_EQ(val1, val2) [01;36m[KGTEST_ASSERT_EQ[m[K(val1, val2)
[68.349s]       |                               [01;36m[K^~~~~~~~~~~~~~~[m[K
[68.349s] [01m[K/home/thomas/MobileRobot/ws_new/src/ros-controls/ros2_controllers/force_torque_sensor_broadcaster/test/test_force_torque_sensor_broadcaster.cpp:441:5:[m[K [01;36m[Knote: [m[Kin expansion of macro â€˜[01m[KASSERT_EQ[m[Kâ€™
[68.349s]   441 |     [01;36m[KASSERT_EQ[m[K(exported_state_interfaces[i]->get_value(), sensor_values_[i]);
[68.349s]       |     [01;36m[K^~~~~~~~~[m[K
[68.349s] [01m[K/home/thomas/MobileRobot/ws_new/install/hardware_interface/include/hardware_interface/hardware_interface/handle.hpp:147:10:[m[K [01;36m[Knote: [m[Kdeclared here
[68.349s]   147 |   double [01;36m[Kget_value[m[K() const
[68.350s]       |          [01;36m[K^~~~~~~~~[m[K
[80.128s] [100%] [32m[1mLinking CXX executable test_force_torque_sensor_broadcaster[0m
[82.152s] [100%] Built target test_force_torque_sensor_broadcaster
[82.338s] Invoked command in '/home/thomas/MobileRobot/ws_new/build/force_torque_sensor_broadcaster' returned '0': AMENT_PREFIX_PATH=/home/thomas/MobileRobot/ws_new/install/controller_manager:/home/thomas/MobileRobot/ws_new/install/hardware_interface_testing:/home/thomas/MobileRobot/ws_new/install/controller_interface:/home/thomas/MobileRobot/ws_new/install/hardware_interface:/home/thomas/MobileRobot/ws_new/install/joint_limits:/home/thomas/MobileRobot/ws_new/install/realtime_tools:/home/thomas/MobileRobot/ws_new/install/ros2_control_test_assets:/home/thomas/MobileRobot/ws_new/install/ros2_control_cmake:/home/thomas/MobileRobot/ws_new/install/controller_manager_msgs:/home/thomas/MobileRobot/ws_new/install/control_msgs:${AMENT_PREFIX_PATH} CMAKE_PREFIX_PATH=/home/thomas/MobileRobot/ws_new/install/controller_manager:/home/thomas/MobileRobot/ws_new/install/hardware_interface_testing:/home/thomas/MobileRobot/ws_new/install/controller_interface:/home/thomas/MobileRobot/ws_new/install/hardware_interface:/home/thomas/MobileRobot/ws_new/install/joint_limits:/home/thomas/MobileRobot/ws_new/install/realtime_tools:/home/thomas/MobileRobot/ws_new/install/ros2_control_test_assets:/home/thomas/MobileRobot/ws_new/install/ros2_control_cmake:/home/thomas/MobileRobot/ws_new/install/controller_manager_msgs:/home/thomas/MobileRobot/ws_new/install/control_msgs:/home/thomas/MobileRobot/ws_new/install/my_kinematics_pkg:/home/thomas/MobileRobot/ws_new/install/mobile_robot:/home/thomas/MobileRobot/ws_new/install/backward:/opt/ros/jazzy/opt/gz_sim_vendor:/opt/ros/jazzy/opt/gz_sensors_vendor:/opt/ros/jazzy/opt/gz_physics_vendor:/opt/ros/jazzy/opt/sdformat_vendor:/opt/ros/jazzy/opt/gz_gui_vendor:/opt/ros/jazzy/opt/gz_transport_vendor:/opt/ros/jazzy/opt/gz_rendering_vendor:/opt/ros/jazzy/opt/gz_plugin_vendor:/opt/ros/jazzy/opt/gz_fuel_tools_vendor:/opt/ros/jazzy/opt/gz_msgs_vendor:/opt/ros/jazzy/opt/gz_common_vendor:/opt/ros/jazzy/opt/gz_math_vendor:/opt/ros/jazzy/opt/gz_utils_vendor:/opt/ros/jazzy/opt/gz_tools_vendor:/opt/ros/jazzy/opt/gz_ogre_next_vendor:/opt/ros/jazzy/opt/gz_dartsim_vendor:/opt/ros/jazzy/opt/gz_cmake_vendor:/home/thomas/dev_ws/install/basic_mobile_robot:/home/thomas/MobileRobot/ws_new/install/publisher_subscriber:/opt/ros/jazzy DEBUGINFOD_URLS=https://debuginfod.ubuntu.com LD_LIBRARY_PATH=/home/thomas/MobileRobot/ws_new/install/controller_manager/lib:/home/thomas/MobileRobot/ws_new/install/hardware_interface_testing/lib:/home/thomas/MobileRobot/ws_new/install/controller_interface/lib:/home/thomas/MobileRobot/ws_new/install/hardware_interface/lib:/home/thomas/MobileRobot/ws_new/install/joint_limits/lib:/home/thomas/MobileRobot/ws_new/install/realtime_tools/lib:/home/thomas/MobileRobot/ws_new/install/ros2_control_test_assets/lib:/home/thomas/MobileRobot/ws_new/install/controller_manager_msgs/lib:/home/thomas/MobileRobot/ws_new/install/control_msgs/lib:${LD_LIBRARY_PATH} PYTHONPATH=/home/thomas/MobileRobot/ws_new/install/controller_manager/lib/python3.12/site-packages:/home/thomas/MobileRobot/ws_new/install/controller_manager_msgs/lib/python3.12/site-packages:/home/thomas/MobileRobot/ws_new/install/control_msgs/lib/python3.12/site-packages:${PYTHONPATH} /usr/bin/cmake --build /home/thomas/MobileRobot/ws_new/build/force_torque_sensor_broadcaster -- -j8 -l8
[82.339s] Invoking command in '/home/thomas/MobileRobot/ws_new/build/force_torque_sensor_broadcaster': AMENT_PREFIX_PATH=/home/thomas/MobileRobot/ws_new/install/controller_manager:/home/thomas/MobileRobot/ws_new/install/hardware_interface_testing:/home/thomas/MobileRobot/ws_new/install/controller_interface:/home/thomas/MobileRobot/ws_new/install/hardware_interface:/home/thomas/MobileRobot/ws_new/install/joint_limits:/home/thomas/MobileRobot/ws_new/install/realtime_tools:/home/thomas/MobileRobot/ws_new/install/ros2_control_test_assets:/home/thomas/MobileRobot/ws_new/install/ros2_control_cmake:/home/thomas/MobileRobot/ws_new/install/controller_manager_msgs:/home/thomas/MobileRobot/ws_new/install/control_msgs:${AMENT_PREFIX_PATH} CMAKE_PREFIX_PATH=/home/thomas/MobileRobot/ws_new/install/controller_manager:/home/thomas/MobileRobot/ws_new/install/hardware_interface_testing:/home/thomas/MobileRobot/ws_new/install/controller_interface:/home/thomas/MobileRobot/ws_new/install/hardware_interface:/home/thomas/MobileRobot/ws_new/install/joint_limits:/home/thomas/MobileRobot/ws_new/install/realtime_tools:/home/thomas/MobileRobot/ws_new/install/ros2_control_test_assets:/home/thomas/MobileRobot/ws_new/install/ros2_control_cmake:/home/thomas/MobileRobot/ws_new/install/controller_manager_msgs:/home/thomas/MobileRobot/ws_new/install/control_msgs:/home/thomas/MobileRobot/ws_new/install/my_kinematics_pkg:/home/thomas/MobileRobot/ws_new/install/mobile_robot:/home/thomas/MobileRobot/ws_new/install/backward:/opt/ros/jazzy/opt/gz_sim_vendor:/opt/ros/jazzy/opt/gz_sensors_vendor:/opt/ros/jazzy/opt/gz_physics_vendor:/opt/ros/jazzy/opt/sdformat_vendor:/opt/ros/jazzy/opt/gz_gui_vendor:/opt/ros/jazzy/opt/gz_transport_vendor:/opt/ros/jazzy/opt/gz_rendering_vendor:/opt/ros/jazzy/opt/gz_plugin_vendor:/opt/ros/jazzy/opt/gz_fuel_tools_vendor:/opt/ros/jazzy/opt/gz_msgs_vendor:/opt/ros/jazzy/opt/gz_common_vendor:/opt/ros/jazzy/opt/gz_math_vendor:/opt/ros/jazzy/opt/gz_utils_vendor:/opt/ros/jazzy/opt/gz_tools_vendor:/opt/ros/jazzy/opt/gz_ogre_next_vendor:/opt/ros/jazzy/opt/gz_dartsim_vendor:/opt/ros/jazzy/opt/gz_cmake_vendor:/home/thomas/dev_ws/install/basic_mobile_robot:/home/thomas/MobileRobot/ws_new/install/publisher_subscriber:/opt/ros/jazzy DEBUGINFOD_URLS=https://debuginfod.ubuntu.com LD_LIBRARY_PATH=/home/thomas/MobileRobot/ws_new/install/controller_manager/lib:/home/thomas/MobileRobot/ws_new/install/hardware_interface_testing/lib:/home/thomas/MobileRobot/ws_new/install/controller_interface/lib:/home/thomas/MobileRobot/ws_new/install/hardware_interface/lib:/home/thomas/MobileRobot/ws_new/install/joint_limits/lib:/home/thomas/MobileRobot/ws_new/install/realtime_tools/lib:/home/thomas/MobileRobot/ws_new/install/ros2_control_test_assets/lib:/home/thomas/MobileRobot/ws_new/install/controller_manager_msgs/lib:/home/thomas/MobileRobot/ws_new/install/control_msgs/lib:${LD_LIBRARY_PATH} PYTHONPATH=/home/thomas/MobileRobot/ws_new/install/controller_manager/lib/python3.12/site-packages:/home/thomas/MobileRobot/ws_new/install/controller_manager_msgs/lib/python3.12/site-packages:/home/thomas/MobileRobot/ws_new/install/control_msgs/lib/python3.12/site-packages:${PYTHONPATH} /usr/bin/cmake --install /home/thomas/MobileRobot/ws_new/build/force_torque_sensor_broadcaster
[97.576s] -- Install configuration: ""
[97.577s] -- Execute custom install script
[97.577s] -- Symlinking: /home/thomas/MobileRobot/ws_new/install/force_torque_sensor_broadcaster/include/force_torque_sensor_broadcaster/force_torque_sensor_broadcaster_parameters.hpp
[97.577s] -- Symlinking: /home/thomas/MobileRobot/ws_new/install/force_torque_sensor_broadcaster/share/force_torque_sensor_broadcaster//force_torque_sensor_broadcaster.xml
[97.577s] -- Symlinking: /home/thomas/MobileRobot/ws_new/install/force_torque_sensor_broadcaster/include/force_torque_sensor_broadcaster/force_torque_sensor_broadcaster/force_torque_sensor_broadcaster.hpp
[97.577s] -- Symlinking: /home/thomas/MobileRobot/ws_new/install/force_torque_sensor_broadcaster/share/force_torque_sensor_broadcaster/environment/library_path.sh
[97.578s] -- Symlinking: /home/thomas/MobileRobot/ws_new/install/force_torque_sensor_broadcaster/share/force_torque_sensor_broadcaster/environment/library_path.dsv
[97.578s] -- Symlinking: /home/thomas/MobileRobot/ws_new/install/force_torque_sensor_broadcaster/share/ament_index/resource_index/package_run_dependencies/force_torque_sensor_broadcaster
[97.578s] -- Symlinking: /home/thomas/MobileRobot/ws_new/install/force_torque_sensor_broadcaster/share/ament_index/resource_index/parent_prefix_path/force_torque_sensor_broadcaster
[97.578s] -- Symlinking: /home/thomas/MobileRobot/ws_new/install/force_torque_sensor_broadcaster/share/force_torque_sensor_broadcaster/environment/ament_prefix_path.sh
[97.578s] -- Symlinking: /home/thomas/MobileRobot/ws_new/install/force_torque_sensor_broadcaster/share/force_torque_sensor_broadcaster/environment/ament_prefix_path.dsv
[97.579s] -- Symlinking: /home/thomas/MobileRobot/ws_new/install/force_torque_sensor_broadcaster/share/force_torque_sensor_broadcaster/environment/path.sh
[97.579s] -- Symlinking: /home/thomas/MobileRobot/ws_new/install/force_torque_sensor_broadcaster/share/force_torque_sensor_broadcaster/environment/path.dsv
[97.579s] -- Symlinking: /home/thomas/MobileRobot/ws_new/install/force_torque_sensor_broadcaster/share/force_torque_sensor_broadcaster/local_setup.bash
[97.579s] -- Symlinking: /home/thomas/MobileRobot/ws_new/install/force_torque_sensor_broadcaster/share/force_torque_sensor_broadcaster/local_setup.sh
[97.579s] -- Symlinking: /home/thomas/MobileRobot/ws_new/install/force_torque_sensor_broadcaster/share/force_torque_sensor_broadcaster/local_setup.zsh
[97.579s] -- Symlinking: /home/thomas/MobileRobot/ws_new/install/force_torque_sensor_broadcaster/share/force_torque_sensor_broadcaster/local_setup.dsv
[97.580s] -- Symlinking: /home/thomas/MobileRobot/ws_new/install/force_torque_sensor_broadcaster/share/force_torque_sensor_broadcaster/package.dsv
[97.580s] -- Symlinking: /home/thomas/MobileRobot/ws_new/install/force_torque_sensor_broadcaster/share/ament_index/resource_index/packages/force_torque_sensor_broadcaster
[97.580s] -- Symlinking: /home/thomas/MobileRobot/ws_new/install/force_torque_sensor_broadcaster/share/ament_index/resource_index/controller_interface__pluginlib__plugin/force_torque_sensor_broadcaster
[97.580s] -- Symlinking: /home/thomas/MobileRobot/ws_new/install/force_torque_sensor_broadcaster/share/force_torque_sensor_broadcaster/cmake/ament_cmake_export_dependencies-extras.cmake
[97.604s] -- Symlinking: /home/thomas/MobileRobot/ws_new/install/force_torque_sensor_broadcaster/share/force_torque_sensor_broadcaster/cmake/ament_cmake_export_targets-extras.cmake
[97.604s] -- Symlinking: /home/thomas/MobileRobot/ws_new/install/force_torque_sensor_broadcaster/share/force_torque_sensor_broadcaster/cmake/force_torque_sensor_broadcasterConfig.cmake
[97.604s] -- Symlinking: /home/thomas/MobileRobot/ws_new/install/force_torque_sensor_broadcaster/share/force_torque_sensor_broadcaster/cmake/force_torque_sensor_broadcasterConfig-version.cmake
[97.604s] -- Symlinking: /home/thomas/MobileRobot/ws_new/install/force_torque_sensor_broadcaster/share/force_torque_sensor_broadcaster/package.xml
[97.604s] -- Installing: /home/thomas/MobileRobot/ws_new/install/force_torque_sensor_broadcaster/lib/libforce_torque_sensor_broadcaster.so
[97.604s] -- Set non-toolchain portion of runtime path of "/home/thomas/MobileRobot/ws_new/install/force_torque_sensor_broadcaster/lib/libforce_torque_sensor_broadcaster.so" to ""
[97.605s] -- Installing: /home/thomas/MobileRobot/ws_new/install/force_torque_sensor_broadcaster/share/force_torque_sensor_broadcaster/cmake/export_force_torque_sensor_broadcasterExport.cmake
[97.605s] -- Installing: /home/thomas/MobileRobot/ws_new/install/force_torque_sensor_broadcaster/share/force_torque_sensor_broadcaster/cmake/export_force_torque_sensor_broadcasterExport-noconfig.cmake
[97.645s] Invoked command in '/home/thomas/MobileRobot/ws_new/build/force_torque_sensor_broadcaster' returned '0': AMENT_PREFIX_PATH=/home/thomas/MobileRobot/ws_new/install/controller_manager:/home/thomas/MobileRobot/ws_new/install/hardware_interface_testing:/home/thomas/MobileRobot/ws_new/install/controller_interface:/home/thomas/MobileRobot/ws_new/install/hardware_interface:/home/thomas/MobileRobot/ws_new/install/joint_limits:/home/thomas/MobileRobot/ws_new/install/realtime_tools:/home/thomas/MobileRobot/ws_new/install/ros2_control_test_assets:/home/thomas/MobileRobot/ws_new/install/ros2_control_cmake:/home/thomas/MobileRobot/ws_new/install/controller_manager_msgs:/home/thomas/MobileRobot/ws_new/install/control_msgs:${AMENT_PREFIX_PATH} CMAKE_PREFIX_PATH=/home/thomas/MobileRobot/ws_new/install/controller_manager:/home/thomas/MobileRobot/ws_new/install/hardware_interface_testing:/home/thomas/MobileRobot/ws_new/install/controller_interface:/home/thomas/MobileRobot/ws_new/install/hardware_interface:/home/thomas/MobileRobot/ws_new/install/joint_limits:/home/thomas/MobileRobot/ws_new/install/realtime_tools:/home/thomas/MobileRobot/ws_new/install/ros2_control_test_assets:/home/thomas/MobileRobot/ws_new/install/ros2_control_cmake:/home/thomas/MobileRobot/ws_new/install/controller_manager_msgs:/home/thomas/MobileRobot/ws_new/install/control_msgs:/home/thomas/MobileRobot/ws_new/install/my_kinematics_pkg:/home/thomas/MobileRobot/ws_new/install/mobile_robot:/home/thomas/MobileRobot/ws_new/install/backward:/opt/ros/jazzy/opt/gz_sim_vendor:/opt/ros/jazzy/opt/gz_sensors_vendor:/opt/ros/jazzy/opt/gz_physics_vendor:/opt/ros/jazzy/opt/sdformat_vendor:/opt/ros/jazzy/opt/gz_gui_vendor:/opt/ros/jazzy/opt/gz_transport_vendor:/opt/ros/jazzy/opt/gz_rendering_vendor:/opt/ros/jazzy/opt/gz_plugin_vendor:/opt/ros/jazzy/opt/gz_fuel_tools_vendor:/opt/ros/jazzy/opt/gz_msgs_vendor:/opt/ros/jazzy/opt/gz_common_vendor:/opt/ros/jazzy/opt/gz_math_vendor:/opt/ros/jazzy/opt/gz_utils_vendor:/opt/ros/jazzy/opt/gz_tools_vendor:/opt/ros/jazzy/opt/gz_ogre_next_vendor:/opt/ros/jazzy/opt/gz_dartsim_vendor:/opt/ros/jazzy/opt/gz_cmake_vendor:/home/thomas/dev_ws/install/basic_mobile_robot:/home/thomas/MobileRobot/ws_new/install/publisher_subscriber:/opt/ros/jazzy DEBUGINFOD_URLS=https://debuginfod.ubuntu.com LD_LIBRARY_PATH=/home/thomas/MobileRobot/ws_new/install/controller_manager/lib:/home/thomas/MobileRobot/ws_new/install/hardware_interface_testing/lib:/home/thomas/MobileRobot/ws_new/install/controller_interface/lib:/home/thomas/MobileRobot/ws_new/install/hardware_interface/lib:/home/thomas/MobileRobot/ws_new/install/joint_limits/lib:/home/thomas/MobileRobot/ws_new/install/realtime_tools/lib:/home/thomas/MobileRobot/ws_new/install/ros2_control_test_assets/lib:/home/thomas/MobileRobot/ws_new/install/controller_manager_msgs/lib:/home/thomas/MobileRobot/ws_new/install/control_msgs/lib:${LD_LIBRARY_PATH} PYTHONPATH=/home/thomas/MobileRobot/ws_new/install/controller_manager/lib/python3.12/site-packages:/home/thomas/MobileRobot/ws_new/install/controller_manager_msgs/lib/python3.12/site-packages:/home/thomas/MobileRobot/ws_new/install/control_msgs/lib/python3.12/site-packages:${PYTHONPATH} /usr/bin/cmake --install /home/thomas/MobileRobot/ws_new/build/force_torque_sensor_broadcaster
