-- Found ros2_control_cmake: 0.1.1 (/home/thomas/MobileRobot/ws_new/install/ros2_control_cmake/share/ros2_control_cmake/cmake)
-- Compiler warnings enabled for GNU
-- Detected GCC Version: 13.3.0 (Major: 13, Minor: 3)
-- Found ament_cmake: 2.5.3 (/opt/ros/jazzy/share/ament_cmake/cmake)
-- Override CMake install command with custom implementation using symlinks instead of copying resources
-- Found controller_interface: 4.29.0 (/home/thomas/MobileRobot/ws_new/install/controller_interface/share/controller_interface/cmake)
-- Found rosidl_generator_c: 4.6.5 (/opt/ros/jazzy/share/rosidl_generator_c/cmake)
-- Found rosidl_generator_cpp: 4.6.5 (/opt/ros/jazzy/share/rosidl_generator_cpp/cmake)
-- Using all available rosidl_typesupport_c: rosidl_typesupport_fastrtps_c;rosidl_typesupport_introspection_c
-- Using all available rosidl_typesupport_cpp: rosidl_typesupport_fastrtps_cpp;rosidl_typesupport_introspection_cpp
-- Found TinyXML2 via Config file: /usr/lib/x86_64-linux-gnu/cmake/tinyxml2
-- Found rmw_implementation_cmake: 7.3.1 (/opt/ros/jazzy/share/rmw_implementation_cmake/cmake)
-- Found rmw_cyclonedds_cpp: 2.2.3 (/opt/ros/jazzy/share/rmw_cyclonedds_cpp/cmake)
-- Using RMW implementation 'rmw_cyclonedds_cpp' as default
-- Found generate_parameter_library: 0.4.0 (/opt/ros/jazzy/share/generate_parameter_library/cmake)
-- Found parameter_traits: 0.4.0 (/opt/ros/jazzy/share/parameter_traits/cmake)
-- Found std_srvs: 5.3.5 (/opt/ros/jazzy/share/std_srvs/cmake)
-- Found steering_controllers_library: 4.24.0 (/home/thomas/MobileRobot/ws_new/install/steering_controllers_library/share/steering_controllers_library/cmake)
-- Found eigen3_cmake_module: 0.3.0 (/opt/ros/jazzy/share/eigen3_cmake_module/cmake)
-- Ensuring Eigen3 include directory is part of orocos-kdl CMake target
-- Found ament_cmake_gmock: 2.5.3 (/opt/ros/jazzy/share/ament_cmake_gmock/cmake)
-- Found controller_manager: 4.29.0 (/home/thomas/MobileRobot/ws_new/install/controller_manager/share/controller_manager/cmake)
-- Found ros2_control_test_assets: 4.29.0 (/home/thomas/MobileRobot/ws_new/install/ros2_control_test_assets/share/ros2_control_test_assets/cmake)
-- Found gmock sources under '/opt/ros/jazzy/src/gmock_vendor': C++ tests using 'Google Mock' will be built
-- Found ament_cmake_gtest: 2.5.3 (/opt/ros/jazzy/share/ament_cmake_gtest/cmake)
-- Found gtest sources under '/opt/ros/jazzy/src/gtest_vendor': C++ tests using 'Google Test' will be built
-- Configuring done (2.5s)
-- Generating done (0.2s)
-- Build files have been written to: /home/thomas/MobileRobot/ws_new/build/bicycle_steering_controller
[  6%] [32mBuilding CXX object gmock/CMakeFiles/gmock.dir/opt/ros/jazzy/src/gtest_vendor/src/gtest-all.cc.o[0m
[ 13%] [34m[1mRunning `/opt/ros/jazzy/bin/generate_parameter_library_cpp /home/thomas/MobileRobot/ws_new/build/bicycle_steering_controller/include/bicycle_steering_controller/bicycle_steering_controller_parameters.hpp /home/thomas/MobileRobot/ws_new/src/ros-controls/ros2_controllers/bicycle_steering_controller/src/bicycle_steering_controller.yaml `[0m
[ 20%] [32mBuilding CXX object gmock/CMakeFiles/gmock.dir/src/gmock-all.cc.o[0m
[ 26%] [32mBuilding CXX object gmock/CMakeFiles/gmock_main.dir/src/gmock_main.cc.o[0m
[ 33%] [34m[1mCreating deprecated header file /home/thomas/MobileRobot/ws_new/build/bicycle_steering_controller/include/bicycle_steering_controller_parameters.hpp[0m
[ 33%] Built target bicycle_steering_controller_parameters
[ 40%] [32mBuilding CXX object CMakeFiles/bicycle_steering_controller.dir/src/bicycle_steering_controller.cpp.o[0m
[ 46%] [32m[1mLinking CXX static library libgmock_main.a[0m
[ 46%] Built target gmock_main
[01m[K/home/thomas/MobileRobot/ws_new/src/ros-controls/ros2_controllers/bicycle_steering_controller/src/bicycle_steering_controller.cpp:[m[K In member function â€˜[01m[Kvirtual bool bicycle_steering_controller::BicycleSteeringController::[01;32m[Kupdate_odometry[m[K(const rclcpp::Duration&)[m[Kâ€™:
[01m[K/home/thomas/MobileRobot/ws_new/src/ros-controls/ros2_controllers/bicycle_steering_controller/src/bicycle_steering_controller.cpp:73:90:[m[K [01;35m[Kwarning: [m[Kâ€˜[01m[Kdouble hardware_interface::LoanedStateInterface::[01;32m[Kget_value[m[K() const[m[Kâ€™ is deprecated: Use std::optional<T> get_optional() instead to retrieve the value. This method will be removed by the ROS 2 Kilted Kaiju release. [[01;35m[K]8;;https://gcc.gnu.org/onlinedocs/gcc/Warning-Options.html#index-Wdeprecated-declarations-Wdeprecated-declarations]8;;[m[K]
   73 |     const double traction_wheel_value = [01;35m[Kstate_interfaces_[STATE_TRACTION_WHEEL].get_value()[m[K;
      |                                         [01;35m[K~~~~~~~~~~~~~~~~~~~~~~~~~~~~~~~~~~~~~~~~~~~~~~~~~^~[m[K
In file included from [01m[K/home/thomas/MobileRobot/ws_new/install/controller_interface/include/controller_interface/controller_interface/controller_interface_base.hpp:28[m[K,
                 from [01m[K/home/thomas/MobileRobot/ws_new/install/controller_interface/include/controller_interface/controller_interface/chainable_controller_interface.hpp:23[m[K,
                 from [01m[K/home/thomas/MobileRobot/ws_new/src/ros-controls/ros2_controllers/steering_controllers_library/include/steering_controllers_library/steering_controllers_library.hpp:23[m[K,
                 from [01m[K/home/thomas/MobileRobot/ws_new/src/ros-controls/ros2_controllers/bicycle_steering_controller/include/bicycle_steering_controller/bicycle_steering_controller.hpp:24[m[K,
                 from [01m[K/home/thomas/MobileRobot/ws_new/src/ros-controls/ros2_controllers/bicycle_steering_controller/src/bicycle_steering_controller.cpp:15[m[K:
[01m[K/home/thomas/MobileRobot/ws_new/install/hardware_interface/include/hardware_interface/hardware_interface/loaned_state_interface.hpp:94:10:[m[K [01;36m[Knote: [m[Kdeclared here
   94 |   double [01;36m[Kget_value[m[K() const
      |          [01;36m[K^~~~~~~~~[m[K
[01m[K/home/thomas/MobileRobot/ws_new/src/ros-controls/ros2_controllers/bicycle_steering_controller/src/bicycle_steering_controller.cpp:74:83:[m[K [01;35m[Kwarning: [m[Kâ€˜[01m[Kdouble hardware_interface::LoanedStateInterface::[01;32m[Kget_value[m[K() const[m[Kâ€™ is deprecated: Use std::optional<T> get_optional() instead to retrieve the value. This method will be removed by the ROS 2 Kilted Kaiju release. [[01;35m[K]8;;https://gcc.gnu.org/onlinedocs/gcc/Warning-Options.html#index-Wdeprecated-declarations-Wdeprecated-declarations]8;;[m[K]
   74 |     const double steering_position = [01;35m[Kstate_interfaces_[STATE_STEER_AXIS].get_value()[m[K;
      |                                      [01;35m[K~~~~~~~~~~~~~~~~~~~~~~~~~~~~~~~~~~~~~~~~~~~~~^~[m[K
[01m[K/home/thomas/MobileRobot/ws_new/install/hardware_interface/include/hardware_interface/hardware_interface/loaned_state_interface.hpp:94:10:[m[K [01;36m[Knote: [m[Kdeclared here
   94 |   double [01;36m[Kget_value[m[K() const
      |          [01;36m[K^~~~~~~~~[m[K
[ 53%] [32m[1mLinking CXX static library libgmock.a[0m
[ 60%] [32m[1mLinking CXX shared library libbicycle_steering_controller.so[0m
[ 60%] Built target gmock
[ 60%] Built target bicycle_steering_controller
[ 66%] [32mBuilding CXX object CMakeFiles/test_load_bicycle_steering_controller.dir/test/test_load_bicycle_steering_controller.cpp.o[0m
[ 73%] [32m[1mLinking CXX executable test_load_bicycle_steering_controller[0m
[ 73%] Built target test_load_bicycle_steering_controller
[ 80%] [32mBuilding CXX object CMakeFiles/test_bicycle_steering_controller_preceding.dir/test/test_bicycle_steering_controller_preceding.cpp.o[0m
In file included from [01m[K/opt/ros/jazzy/src/gtest_vendor/include/gtest/gtest.h:72[m[K,
                 from [01m[K/opt/ros/jazzy/src/gmock_vendor/include/gmock/internal/gmock-internal-utils.h:50[m[K,
                 from [01m[K/opt/ros/jazzy/src/gmock_vendor/include/gmock/gmock-actions.h:145[m[K,
                 from [01m[K/opt/ros/jazzy/src/gmock_vendor/include/gmock/gmock.h:56[m[K,
                 from [01m[K/home/thomas/MobileRobot/ws_new/src/ros-controls/ros2_controllers/bicycle_steering_controller/test/test_bicycle_steering_controller.hpp:18[m[K,
                 from [01m[K/home/thomas/MobileRobot/ws_new/src/ros-controls/ros2_controllers/bicycle_steering_controller/test/test_bicycle_steering_controller_preceding.cpp:20[m[K:
[01m[K/home/thomas/MobileRobot/ws_new/src/ros-controls/ros2_controllers/bicycle_steering_controller/test/test_bicycle_steering_controller_preceding.cpp:[m[K In member function â€˜[01m[Kvirtual void BicycleSteeringControllerTest_all_parameters_set_configure_success_Test::[01;32m[KTestBody[m[K()[m[Kâ€™:
[01m[K/home/thomas/MobileRobot/ws_new/src/ros-controls/ros2_controllers/bicycle_steering_controller/test/test_bicycle_steering_controller_preceding.cpp:34:26:[m[K [01;31m[Kerror: [m[Kâ€˜[01m[Kstruct steering_controllers_library::Params[m[Kâ€™ has no member named â€˜[01m[Ktraction_joints_names[m[Kâ€™
   34 |     controller_->params_.[01;31m[Ktraction_joints_names[m[K,
      |                          [01;31m[K^~~~~~~~~~~~~~~~~~~~~[m[K
[01m[K/opt/ros/jazzy/src/gtest_vendor/include/gtest/gtest_pred_impl.h:79:52:[m[K [01;36m[Knote: [m[Kin definition of macro â€˜[01m[KGTEST_ASSERT_[m[Kâ€™
   79 |   if (const ::testing::AssertionResult gtest_ar = ([01;36m[Kexpression[m[K)) \
      |                                                    [01;36m[K^~~~~~~~~~[m[K
[01m[K/opt/ros/jazzy/src/gtest_vendor/include/gtest/gtest_pred_impl.h:112:3:[m[K [01;36m[Knote: [m[Kin expansion of macro â€˜[01m[KGTEST_PRED_FORMAT1_[m[Kâ€™
  112 |   [01;36m[KGTEST_PRED_FORMAT1_[m[K(pred_format, v1, GTEST_FATAL_FAILURE_)
      |   [01;36m[K^~~~~~~~~~~~~~~~~~~[m[K
[01m[K/opt/ros/jazzy/src/gmock_vendor/include/gmock/gmock-matchers.h:5440:3:[m[K [01;36m[Knote: [m[Kin expansion of macro â€˜[01m[KASSERT_PRED_FORMAT1[m[Kâ€™
 5440 |   [01;36m[KASSERT_PRED_FORMAT1[m[K(              \
      |   [01;36m[K^~~~~~~~~~~~~~~~~~~[m[K
[01m[K/home/thomas/MobileRobot/ws_new/src/ros-controls/ros2_controllers/bicycle_steering_controller/test/test_bicycle_steering_controller_preceding.cpp:33:3:[m[K [01;36m[Knote: [m[Kin expansion of macro â€˜[01m[KASSERT_THAT[m[Kâ€™
   33 |   [01;36m[KASSERT_THAT[m[K(
      |   [01;36m[K^~~~~~~~~~~[m[K
[01m[K/home/thomas/MobileRobot/ws_new/src/ros-controls/ros2_controllers/bicycle_steering_controller/test/test_bicycle_steering_controller_preceding.cpp:37:26:[m[K [01;31m[Kerror: [m[Kâ€˜[01m[Kstruct steering_controllers_library::Params[m[Kâ€™ has no member named â€˜[01m[Ksteering_joints_names[m[Kâ€™
   37 |     controller_->params_.[01;31m[Ksteering_joints_names[m[K,
      |                          [01;31m[K^~~~~~~~~~~~~~~~~~~~~[m[K
[01m[K/opt/ros/jazzy/src/gtest_vendor/include/gtest/gtest_pred_impl.h:79:52:[m[K [01;36m[Knote: [m[Kin definition of macro â€˜[01m[KGTEST_ASSERT_[m[Kâ€™
   79 |   if (const ::testing::AssertionResult gtest_ar = ([01;36m[Kexpression[m[K)) \
      |                                                    [01;36m[K^~~~~~~~~~[m[K
[01m[K/opt/ros/jazzy/src/gtest_vendor/include/gtest/gtest_pred_impl.h:112:3:[m[K [01;36m[Knote: [m[Kin expansion of macro â€˜[01m[KGTEST_PRED_FORMAT1_[m[Kâ€™
  112 |   [01;36m[KGTEST_PRED_FORMAT1_[m[K(pred_format, v1, GTEST_FATAL_FAILURE_)
      |   [01;36m[K^~~~~~~~~~~~~~~~~~~[m[K
[01m[K/opt/ros/jazzy/src/gmock_vendor/include/gmock/gmock-matchers.h:5440:3:[m[K [01;36m[Knote: [m[Kin expansion of macro â€˜[01m[KASSERT_PRED_FORMAT1[m[Kâ€™
 5440 |   [01;36m[KASSERT_PRED_FORMAT1[m[K(              \
      |   [01;36m[K^~~~~~~~~~~~~~~~~~~[m[K
[01m[K/home/thomas/MobileRobot/ws_new/src/ros-controls/ros2_controllers/bicycle_steering_controller/test/test_bicycle_steering_controller_preceding.cpp:36:3:[m[K [01;36m[Knote: [m[Kin expansion of macro â€˜[01m[KASSERT_THAT[m[Kâ€™
   36 |   [01;36m[KASSERT_THAT[m[K(
      |   [01;36m[K^~~~~~~~~~~[m[K
gmake[2]: *** [CMakeFiles/test_bicycle_steering_controller_preceding.dir/build.make:76: CMakeFiles/test_bicycle_steering_controller_preceding.dir/test/test_bicycle_steering_controller_preceding.cpp.o] Error 1
gmake[1]: *** [CMakeFiles/Makefile2:291: CMakeFiles/test_bicycle_steering_controller_preceding.dir/all] Error 2
gmake: *** [Makefile:146: all] Error 2
