[0.074s] Invoking command in '/home/thomas/MobileRobot/ws_new/build/mecanum_drive_controller': AMENT_PREFIX_PATH=/home/thomas/MobileRobot/ws_new/install/controller_manager:/home/thomas/MobileRobot/ws_new/install/hardware_interface_testing:/home/thomas/MobileRobot/ws_new/install/controller_interface:/home/thomas/MobileRobot/ws_new/install/hardware_interface:/home/thomas/MobileRobot/ws_new/install/joint_limits:/home/thomas/MobileRobot/ws_new/install/realtime_tools:/home/thomas/MobileRobot/ws_new/install/ros2_control_test_assets:/home/thomas/MobileRobot/ws_new/install/ros2_control_cmake:/home/thomas/MobileRobot/ws_new/install/controller_manager_msgs:/home/thomas/MobileRobot/ws_new/install/control_msgs:${AMENT_PREFIX_PATH} CMAKE_PREFIX_PATH=/home/thomas/MobileRobot/ws_new/install/controller_manager:/home/thomas/MobileRobot/ws_new/install/hardware_interface_testing:/home/thomas/MobileRobot/ws_new/install/controller_interface:/home/thomas/MobileRobot/ws_new/install/hardware_interface:/home/thomas/MobileRobot/ws_new/install/joint_limits:/home/thomas/MobileRobot/ws_new/install/realtime_tools:/home/thomas/MobileRobot/ws_new/install/ros2_control_test_assets:/home/thomas/MobileRobot/ws_new/install/ros2_control_cmake:/home/thomas/MobileRobot/ws_new/install/controller_manager_msgs:/home/thomas/MobileRobot/ws_new/install/control_msgs:/home/thomas/MobileRobot/ws_new/install/my_kinematics_pkg:/home/thomas/MobileRobot/ws_new/install/mobile_robot:/home/thomas/MobileRobot/ws_new/install/backward:/opt/ros/jazzy/opt/gz_sim_vendor:/opt/ros/jazzy/opt/gz_sensors_vendor:/opt/ros/jazzy/opt/gz_physics_vendor:/opt/ros/jazzy/opt/sdformat_vendor:/opt/ros/jazzy/opt/gz_gui_vendor:/opt/ros/jazzy/opt/gz_transport_vendor:/opt/ros/jazzy/opt/gz_rendering_vendor:/opt/ros/jazzy/opt/gz_plugin_vendor:/opt/ros/jazzy/opt/gz_fuel_tools_vendor:/opt/ros/jazzy/opt/gz_msgs_vendor:/opt/ros/jazzy/opt/gz_common_vendor:/opt/ros/jazzy/opt/gz_math_vendor:/opt/ros/jazzy/opt/gz_utils_vendor:/opt/ros/jazzy/opt/gz_tools_vendor:/opt/ros/jazzy/opt/gz_ogre_next_vendor:/opt/ros/jazzy/opt/gz_dartsim_vendor:/opt/ros/jazzy/opt/gz_cmake_vendor:/home/thomas/dev_ws/install/basic_mobile_robot:/home/thomas/MobileRobot/ws_new/install/publisher_subscriber:/opt/ros/jazzy DEBUGINFOD_URLS=https://debuginfod.ubuntu.com LD_LIBRARY_PATH=/home/thomas/MobileRobot/ws_new/install/controller_manager/lib:/home/thomas/MobileRobot/ws_new/install/hardware_interface_testing/lib:/home/thomas/MobileRobot/ws_new/install/controller_interface/lib:/home/thomas/MobileRobot/ws_new/install/hardware_interface/lib:/home/thomas/MobileRobot/ws_new/install/joint_limits/lib:/home/thomas/MobileRobot/ws_new/install/realtime_tools/lib:/home/thomas/MobileRobot/ws_new/install/ros2_control_test_assets/lib:/home/thomas/MobileRobot/ws_new/install/controller_manager_msgs/lib:/home/thomas/MobileRobot/ws_new/install/control_msgs/lib:${LD_LIBRARY_PATH} PYTHONPATH=/home/thomas/MobileRobot/ws_new/install/controller_manager/lib/python3.12/site-packages:/home/thomas/MobileRobot/ws_new/install/controller_manager_msgs/lib/python3.12/site-packages:/home/thomas/MobileRobot/ws_new/install/control_msgs/lib/python3.12/site-packages:${PYTHONPATH} /usr/bin/cmake /home/thomas/MobileRobot/ws_new/src/ros-controls/ros2_controllers/mecanum_drive_controller -DAMENT_CMAKE_SYMLINK_INSTALL=1 -DCMAKE_INSTALL_PREFIX=/home/thomas/MobileRobot/ws_new/install/mecanum_drive_controller
[5.543s] -- The C compiler identification is GNU 13.3.0
[5.543s] -- The CXX compiler identification is GNU 13.3.0
[5.543s] -- Detecting C compiler ABI info
[5.544s] -- Detecting C compiler ABI info - done
[5.544s] -- Check for working C compiler: /usr/bin/cc - skipped
[5.544s] -- Detecting C compile features
[5.544s] -- Detecting C compile features - done
[5.544s] -- Detecting CXX compiler ABI info
[5.545s] -- Detecting CXX compiler ABI info - done
[5.547s] -- Check for working CXX compiler: /usr/bin/c++ - skipped
[5.547s] -- Detecting CXX compile features
[5.548s] -- Detecting CXX compile features - done
[5.550s] -- Found ros2_control_cmake: 0.1.1 (/home/thomas/MobileRobot/ws_new/install/ros2_control_cmake/share/ros2_control_cmake/cmake)
[5.550s] -- Compiler warnings enabled for GNU
[5.550s] -- Detected GCC Version: 13.3.0 (Major: 13, Minor: 3)
[5.551s] -- Found ament_cmake: 2.5.3 (/opt/ros/jazzy/share/ament_cmake/cmake)
[5.551s] -- Found Python3: /usr/bin/python3 (found version "3.12.3") found components: Interpreter 
[5.551s] -- Override CMake install command with custom implementation using symlinks instead of copying resources
[5.551s] -- Found controller_interface: 4.29.0 (/home/thomas/MobileRobot/ws_new/install/controller_interface/share/controller_interface/cmake)
[5.551s] -- Found rosidl_generator_c: 4.6.5 (/opt/ros/jazzy/share/rosidl_generator_c/cmake)
[5.552s] -- Found rosidl_generator_cpp: 4.6.5 (/opt/ros/jazzy/share/rosidl_generator_cpp/cmake)
[5.552s] -- Using all available rosidl_typesupport_c: rosidl_typesupport_fastrtps_c;rosidl_typesupport_introspection_c
[5.552s] -- Using all available rosidl_typesupport_cpp: rosidl_typesupport_fastrtps_cpp;rosidl_typesupport_introspection_cpp
[5.552s] -- Found TinyXML2 via Config file: /usr/lib/x86_64-linux-gnu/cmake/tinyxml2
[5.552s] -- Found rmw_implementation_cmake: 7.3.1 (/opt/ros/jazzy/share/rmw_implementation_cmake/cmake)
[5.553s] -- Found rmw_cyclonedds_cpp: 2.2.3 (/opt/ros/jazzy/share/rmw_cyclonedds_cpp/cmake)
[5.553s] -- Using RMW implementation 'rmw_cyclonedds_cpp' as default
[5.553s] -- Found generate_parameter_library: 0.4.0 (/opt/ros/jazzy/share/generate_parameter_library/cmake)
[5.568s] -- Found parameter_traits: 0.4.0 (/opt/ros/jazzy/share/parameter_traits/cmake)
[5.653s] -- Found nav_msgs: 5.3.5 (/opt/ros/jazzy/share/nav_msgs/cmake)
[5.741s] -- Found std_srvs: 5.3.5 (/opt/ros/jazzy/share/std_srvs/cmake)
[5.797s] -- Found tf2: 0.36.8 (/opt/ros/jazzy/share/tf2/cmake)
[5.822s] -- Found tf2_geometry_msgs: 0.36.8 (/opt/ros/jazzy/share/tf2_geometry_msgs/cmake)
[5.879s] -- Found eigen3_cmake_module: 0.3.0 (/opt/ros/jazzy/share/eigen3_cmake_module/cmake)
[5.879s] -- Found Eigen3: TRUE (found version "3.4.0") 
[5.880s] -- Ensuring Eigen3 include directory is part of orocos-kdl CMake target
[6.126s] -- Found ament_cmake_gmock: 2.5.3 (/opt/ros/jazzy/share/ament_cmake_gmock/cmake)
[6.126s] -- Found controller_manager: 4.29.0 (/home/thomas/MobileRobot/ws_new/install/controller_manager/share/controller_manager/cmake)
[6.336s] -- Found ros2_control_test_assets: 4.29.0 (/home/thomas/MobileRobot/ws_new/install/ros2_control_test_assets/share/ros2_control_test_assets/cmake)
[6.352s] -- Found gmock sources under '/opt/ros/jazzy/src/gmock_vendor': C++ tests using 'Google Mock' will be built
[6.375s] -- Found ament_cmake_gtest: 2.5.3 (/opt/ros/jazzy/share/ament_cmake_gtest/cmake)
[6.379s] -- Found gtest sources under '/opt/ros/jazzy/src/gtest_vendor': C++ tests using 'Google Test' will be built
[6.683s] -- Configuring done (6.6s)
[6.975s] -- Generating done (0.2s)
[7.044s] -- Build files have been written to: /home/thomas/MobileRobot/ws_new/build/mecanum_drive_controller
[7.125s] Invoked command in '/home/thomas/MobileRobot/ws_new/build/mecanum_drive_controller' returned '0': AMENT_PREFIX_PATH=/home/thomas/MobileRobot/ws_new/install/controller_manager:/home/thomas/MobileRobot/ws_new/install/hardware_interface_testing:/home/thomas/MobileRobot/ws_new/install/controller_interface:/home/thomas/MobileRobot/ws_new/install/hardware_interface:/home/thomas/MobileRobot/ws_new/install/joint_limits:/home/thomas/MobileRobot/ws_new/install/realtime_tools:/home/thomas/MobileRobot/ws_new/install/ros2_control_test_assets:/home/thomas/MobileRobot/ws_new/install/ros2_control_cmake:/home/thomas/MobileRobot/ws_new/install/controller_manager_msgs:/home/thomas/MobileRobot/ws_new/install/control_msgs:${AMENT_PREFIX_PATH} CMAKE_PREFIX_PATH=/home/thomas/MobileRobot/ws_new/install/controller_manager:/home/thomas/MobileRobot/ws_new/install/hardware_interface_testing:/home/thomas/MobileRobot/ws_new/install/controller_interface:/home/thomas/MobileRobot/ws_new/install/hardware_interface:/home/thomas/MobileRobot/ws_new/install/joint_limits:/home/thomas/MobileRobot/ws_new/install/realtime_tools:/home/thomas/MobileRobot/ws_new/install/ros2_control_test_assets:/home/thomas/MobileRobot/ws_new/install/ros2_control_cmake:/home/thomas/MobileRobot/ws_new/install/controller_manager_msgs:/home/thomas/MobileRobot/ws_new/install/control_msgs:/home/thomas/MobileRobot/ws_new/install/my_kinematics_pkg:/home/thomas/MobileRobot/ws_new/install/mobile_robot:/home/thomas/MobileRobot/ws_new/install/backward:/opt/ros/jazzy/opt/gz_sim_vendor:/opt/ros/jazzy/opt/gz_sensors_vendor:/opt/ros/jazzy/opt/gz_physics_vendor:/opt/ros/jazzy/opt/sdformat_vendor:/opt/ros/jazzy/opt/gz_gui_vendor:/opt/ros/jazzy/opt/gz_transport_vendor:/opt/ros/jazzy/opt/gz_rendering_vendor:/opt/ros/jazzy/opt/gz_plugin_vendor:/opt/ros/jazzy/opt/gz_fuel_tools_vendor:/opt/ros/jazzy/opt/gz_msgs_vendor:/opt/ros/jazzy/opt/gz_common_vendor:/opt/ros/jazzy/opt/gz_math_vendor:/opt/ros/jazzy/opt/gz_utils_vendor:/opt/ros/jazzy/opt/gz_tools_vendor:/opt/ros/jazzy/opt/gz_ogre_next_vendor:/opt/ros/jazzy/opt/gz_dartsim_vendor:/opt/ros/jazzy/opt/gz_cmake_vendor:/home/thomas/dev_ws/install/basic_mobile_robot:/home/thomas/MobileRobot/ws_new/install/publisher_subscriber:/opt/ros/jazzy DEBUGINFOD_URLS=https://debuginfod.ubuntu.com LD_LIBRARY_PATH=/home/thomas/MobileRobot/ws_new/install/controller_manager/lib:/home/thomas/MobileRobot/ws_new/install/hardware_interface_testing/lib:/home/thomas/MobileRobot/ws_new/install/controller_interface/lib:/home/thomas/MobileRobot/ws_new/install/hardware_interface/lib:/home/thomas/MobileRobot/ws_new/install/joint_limits/lib:/home/thomas/MobileRobot/ws_new/install/realtime_tools/lib:/home/thomas/MobileRobot/ws_new/install/ros2_control_test_assets/lib:/home/thomas/MobileRobot/ws_new/install/controller_manager_msgs/lib:/home/thomas/MobileRobot/ws_new/install/control_msgs/lib:${LD_LIBRARY_PATH} PYTHONPATH=/home/thomas/MobileRobot/ws_new/install/controller_manager/lib/python3.12/site-packages:/home/thomas/MobileRobot/ws_new/install/controller_manager_msgs/lib/python3.12/site-packages:/home/thomas/MobileRobot/ws_new/install/control_msgs/lib/python3.12/site-packages:${PYTHONPATH} /usr/bin/cmake /home/thomas/MobileRobot/ws_new/src/ros-controls/ros2_controllers/mecanum_drive_controller -DAMENT_CMAKE_SYMLINK_INSTALL=1 -DCMAKE_INSTALL_PREFIX=/home/thomas/MobileRobot/ws_new/install/mecanum_drive_controller
[7.126s] Invoking command in '/home/thomas/MobileRobot/ws_new/build/mecanum_drive_controller': AMENT_PREFIX_PATH=/home/thomas/MobileRobot/ws_new/install/controller_manager:/home/thomas/MobileRobot/ws_new/install/hardware_interface_testing:/home/thomas/MobileRobot/ws_new/install/controller_interface:/home/thomas/MobileRobot/ws_new/install/hardware_interface:/home/thomas/MobileRobot/ws_new/install/joint_limits:/home/thomas/MobileRobot/ws_new/install/realtime_tools:/home/thomas/MobileRobot/ws_new/install/ros2_control_test_assets:/home/thomas/MobileRobot/ws_new/install/ros2_control_cmake:/home/thomas/MobileRobot/ws_new/install/controller_manager_msgs:/home/thomas/MobileRobot/ws_new/install/control_msgs:${AMENT_PREFIX_PATH} CMAKE_PREFIX_PATH=/home/thomas/MobileRobot/ws_new/install/controller_manager:/home/thomas/MobileRobot/ws_new/install/hardware_interface_testing:/home/thomas/MobileRobot/ws_new/install/controller_interface:/home/thomas/MobileRobot/ws_new/install/hardware_interface:/home/thomas/MobileRobot/ws_new/install/joint_limits:/home/thomas/MobileRobot/ws_new/install/realtime_tools:/home/thomas/MobileRobot/ws_new/install/ros2_control_test_assets:/home/thomas/MobileRobot/ws_new/install/ros2_control_cmake:/home/thomas/MobileRobot/ws_new/install/controller_manager_msgs:/home/thomas/MobileRobot/ws_new/install/control_msgs:/home/thomas/MobileRobot/ws_new/install/my_kinematics_pkg:/home/thomas/MobileRobot/ws_new/install/mobile_robot:/home/thomas/MobileRobot/ws_new/install/backward:/opt/ros/jazzy/opt/gz_sim_vendor:/opt/ros/jazzy/opt/gz_sensors_vendor:/opt/ros/jazzy/opt/gz_physics_vendor:/opt/ros/jazzy/opt/sdformat_vendor:/opt/ros/jazzy/opt/gz_gui_vendor:/opt/ros/jazzy/opt/gz_transport_vendor:/opt/ros/jazzy/opt/gz_rendering_vendor:/opt/ros/jazzy/opt/gz_plugin_vendor:/opt/ros/jazzy/opt/gz_fuel_tools_vendor:/opt/ros/jazzy/opt/gz_msgs_vendor:/opt/ros/jazzy/opt/gz_common_vendor:/opt/ros/jazzy/opt/gz_math_vendor:/opt/ros/jazzy/opt/gz_utils_vendor:/opt/ros/jazzy/opt/gz_tools_vendor:/opt/ros/jazzy/opt/gz_ogre_next_vendor:/opt/ros/jazzy/opt/gz_dartsim_vendor:/opt/ros/jazzy/opt/gz_cmake_vendor:/home/thomas/dev_ws/install/basic_mobile_robot:/home/thomas/MobileRobot/ws_new/install/publisher_subscriber:/opt/ros/jazzy DEBUGINFOD_URLS=https://debuginfod.ubuntu.com LD_LIBRARY_PATH=/home/thomas/MobileRobot/ws_new/install/controller_manager/lib:/home/thomas/MobileRobot/ws_new/install/hardware_interface_testing/lib:/home/thomas/MobileRobot/ws_new/install/controller_interface/lib:/home/thomas/MobileRobot/ws_new/install/hardware_interface/lib:/home/thomas/MobileRobot/ws_new/install/joint_limits/lib:/home/thomas/MobileRobot/ws_new/install/realtime_tools/lib:/home/thomas/MobileRobot/ws_new/install/ros2_control_test_assets/lib:/home/thomas/MobileRobot/ws_new/install/controller_manager_msgs/lib:/home/thomas/MobileRobot/ws_new/install/control_msgs/lib:${LD_LIBRARY_PATH} PYTHONPATH=/home/thomas/MobileRobot/ws_new/install/controller_manager/lib/python3.12/site-packages:/home/thomas/MobileRobot/ws_new/install/controller_manager_msgs/lib/python3.12/site-packages:/home/thomas/MobileRobot/ws_new/install/control_msgs/lib/python3.12/site-packages:${PYTHONPATH} /usr/bin/cmake --build /home/thomas/MobileRobot/ws_new/build/mecanum_drive_controller -- -j8 -l8
[11.638s] [  6%] [34m[1mRunning `/opt/ros/jazzy/bin/generate_parameter_library_cpp /home/thomas/MobileRobot/ws_new/build/mecanum_drive_controller/include/mecanum_drive_controller/mecanum_drive_controller_parameters.hpp /home/thomas/MobileRobot/ws_new/src/ros-controls/ros2_controllers/mecanum_drive_controller/src/mecanum_drive_controller.yaml `[0m
[11.638s] [ 12%] [34m[1mCreating deprecated header file /home/thomas/MobileRobot/ws_new/build/mecanum_drive_controller/include/mecanum_drive_controller_parameters.hpp[0m
[11.638s] [ 12%] Built target mecanum_drive_controller_parameters
[11.639s] [ 18%] [32mBuilding CXX object gmock/CMakeFiles/gmock.dir/opt/ros/jazzy/src/gtest_vendor/src/gtest-all.cc.o[0m
[19.759s] [ 25%] [32mBuilding CXX object gmock/CMakeFiles/gmock.dir/src/gmock-all.cc.o[0m
[23.637s] [ 31%] [32m[1mLinking CXX static library libgmock.a[0m
[23.809s] [ 31%] Built target gmock
[23.868s] [ 37%] [32mBuilding CXX object CMakeFiles/mecanum_drive_controller.dir/src/mecanum_drive_controller.cpp.o[0m
[31.114s] [01m[K/home/thomas/MobileRobot/ws_new/src/ros-controls/ros2_controllers/mecanum_drive_controller/src/mecanum_drive_controller.cpp:[m[K In member function â€˜[01m[Kvirtual controller_interface::return_type mecanum_drive_controller::MecanumDriveController::[01;32m[Kupdate_and_write_commands[m[K(const rclcpp::Time&, const rclcpp::Duration&)[m[Kâ€™:
[31.114s] [01m[K/home/thomas/MobileRobot/ws_new/src/ros-controls/ros2_controllers/mecanum_drive_controller/src/mecanum_drive_controller.cpp:385:84:[m[K [01;35m[Kwarning: [m[Kâ€˜[01m[Kdouble hardware_interface::LoanedStateInterface::[01;32m[Kget_value[m[K() const[m[Kâ€™ is deprecated: Use std::optional<T> get_optional() instead to retrieve the value. This method will be removed by the ROS 2 Kilted Kaiju release. [[01;35m[K]8;;https://gcc.gnu.org/onlinedocs/gcc/Warning-Options.html#index-Wdeprecated-declarations-Wdeprecated-declarations]8;;[m[K]
[31.114s]   385 |   const double wheel_front_left_state_vel = [01;35m[Kstate_interfaces_[FRONT_LEFT].get_value()[m[K;
[31.114s]       |                                             [01;35m[K~~~~~~~~~~~~~~~~~~~~~~~~~~~~~~~~~~~~~~~^~[m[K
[31.118s] In file included from [01m[K/home/thomas/MobileRobot/ws_new/install/controller_interface/include/controller_interface/controller_interface/controller_interface_base.hpp:28[m[K,
[31.118s]                  from [01m[K/home/thomas/MobileRobot/ws_new/install/controller_interface/include/controller_interface/controller_interface/chainable_controller_interface.hpp:23[m[K,
[31.119s]                  from [01m[K/home/thomas/MobileRobot/ws_new/src/ros-controls/ros2_controllers/mecanum_drive_controller/include/mecanum_drive_controller/mecanum_drive_controller.hpp:27[m[K,
[31.119s]                  from [01m[K/home/thomas/MobileRobot/ws_new/src/ros-controls/ros2_controllers/mecanum_drive_controller/src/mecanum_drive_controller.cpp:15[m[K:
[31.119s] [01m[K/home/thomas/MobileRobot/ws_new/install/hardware_interface/include/hardware_interface/hardware_interface/loaned_state_interface.hpp:94:10:[m[K [01;36m[Knote: [m[Kdeclared here
[31.119s]    94 |   double [01;36m[Kget_value[m[K() const
[31.119s]       |          [01;36m[K^~~~~~~~~[m[K
[31.120s] [01m[K/home/thomas/MobileRobot/ws_new/src/ros-controls/ros2_controllers/mecanum_drive_controller/src/mecanum_drive_controller.cpp:386:86:[m[K [01;35m[Kwarning: [m[Kâ€˜[01m[Kdouble hardware_interface::LoanedStateInterface::[01;32m[Kget_value[m[K() const[m[Kâ€™ is deprecated: Use std::optional<T> get_optional() instead to retrieve the value. This method will be removed by the ROS 2 Kilted Kaiju release. [[01;35m[K]8;;https://gcc.gnu.org/onlinedocs/gcc/Warning-Options.html#index-Wdeprecated-declarations-Wdeprecated-declarations]8;;[m[K]
[31.120s]   386 |   const double wheel_front_right_state_vel = [01;35m[Kstate_interfaces_[FRONT_RIGHT].get_value()[m[K;
[31.120s]       |                                              [01;35m[K~~~~~~~~~~~~~~~~~~~~~~~~~~~~~~~~~~~~~~~~^~[m[K
[31.120s] [01m[K/home/thomas/MobileRobot/ws_new/install/hardware_interface/include/hardware_interface/hardware_interface/loaned_state_interface.hpp:94:10:[m[K [01;36m[Knote: [m[Kdeclared here
[31.120s]    94 |   double [01;36m[Kget_value[m[K() const
[31.120s]       |          [01;36m[K^~~~~~~~~[m[K
[31.121s] [01m[K/home/thomas/MobileRobot/ws_new/src/ros-controls/ros2_controllers/mecanum_drive_controller/src/mecanum_drive_controller.cpp:387:84:[m[K [01;35m[Kwarning: [m[Kâ€˜[01m[Kdouble hardware_interface::LoanedStateInterface::[01;32m[Kget_value[m[K() const[m[Kâ€™ is deprecated: Use std::optional<T> get_optional() instead to retrieve the value. This method will be removed by the ROS 2 Kilted Kaiju release. [[01;35m[K]8;;https://gcc.gnu.org/onlinedocs/gcc/Warning-Options.html#index-Wdeprecated-declarations-Wdeprecated-declarations]8;;[m[K]
[31.125s]   387 |   const double wheel_rear_right_state_vel = [01;35m[Kstate_interfaces_[REAR_RIGHT].get_value()[m[K;
[31.125s]       |                                             [01;35m[K~~~~~~~~~~~~~~~~~~~~~~~~~~~~~~~~~~~~~~~^~[m[K
[31.126s] [01m[K/home/thomas/MobileRobot/ws_new/install/hardware_interface/include/hardware_interface/hardware_interface/loaned_state_interface.hpp:94:10:[m[K [01;36m[Knote: [m[Kdeclared here
[31.126s]    94 |   double [01;36m[Kget_value[m[K() const
[31.126s]       |          [01;36m[K^~~~~~~~~[m[K
[31.127s] [01m[K/home/thomas/MobileRobot/ws_new/src/ros-controls/ros2_controllers/mecanum_drive_controller/src/mecanum_drive_controller.cpp:388:82:[m[K [01;35m[Kwarning: [m[Kâ€˜[01m[Kdouble hardware_interface::LoanedStateInterface::[01;32m[Kget_value[m[K() const[m[Kâ€™ is deprecated: Use std::optional<T> get_optional() instead to retrieve the value. This method will be removed by the ROS 2 Kilted Kaiju release. [[01;35m[K]8;;https://gcc.gnu.org/onlinedocs/gcc/Warning-Options.html#index-Wdeprecated-declarations-Wdeprecated-declarations]8;;[m[K]
[31.128s]   388 |   const double wheel_rear_left_state_vel = [01;35m[Kstate_interfaces_[REAR_LEFT].get_value()[m[K;
[31.128s]       |                                            [01;35m[K~~~~~~~~~~~~~~~~~~~~~~~~~~~~~~~~~~~~~~^~[m[K
[31.128s] [01m[K/home/thomas/MobileRobot/ws_new/install/hardware_interface/include/hardware_interface/hardware_interface/loaned_state_interface.hpp:94:10:[m[K [01;36m[Knote: [m[Kdeclared here
[31.128s]    94 |   double [01;36m[Kget_value[m[K() const
[31.128s]       |          [01;36m[K^~~~~~~~~[m[K
[31.129s] [01m[K/home/thomas/MobileRobot/ws_new/src/ros-controls/ros2_controllers/mecanum_drive_controller/src/mecanum_drive_controller.cpp:508:46:[m[K [01;35m[Kwarning: [m[Kâ€˜[01m[Kdouble hardware_interface::LoanedStateInterface::[01;32m[Kget_value[m[K() const[m[Kâ€™ is deprecated: Use std::optional<T> get_optional() instead to retrieve the value. This method will be removed by the ROS 2 Kilted Kaiju release. [[01;35m[K]8;;https://gcc.gnu.org/onlinedocs/gcc/Warning-Options.html#index-Wdeprecated-declarations-Wdeprecated-declarations]8;;[m[K]
[31.129s]   508 |       [01;35m[Kstate_interfaces_[FRONT_LEFT].get_value()[m[K;
[31.129s]       |       [01;35m[K~~~~~~~~~~~~~~~~~~~~~~~~~~~~~~~~~~~~~~~^~[m[K
[31.129s] [01m[K/home/thomas/MobileRobot/ws_new/install/hardware_interface/include/hardware_interface/hardware_interface/loaned_state_interface.hpp:94:10:[m[K [01;36m[Knote: [m[Kdeclared here
[31.129s]    94 |   double [01;36m[Kget_value[m[K() const
[31.130s]       |          [01;36m[K^~~~~~~~~[m[K
[31.130s] [01m[K/home/thomas/MobileRobot/ws_new/src/ros-controls/ros2_controllers/mecanum_drive_controller/src/mecanum_drive_controller.cpp:510:47:[m[K [01;35m[Kwarning: [m[Kâ€˜[01m[Kdouble hardware_interface::LoanedStateInterface::[01;32m[Kget_value[m[K() const[m[Kâ€™ is deprecated: Use std::optional<T> get_optional() instead to retrieve the value. This method will be removed by the ROS 2 Kilted Kaiju release. [[01;35m[K]8;;https://gcc.gnu.org/onlinedocs/gcc/Warning-Options.html#index-Wdeprecated-declarations-Wdeprecated-declarations]8;;[m[K]
[31.130s]   510 |       [01;35m[Kstate_interfaces_[FRONT_RIGHT].get_value()[m[K;
[31.130s]       |       [01;35m[K~~~~~~~~~~~~~~~~~~~~~~~~~~~~~~~~~~~~~~~~^~[m[K
[31.130s] [01m[K/home/thomas/MobileRobot/ws_new/install/hardware_interface/include/hardware_interface/hardware_interface/loaned_state_interface.hpp:94:10:[m[K [01;36m[Knote: [m[Kdeclared here
[31.130s]    94 |   double [01;36m[Kget_value[m[K() const
[31.131s]       |          [01;36m[K^~~~~~~~~[m[K
[31.131s] [01m[K/home/thomas/MobileRobot/ws_new/src/ros-controls/ros2_controllers/mecanum_drive_controller/src/mecanum_drive_controller.cpp:512:46:[m[K [01;35m[Kwarning: [m[Kâ€˜[01m[Kdouble hardware_interface::LoanedStateInterface::[01;32m[Kget_value[m[K() const[m[Kâ€™ is deprecated: Use std::optional<T> get_optional() instead to retrieve the value. This method will be removed by the ROS 2 Kilted Kaiju release. [[01;35m[K]8;;https://gcc.gnu.org/onlinedocs/gcc/Warning-Options.html#index-Wdeprecated-declarations-Wdeprecated-declarations]8;;[m[K]
[31.131s]   512 |       [01;35m[Kstate_interfaces_[REAR_RIGHT].get_value()[m[K;
[31.131s]       |       [01;35m[K~~~~~~~~~~~~~~~~~~~~~~~~~~~~~~~~~~~~~~~^~[m[K
[31.131s] [01m[K/home/thomas/MobileRobot/ws_new/install/hardware_interface/include/hardware_interface/hardware_interface/loaned_state_interface.hpp:94:10:[m[K [01;36m[Knote: [m[Kdeclared here
[31.132s]    94 |   double [01;36m[Kget_value[m[K() const
[31.132s]       |          [01;36m[K^~~~~~~~~[m[K
[31.132s] [01m[K/home/thomas/MobileRobot/ws_new/src/ros-controls/ros2_controllers/mecanum_drive_controller/src/mecanum_drive_controller.cpp:514:45:[m[K [01;35m[Kwarning: [m[Kâ€˜[01m[Kdouble hardware_interface::LoanedStateInterface::[01;32m[Kget_value[m[K() const[m[Kâ€™ is deprecated: Use std::optional<T> get_optional() instead to retrieve the value. This method will be removed by the ROS 2 Kilted Kaiju release. [[01;35m[K]8;;https://gcc.gnu.org/onlinedocs/gcc/Warning-Options.html#index-Wdeprecated-declarations-Wdeprecated-declarations]8;;[m[K]
[31.132s]   514 |       [01;35m[Kstate_interfaces_[REAR_LEFT].get_value()[m[K;
[31.132s]       |       [01;35m[K~~~~~~~~~~~~~~~~~~~~~~~~~~~~~~~~~~~~~~^~[m[K
[31.133s] [01m[K/home/thomas/MobileRobot/ws_new/install/hardware_interface/include/hardware_interface/hardware_interface/loaned_state_interface.hpp:94:10:[m[K [01;36m[Knote: [m[Kdeclared here
[31.133s]    94 |   double [01;36m[Kget_value[m[K() const
[31.134s]       |          [01;36m[K^~~~~~~~~[m[K
[67.993s] [ 43%] [32mBuilding CXX object CMakeFiles/mecanum_drive_controller.dir/src/odometry.cpp.o[0m
[86.620s] [ 50%] [32m[1mLinking CXX shared library libmecanum_drive_controller.so[0m
[93.233s] [ 50%] Built target mecanum_drive_controller
[93.286s] [ 56%] [32mBuilding CXX object gmock/CMakeFiles/gmock_main.dir/src/gmock_main.cc.o[0m
[95.616s] [ 62%] [32m[1mLinking CXX static library libgmock_main.a[0m
[95.689s] [ 62%] Built target gmock_main
[96.374s] [ 68%] [32mBuilding CXX object CMakeFiles/test_mecanum_drive_controller_preceding.dir/test/test_mecanum_drive_controller_preceding.cpp.o[0m
[110.534s] [ 75%] [32m[1mLinking CXX executable test_mecanum_drive_controller_preceding[0m
[114.665s] [ 75%] Built target test_mecanum_drive_controller_preceding
[114.754s] [ 81%] [32mBuilding CXX object CMakeFiles/test_load_mecanum_drive_controller.dir/test/test_load_mecanum_drive_controller.cpp.o[0m
[125.013s] [ 87%] [32m[1mLinking CXX executable test_load_mecanum_drive_controller[0m
[127.151s] [ 87%] Built target test_load_mecanum_drive_controller
[127.963s] [ 93%] [32mBuilding CXX object CMakeFiles/test_mecanum_drive_controller.dir/test/test_mecanum_drive_controller.cpp.o[0m
[132.014s] In file included from [01m[K/opt/ros/jazzy/src/gtest_vendor/include/gtest/gtest.h:72[m[K,
[132.014s]                  from [01m[K/opt/ros/jazzy/src/gmock_vendor/include/gmock/internal/gmock-internal-utils.h:50[m[K,
[132.014s]                  from [01m[K/opt/ros/jazzy/src/gmock_vendor/include/gmock/gmock-actions.h:145[m[K,
[132.014s]                  from [01m[K/opt/ros/jazzy/src/gmock_vendor/include/gmock/gmock.h:56[m[K,
[132.014s]                  from [01m[K/home/thomas/MobileRobot/ws_new/src/ros-controls/ros2_controllers/mecanum_drive_controller/test/test_mecanum_drive_controller.hpp:26[m[K,
[132.014s]                  from [01m[K/home/thomas/MobileRobot/ws_new/src/ros-controls/ros2_controllers/mecanum_drive_controller/test/test_mecanum_drive_controller.cpp:15[m[K:
[132.014s] [01m[K/home/thomas/MobileRobot/ws_new/src/ros-controls/ros2_controllers/mecanum_drive_controller/test/test_mecanum_drive_controller.cpp:[m[K In member function â€˜[01m[Kvirtual void MecanumDriveControllerTest_when_controller_is_reactivated_expect_cmd_itfs_not_set_and_update_success_Test::[01;32m[KTestBody[m[K()[m[Kâ€™:
[132.014s] [01m[K/home/thomas/MobileRobot/ws_new/src/ros-controls/ros2_controllers/mecanum_drive_controller/test/test_mecanum_drive_controller.cpp:164:72:[m[K [01;35m[Kwarning: [m[Kâ€˜[01m[Kdouble hardware_interface::LoanedCommandInterface::[01;32m[Kget_value[m[K() const[m[Kâ€™ is deprecated: Use std::optional<T> get_optional() instead to retrieve the value. This method will be removed by the ROS 2 Kilted Kaiju release. [[01;35m[K]8;;https://gcc.gnu.org/onlinedocs/gcc/Warning-Options.html#index-Wdeprecated-declarations-Wdeprecated-declarations]8;;[m[K]
[132.015s]   164 |   ASSERT_EQ([01;35m[Kcontroller_->command_interfaces_[NR_CMD_ITFS - 4].get_value()[m[K, 101.101);
[132.015s]       |             [01;35m[K~~~~~~~~~~~~~~~~~~~~~~~~~~~~~~~~~~~~~~~~~~~~~~~~~~~~~~~~~~~^~[m[K
[132.015s] [01m[K/opt/ros/jazzy/src/gtest_vendor/include/gtest/gtest_pred_impl.h:79:52:[m[K [01;36m[Knote: [m[Kin definition of macro â€˜[01m[KGTEST_ASSERT_[m[Kâ€™
[132.015s]    79 |   if (const ::testing::AssertionResult gtest_ar = ([01;36m[Kexpression[m[K)) \
[132.015s]       |                                                    [01;36m[K^~~~~~~~~~[m[K
[132.015s] [01m[K/opt/ros/jazzy/src/gtest_vendor/include/gtest/gtest_pred_impl.h:148:3:[m[K [01;36m[Knote: [m[Kin expansion of macro â€˜[01m[KGTEST_PRED_FORMAT2_[m[Kâ€™
[132.015s]   148 |   [01;36m[KGTEST_PRED_FORMAT2_[m[K(pred_format, v1, v2, GTEST_FATAL_FAILURE_)
[132.015s]       |   [01;36m[K^~~~~~~~~~~~~~~~~~~[m[K
[132.015s] [01m[K/opt/ros/jazzy/src/gtest_vendor/include/gtest/gtest.h:1882:3:[m[K [01;36m[Knote: [m[Kin expansion of macro â€˜[01m[KASSERT_PRED_FORMAT2[m[Kâ€™
[132.016s]  1882 |   [01;36m[KASSERT_PRED_FORMAT2[m[K(::testing::internal::EqHelper::Compare, val1, val2)
[132.016s]       |   [01;36m[K^~~~~~~~~~~~~~~~~~~[m[K
[132.016s] [01m[K/opt/ros/jazzy/src/gtest_vendor/include/gtest/gtest.h:1898:31:[m[K [01;36m[Knote: [m[Kin expansion of macro â€˜[01m[KGTEST_ASSERT_EQ[m[Kâ€™
[132.016s]  1898 | #define ASSERT_EQ(val1, val2) [01;36m[KGTEST_ASSERT_EQ[m[K(val1, val2)
[132.016s]       |                               [01;36m[K^~~~~~~~~~~~~~~[m[K
[132.016s] [01m[K/home/thomas/MobileRobot/ws_new/src/ros-controls/ros2_controllers/mecanum_drive_controller/test/test_mecanum_drive_controller.cpp:164:3:[m[K [01;36m[Knote: [m[Kin expansion of macro â€˜[01m[KASSERT_EQ[m[Kâ€™
[132.016s]   164 |   [01;36m[KASSERT_EQ[m[K(controller_->command_interfaces_[NR_CMD_ITFS - 4].get_value(), 101.101);
[132.016s]       |   [01;36m[K^~~~~~~~~[m[K
[132.016s] In file included from [01m[K/home/thomas/MobileRobot/ws_new/src/ros-controls/ros2_controllers/mecanum_drive_controller/test/test_mecanum_drive_controller.hpp:27[m[K:
[132.016s] [01m[K/home/thomas/MobileRobot/ws_new/install/hardware_interface/include/hardware_interface/hardware_interface/loaned_command_interface.hpp:134:10:[m[K [01;36m[Knote: [m[Kdeclared here
[132.016s]   134 |   double [01;36m[Kget_value[m[K() const
[132.016s]       |          [01;36m[K^~~~~~~~~[m[K
[132.017s] In file included from [01m[K/opt/ros/jazzy/src/gtest_vendor/include/gtest/gtest-printers.h:122[m[K,
[132.017s]                  from [01m[K/opt/ros/jazzy/src/gtest_vendor/include/gtest/gtest-matchers.h:49[m[K,
[132.017s]                  from [01m[K/opt/ros/jazzy/src/gtest_vendor/include/gtest/internal/gtest-death-test-internal.h:47[m[K,
[132.017s]                  from [01m[K/opt/ros/jazzy/src/gtest_vendor/include/gtest/gtest-death-test.h:43[m[K,
[132.017s]                  from [01m[K/opt/ros/jazzy/src/gtest_vendor/include/gtest/gtest.h:65[m[K:
[132.017s] [01m[K/home/thomas/MobileRobot/ws_new/src/ros-controls/ros2_controllers/mecanum_drive_controller/test/test_mecanum_drive_controller.cpp:166:85:[m[K [01;35m[Kwarning: [m[Kâ€˜[01m[Kdouble hardware_interface::LoanedCommandInterface::[01;32m[Kget_value[m[K() const[m[Kâ€™ is deprecated: Use std::optional<T> get_optional() instead to retrieve the value. This method will be removed by the ROS 2 Kilted Kaiju release. [[01;35m[K]8;;https://gcc.gnu.org/onlinedocs/gcc/Warning-Options.html#index-Wdeprecated-declarations-Wdeprecated-declarations]8;;[m[K]
[132.017s]   166 |   ASSERT_TRUE(std::isnan([01;35m[Kcontroller_->command_interfaces_[NR_CMD_ITFS - 4].get_value()[m[K));
[132.017s]       |                          [01;35m[K~~~~~~~~~~~~~~~~~~~~~~~~~~~~~~~~~~~~~~~~~~~~~~~~~~~~~~~~~~~^~[m[K
[132.017s] [01m[K/opt/ros/jazzy/src/gtest_vendor/include/gtest/internal/gtest-internal.h:1493:38:[m[K [01;36m[Knote: [m[Kin definition of macro â€˜[01m[KGTEST_TEST_BOOLEAN_[m[Kâ€™
[132.017s]  1493 |           ::testing::AssertionResult([01;36m[Kexpression[m[K))                     \
[132.017s]       |                                      [01;36m[K^~~~~~~~~~[m[K
[132.017s] [01m[K/opt/ros/jazzy/src/gtest_vendor/include/gtest/gtest.h:1815:32:[m[K [01;36m[Knote: [m[Kin expansion of macro â€˜[01m[KGTEST_ASSERT_TRUE[m[Kâ€™
[132.017s]  1815 | #define ASSERT_TRUE(condition) [01;36m[KGTEST_ASSERT_TRUE[m[K(condition)
[132.018s]       |                                [01;36m[K^~~~~~~~~~~~~~~~~[m[K
[132.018s] [01m[K/home/thomas/MobileRobot/ws_new/src/ros-controls/ros2_controllers/mecanum_drive_controller/test/test_mecanum_drive_controller.cpp:166:3:[m[K [01;36m[Knote: [m[Kin expansion of macro â€˜[01m[KASSERT_TRUE[m[Kâ€™
[132.018s]   166 |   [01;36m[KASSERT_TRUE[m[K(std::isnan(controller_->command_interfaces_[NR_CMD_ITFS - 4].get_value()));
[132.018s]       |   [01;36m[K^~~~~~~~~~~[m[K
[132.018s] [01m[K/home/thomas/MobileRobot/ws_new/install/hardware_interface/include/hardware_interface/hardware_interface/loaned_command_interface.hpp:134:10:[m[K [01;36m[Knote: [m[Kdeclared here
[132.018s]   134 |   double [01;36m[Kget_value[m[K() const
[132.018s]       |          [01;36m[K^~~~~~~~~[m[K
[132.018s] [01m[K/home/thomas/MobileRobot/ws_new/src/ros-controls/ros2_controllers/mecanum_drive_controller/test/test_mecanum_drive_controller.cpp:168:85:[m[K [01;35m[Kwarning: [m[Kâ€˜[01m[Kdouble hardware_interface::LoanedCommandInterface::[01;32m[Kget_value[m[K() const[m[Kâ€™ is deprecated: Use std::optional<T> get_optional() instead to retrieve the value. This method will be removed by the ROS 2 Kilted Kaiju release. [[01;35m[K]8;;https://gcc.gnu.org/onlinedocs/gcc/Warning-Options.html#index-Wdeprecated-declarations-Wdeprecated-declarations]8;;[m[K]
[132.019s]   168 |   ASSERT_TRUE(std::isnan([01;35m[Kcontroller_->command_interfaces_[NR_CMD_ITFS - 4].get_value()[m[K));
[132.019s]       |                          [01;35m[K~~~~~~~~~~~~~~~~~~~~~~~~~~~~~~~~~~~~~~~~~~~~~~~~~~~~~~~~~~~^~[m[K
[132.019s] [01m[K/opt/ros/jazzy/src/gtest_vendor/include/gtest/internal/gtest-internal.h:1493:38:[m[K [01;36m[Knote: [m[Kin definition of macro â€˜[01m[KGTEST_TEST_BOOLEAN_[m[Kâ€™
[132.019s]  1493 |           ::testing::AssertionResult([01;36m[Kexpression[m[K))                     \
[132.019s]       |                                      [01;36m[K^~~~~~~~~~[m[K
[132.019s] [01m[K/opt/ros/jazzy/src/gtest_vendor/include/gtest/gtest.h:1815:32:[m[K [01;36m[Knote: [m[Kin expansion of macro â€˜[01m[KGTEST_ASSERT_TRUE[m[Kâ€™
[132.019s]  1815 | #define ASSERT_TRUE(condition) [01;36m[KGTEST_ASSERT_TRUE[m[K(condition)
[132.019s]       |                                [01;36m[K^~~~~~~~~~~~~~~~~[m[K
[132.019s] [01m[K/home/thomas/MobileRobot/ws_new/src/ros-controls/ros2_controllers/mecanum_drive_controller/test/test_mecanum_drive_controller.cpp:168:3:[m[K [01;36m[Knote: [m[Kin expansion of macro â€˜[01m[KASSERT_TRUE[m[Kâ€™
[132.019s]   168 |   [01;36m[KASSERT_TRUE[m[K(std::isnan(controller_->command_interfaces_[NR_CMD_ITFS - 4].get_value()));
[132.019s]       |   [01;36m[K^~~~~~~~~~~[m[K
[132.020s] [01m[K/home/thomas/MobileRobot/ws_new/install/hardware_interface/include/hardware_interface/hardware_interface/loaned_command_interface.hpp:134:10:[m[K [01;36m[Knote: [m[Kdeclared here
[132.020s]   134 |   double [01;36m[Kget_value[m[K() const
[132.020s]       |          [01;36m[K^~~~~~~~~[m[K
[132.048s] [01m[K/home/thomas/MobileRobot/ws_new/src/ros-controls/ros2_controllers/mecanum_drive_controller/test/test_mecanum_drive_controller.cpp:[m[K In member function â€˜[01m[Kvirtual void MecanumDriveControllerTest_when_ref_msg_old_expect_cmnd_itfs_set_to_zero_otherwise_to_valid_cmnds_Test::[01;32m[KTestBody[m[K()[m[Kâ€™:
[132.048s] [01m[K/home/thomas/MobileRobot/ws_new/src/ros-controls/ros2_controllers/mecanum_drive_controller/test/test_mecanum_drive_controller.cpp:386:60:[m[K [01;35m[Kwarning: [m[Kâ€˜[01m[Kdouble hardware_interface::LoanedCommandInterface::[01;32m[Kget_value[m[K() const[m[Kâ€™ is deprecated: Use std::optional<T> get_optional() instead to retrieve the value. This method will be removed by the ROS 2 Kilted Kaiju release. [[01;35m[K]8;;https://gcc.gnu.org/onlinedocs/gcc/Warning-Options.html#index-Wdeprecated-declarations-Wdeprecated-declarations]8;;[m[K]
[132.048s]   386 |     EXPECT_EQ([01;35m[Kcontroller_->command_interfaces_[i].get_value()[m[K, 0.0);
[132.048s]       |               [01;35m[K~~~~~~~~~~~~~~~~~~~~~~~~~~~~~~~~~~~~~~~~~~~~~^~[m[K
[132.048s] [01m[K/opt/ros/jazzy/src/gtest_vendor/include/gtest/gtest_pred_impl.h:79:52:[m[K [01;36m[Knote: [m[Kin definition of macro â€˜[01m[KGTEST_ASSERT_[m[Kâ€™
[132.048s]    79 |   if (const ::testing::AssertionResult gtest_ar = ([01;36m[Kexpression[m[K)) \
[132.049s]       |                                                    [01;36m[K^~~~~~~~~~[m[K
[132.049s] [01m[K/opt/ros/jazzy/src/gtest_vendor/include/gtest/gtest_pred_impl.h:144:3:[m[K [01;36m[Knote: [m[Kin expansion of macro â€˜[01m[KGTEST_PRED_FORMAT2_[m[Kâ€™
[132.049s]   144 |   [01;36m[KGTEST_PRED_FORMAT2_[m[K(pred_format, v1, v2, GTEST_NONFATAL_FAILURE_)
[132.049s]       |   [01;36m[K^~~~~~~~~~~~~~~~~~~[m[K
[132.049s] [01m[K/opt/ros/jazzy/src/gtest_vendor/include/gtest/gtest.h:1869:3:[m[K [01;36m[Knote: [m[Kin expansion of macro â€˜[01m[KEXPECT_PRED_FORMAT2[m[Kâ€™
[132.049s]  1869 |   [01;36m[KEXPECT_PRED_FORMAT2[m[K(::testing::internal::EqHelper::Compare, val1, val2)
[132.049s]       |   [01;36m[K^~~~~~~~~~~~~~~~~~~[m[K
[132.049s] [01m[K/home/thomas/MobileRobot/ws_new/src/ros-controls/ros2_controllers/mecanum_drive_controller/test/test_mecanum_drive_controller.cpp:386:5:[m[K [01;36m[Knote: [m[Kin expansion of macro â€˜[01m[KEXPECT_EQ[m[Kâ€™
[132.049s]   386 |     [01;36m[KEXPECT_EQ[m[K(controller_->command_interfaces_[i].get_value(), 0.0);
[132.049s]       |     [01;36m[K^~~~~~~~~[m[K
[132.049s] [01m[K/home/thomas/MobileRobot/ws_new/install/hardware_interface/include/hardware_interface/hardware_interface/loaned_command_interface.hpp:134:10:[m[K [01;36m[Knote: [m[Kdeclared here
[132.050s]   134 |   double [01;36m[Kget_value[m[K() const
[132.050s]       |          [01;36m[K^~~~~~~~~[m[K
[132.052s] [01m[K/home/thomas/MobileRobot/ws_new/src/ros-controls/ros2_controllers/mecanum_drive_controller/test/test_mecanum_drive_controller.cpp:425:60:[m[K [01;35m[Kwarning: [m[Kâ€˜[01m[Kdouble hardware_interface::LoanedCommandInterface::[01;32m[Kget_value[m[K() const[m[Kâ€™ is deprecated: Use std::optional<T> get_optional() instead to retrieve the value. This method will be removed by the ROS 2 Kilted Kaiju release. [[01;35m[K]8;;https://gcc.gnu.org/onlinedocs/gcc/Warning-Options.html#index-Wdeprecated-declarations-Wdeprecated-declarations]8;;[m[K]
[132.052s]   425 |     EXPECT_EQ([01;35m[Kcontroller_->command_interfaces_[i].get_value()[m[K, 3.0);
[132.052s]       |               [01;35m[K~~~~~~~~~~~~~~~~~~~~~~~~~~~~~~~~~~~~~~~~~~~~~^~[m[K
[132.052s] [01m[K/opt/ros/jazzy/src/gtest_vendor/include/gtest/gtest_pred_impl.h:79:52:[m[K [01;36m[Knote: [m[Kin definition of macro â€˜[01m[KGTEST_ASSERT_[m[Kâ€™
[132.052s]    79 |   if (const ::testing::AssertionResult gtest_ar = ([01;36m[Kexpression[m[K)) \
[132.052s]       |                                                    [01;36m[K^~~~~~~~~~[m[K
[132.053s] [01m[K/opt/ros/jazzy/src/gtest_vendor/include/gtest/gtest_pred_impl.h:144:3:[m[K [01;36m[Knote: [m[Kin expansion of macro â€˜[01m[KGTEST_PRED_FORMAT2_[m[Kâ€™
[132.053s]   144 |   [01;36m[KGTEST_PRED_FORMAT2_[m[K(pred_format, v1, v2, GTEST_NONFATAL_FAILURE_)
[132.053s]       |   [01;36m[K^~~~~~~~~~~~~~~~~~~[m[K
[132.053s] [01m[K/opt/ros/jazzy/src/gtest_vendor/include/gtest/gtest.h:1869:3:[m[K [01;36m[Knote: [m[Kin expansion of macro â€˜[01m[KEXPECT_PRED_FORMAT2[m[Kâ€™
[132.053s]  1869 |   [01;36m[KEXPECT_PRED_FORMAT2[m[K(::testing::internal::EqHelper::Compare, val1, val2)
[132.053s]       |   [01;36m[K^~~~~~~~~~~~~~~~~~~[m[K
[132.054s] [01m[K/home/thomas/MobileRobot/ws_new/src/ros-controls/ros2_controllers/mecanum_drive_controller/test/test_mecanum_drive_controller.cpp:425:5:[m[K [01;36m[Knote: [m[Kin expansion of macro â€˜[01m[KEXPECT_EQ[m[Kâ€™
[132.054s]   425 |     [01;36m[KEXPECT_EQ[m[K(controller_->command_interfaces_[i].get_value(), 3.0);
[132.054s]       |     [01;36m[K^~~~~~~~~[m[K
[132.054s] [01m[K/home/thomas/MobileRobot/ws_new/install/hardware_interface/include/hardware_interface/hardware_interface/loaned_command_interface.hpp:134:10:[m[K [01;36m[Knote: [m[Kdeclared here
[132.054s]   134 |   double [01;36m[Kget_value[m[K() const
[132.054s]       |          [01;36m[K^~~~~~~~~[m[K
[132.059s] [01m[K/home/thomas/MobileRobot/ws_new/src/ros-controls/ros2_controllers/mecanum_drive_controller/test/test_mecanum_drive_controller.cpp:[m[K In member function â€˜[01m[Kvirtual void MecanumDriveControllerTest_when_controller_in_chainable_mode_expect_receiving_commands_from_reference_interfaces_directly_Test::[01;32m[KTestBody[m[K()[m[Kâ€™:
[132.059s] [01m[K/home/thomas/MobileRobot/ws_new/src/ros-controls/ros2_controllers/mecanum_drive_controller/test/test_mecanum_drive_controller.cpp:484:60:[m[K [01;35m[Kwarning: [m[Kâ€˜[01m[Kdouble hardware_interface::LoanedCommandInterface::[01;32m[Kget_value[m[K() const[m[Kâ€™ is deprecated: Use std::optional<T> get_optional() instead to retrieve the value. This method will be removed by the ROS 2 Kilted Kaiju release. [[01;35m[K]8;;https://gcc.gnu.org/onlinedocs/gcc/Warning-Options.html#index-Wdeprecated-declarations-Wdeprecated-declarations]8;;[m[K]
[132.059s]   484 |     EXPECT_EQ([01;35m[Kcontroller_->command_interfaces_[i].get_value()[m[K, 6.0);
[132.059s]       |               [01;35m[K~~~~~~~~~~~~~~~~~~~~~~~~~~~~~~~~~~~~~~~~~~~~~^~[m[K
[132.060s] [01m[K/opt/ros/jazzy/src/gtest_vendor/include/gtest/gtest_pred_impl.h:79:52:[m[K [01;36m[Knote: [m[Kin definition of macro â€˜[01m[KGTEST_ASSERT_[m[Kâ€™
[132.060s]    79 |   if (const ::testing::AssertionResult gtest_ar = ([01;36m[Kexpression[m[K)) \
[132.060s]       |                                                    [01;36m[K^~~~~~~~~~[m[K
[132.060s] [01m[K/opt/ros/jazzy/src/gtest_vendor/include/gtest/gtest_pred_impl.h:144:3:[m[K [01;36m[Knote: [m[Kin expansion of macro â€˜[01m[KGTEST_PRED_FORMAT2_[m[Kâ€™
[132.060s]   144 |   [01;36m[KGTEST_PRED_FORMAT2_[m[K(pred_format, v1, v2, GTEST_NONFATAL_FAILURE_)
[132.060s]       |   [01;36m[K^~~~~~~~~~~~~~~~~~~[m[K
[132.060s] [01m[K/opt/ros/jazzy/src/gtest_vendor/include/gtest/gtest.h:1869:3:[m[K [01;36m[Knote: [m[Kin expansion of macro â€˜[01m[KEXPECT_PRED_FORMAT2[m[Kâ€™
[132.061s]  1869 |   [01;36m[KEXPECT_PRED_FORMAT2[m[K(::testing::internal::EqHelper::Compare, val1, val2)
[132.061s]       |   [01;36m[K^~~~~~~~~~~~~~~~~~~[m[K
[132.061s] [01m[K/home/thomas/MobileRobot/ws_new/src/ros-controls/ros2_controllers/mecanum_drive_controller/test/test_mecanum_drive_controller.cpp:484:5:[m[K [01;36m[Knote: [m[Kin expansion of macro â€˜[01m[KEXPECT_EQ[m[Kâ€™
[132.061s]   484 |     [01;36m[KEXPECT_EQ[m[K(controller_->command_interfaces_[i].get_value(), 6.0);
[132.061s]       |     [01;36m[K^~~~~~~~~[m[K
[132.062s] [01m[K/home/thomas/MobileRobot/ws_new/install/hardware_interface/include/hardware_interface/hardware_interface/loaned_command_interface.hpp:134:10:[m[K [01;36m[Knote: [m[Kdeclared here
[132.062s]   134 |   double [01;36m[Kget_value[m[K() const
[132.062s]       |          [01;36m[K^~~~~~~~~[m[K
[132.076s] [01m[K/home/thomas/MobileRobot/ws_new/src/ros-controls/ros2_controllers/mecanum_drive_controller/test/test_mecanum_drive_controller.cpp:[m[K In member function â€˜[01m[Kvirtual void MecanumDriveControllerTest_SideToSideAndRotationOdometryTest_Test::[01;32m[KTestBody[m[K()[m[Kâ€™:
[132.076s] [01m[K/home/thomas/MobileRobot/ws_new/src/ros-controls/ros2_controllers/mecanum_drive_controller/test/test_mecanum_drive_controller.cpp:635:89:[m[K [01;35m[Kwarning: [m[Kâ€˜[01m[Kdouble hardware_interface::LoanedCommandInterface::[01;32m[Kget_value[m[K() const[m[Kâ€™ is deprecated: Use std::optional<T> get_optional() instead to retrieve the value. This method will be removed by the ROS 2 Kilted Kaiju release. [[01;35m[K]8;;https://gcc.gnu.org/onlinedocs/gcc/Warning-Options.html#index-Wdeprecated-declarations-Wdeprecated-declarations]8;;[m[K]
[132.076s]   635 |     joint_state_values_[fl_index] = [01;35m[Kcontroller_->command_interfaces_[fl_index].get_value()[m[K;
[132.077s]       |                                     [01;35m[K~~~~~~~~~~~~~~~~~~~~~~~~~~~~~~~~~~~~~~~~~~~~~~~~~~~~^~[m[K
[132.077s] [01m[K/home/thomas/MobileRobot/ws_new/install/hardware_interface/include/hardware_interface/hardware_interface/loaned_command_interface.hpp:134:10:[m[K [01;36m[Knote: [m[Kdeclared here
[132.077s]   134 |   double [01;36m[Kget_value[m[K() const
[132.077s]       |          [01;36m[K^~~~~~~~~[m[K
[132.077s] [01m[K/home/thomas/MobileRobot/ws_new/src/ros-controls/ros2_controllers/mecanum_drive_controller/test/test_mecanum_drive_controller.cpp:636:89:[m[K [01;35m[Kwarning: [m[Kâ€˜[01m[Kdouble hardware_interface::LoanedCommandInterface::[01;32m[Kget_value[m[K() const[m[Kâ€™ is deprecated: Use std::optional<T> get_optional() instead to retrieve the value. This method will be removed by the ROS 2 Kilted Kaiju release. [[01;35m[K]8;;https://gcc.gnu.org/onlinedocs/gcc/Warning-Options.html#index-Wdeprecated-declarations-Wdeprecated-declarations]8;;[m[K]
[132.077s]   636 |     joint_state_values_[fr_index] = [01;35m[Kcontroller_->command_interfaces_[fr_index].get_value()[m[K;
[132.078s]       |                                     [01;35m[K~~~~~~~~~~~~~~~~~~~~~~~~~~~~~~~~~~~~~~~~~~~~~~~~~~~~^~[m[K
[132.078s] [01m[K/home/thomas/MobileRobot/ws_new/install/hardware_interface/include/hardware_interface/hardware_interface/loaned_command_interface.hpp:134:10:[m[K [01;36m[Knote: [m[Kdeclared here
[132.078s]   134 |   double [01;36m[Kget_value[m[K() const
[132.078s]       |          [01;36m[K^~~~~~~~~[m[K
[132.078s] [01m[K/home/thomas/MobileRobot/ws_new/src/ros-controls/ros2_controllers/mecanum_drive_controller/test/test_mecanum_drive_controller.cpp:637:89:[m[K [01;35m[Kwarning: [m[Kâ€˜[01m[Kdouble hardware_interface::LoanedCommandInterface::[01;32m[Kget_value[m[K() const[m[Kâ€™ is deprecated: Use std::optional<T> get_optional() instead to retrieve the value. This method will be removed by the ROS 2 Kilted Kaiju release. [[01;35m[K]8;;https://gcc.gnu.org/onlinedocs/gcc/Warning-Options.html#index-Wdeprecated-declarations-Wdeprecated-declarations]8;;[m[K]
[132.079s]   637 |     joint_state_values_[rl_index] = [01;35m[Kcontroller_->command_interfaces_[rl_index].get_value()[m[K;
[132.079s]       |                                     [01;35m[K~~~~~~~~~~~~~~~~~~~~~~~~~~~~~~~~~~~~~~~~~~~~~~~~~~~~^~[m[K
[132.079s] [01m[K/home/thomas/MobileRobot/ws_new/install/hardware_interface/include/hardware_interface/hardware_interface/loaned_command_interface.hpp:134:10:[m[K [01;36m[Knote: [m[Kdeclared here
[132.079s]   134 |   double [01;36m[Kget_value[m[K() const
[132.079s]       |          [01;36m[K^~~~~~~~~[m[K
[132.079s] [01m[K/home/thomas/MobileRobot/ws_new/src/ros-controls/ros2_controllers/mecanum_drive_controller/test/test_mecanum_drive_controller.cpp:638:89:[m[K [01;35m[Kwarning: [m[Kâ€˜[01m[Kdouble hardware_interface::LoanedCommandInterface::[01;32m[Kget_value[m[K() const[m[Kâ€™ is deprecated: Use std::optional<T> get_optional() instead to retrieve the value. This method will be removed by the ROS 2 Kilted Kaiju release. [[01;35m[K]8;;https://gcc.gnu.org/onlinedocs/gcc/Warning-Options.html#index-Wdeprecated-declarations-Wdeprecated-declarations]8;;[m[K]
[132.080s]   638 |     joint_state_values_[rr_index] = [01;35m[Kcontroller_->command_interfaces_[rr_index].get_value()[m[K;
[132.080s]       |                                     [01;35m[K~~~~~~~~~~~~~~~~~~~~~~~~~~~~~~~~~~~~~~~~~~~~~~~~~~~~^~[m[K
[132.080s] [01m[K/home/thomas/MobileRobot/ws_new/install/hardware_interface/include/hardware_interface/hardware_interface/loaned_command_interface.hpp:134:10:[m[K [01;36m[Knote: [m[Kdeclared here
[132.080s]   134 |   double [01;36m[Kget_value[m[K() const
[132.080s]       |          [01;36m[K^~~~~~~~~[m[K
[143.861s] [100%] [32m[1mLinking CXX executable test_mecanum_drive_controller[0m
[145.213s] [100%] Built target test_mecanum_drive_controller
